2024-11-18 09:55:40.8648|INFO|Executing endpoint 'HTTP: POST /addStamper' 
2024-11-18 09:56:50.5367|INFO|Executing endpoint 'HTTP: POST /addStamper' 
2024-11-18 09:57:50.1765|INFO|Executing endpoint 'HTTP: POST /addStamper' 
2024-11-18 09:58:47.3577|INFO|Executing endpoint 'HTTP: POST /addStamper' 
2024-11-18 09:59:48.1374|INFO|Executing endpoint 'HTTP: POST /addStamper' 
2024-11-18 10:01:17.7182|INFO|Executing endpoint 'HTTP: POST /searchTextChunk' 
2024-11-18 10:01:37.7843|INFO|Executed endpoint 'HTTP: POST /searchTextChunk' 
2024-11-18 10:16:50.6122|INFO|Executing endpoint 'HTTP: POST /searchMultiTextAddImgToPdf' 
2024-11-18 10:17:05.7448|INFO|Executed endpoint 'HTTP: POST /searchMultiTextAddImgToPdf' 
2024-11-18 10:17:28.7670|INFO|Executing endpoint 'HTTP: POST /searchMultiTextAddImgToPdf' 
2024-11-18 10:17:56.9448|INFO|Executed endpoint 'HTTP: POST /searchMultiTextAddImgToPdf' 
2024-11-18 10:18:34.2506|INFO|Executing endpoint 'HTTP: POST /searchMultiTextAddImgToPdf' 
2024-11-18 10:19:31.0473|INFO|Executed endpoint 'HTTP: POST /searchMultiTextAddImgToPdf' 
2024-11-18 10:20:45.6894|INFO|Executing endpoint 'HTTP: POST /searchMultiTextAddImgToPdf' 
2024-11-18 10:29:04.9413|INFO|Executing endpoint 'HTTP: POST /searchMultiTextAddImgToPdf' 
2024-11-18 10:29:51.2780|INFO|Executed endpoint 'HTTP: POST /searchMultiTextAddImgToPdf' 
2024-11-18 10:38:01.7957|INFO|Executing endpoint 'HTTP: POST /searchMultiTextAddImgToPdf' 
2024-11-18 10:38:29.3765|INFO|Executed endpoint 'HTTP: POST /searchMultiTextAddImgToPdf' 
2024-11-18 10:39:24.8114|INFO|Executing endpoint 'HTTP: POST /searchMultiTextChunkAddImgToPdf' 
2024-11-18 10:39:29.2455|INFO|Executed endpoint 'HTTP: POST /searchMultiTextChunkAddImgToPdf' 
2024-11-18 10:44:00.7551|INFO|Executing endpoint 'HTTP: POST /getText' 
2024-11-18 10:44:00.8219|INFO|Executed endpoint 'HTTP: POST /getText' 
2024-11-18 10:45:49.9700|INFO|Executing endpoint 'HTTP: POST /getTextLine' 
2024-11-18 10:45:49.9863|INFO|Executed endpoint 'HTTP: POST /getTextLine' 
2024-11-18 10:48:31.6802|INFO|Executing endpoint 'HTTP: POST /getTextChunk' 
2024-11-18 10:48:31.6965|INFO|Executed endpoint 'HTTP: POST /getTextChunk' 
2024-11-18 10:54:13.7468|INFO|Executing endpoint 'HTTP: POST /searchTextChunk' 
2024-11-18 10:54:19.6386|INFO|Executed endpoint 'HTTP: POST /searchTextChunk' 
2024-11-18 10:54:21.7943|INFO|Executing endpoint 'HTTP: POST /searchText' 
2024-11-18 10:54:21.8332|INFO|Executed endpoint 'HTTP: POST /searchText' 
2024-11-18 11:01:57.2268|INFO|Executing endpoint 'HTTP: POST /addCustomProperty' 
2024-11-18 11:01:57.4616|INFO|Executed endpoint 'HTTP: POST /addCustomProperty' 
2024-11-18 11:02:25.7369|INFO|Executing endpoint 'HTTP: POST /addCustomProperty' 
2024-11-18 11:02:25.7369|INFO|Executed endpoint 'HTTP: POST /addCustomProperty' 
2024-11-18 14:50:49.0273|INFO|Executing endpoint 'HTTP: POST /signPdf' 
2024-11-18 14:50:53.1546|INFO|Executed endpoint 'HTTP: POST /signPdf' 
2024-11-18 14:50:53.1677|INFO|Executing endpoint 'HTTP: POST /signPdf' 
2024-11-18 14:50:55.4747|INFO|Executed endpoint 'HTTP: POST /signPdf' 
2024-11-18 15:03:06.7423|INFO|Executing endpoint 'HTTP: POST /signPdf' 
2024-11-18 15:04:44.9890|INFO|Executed endpoint 'HTTP: POST /signPdf' 
2024-11-18 15:04:46.6587|INFO|Executing endpoint 'HTTP: POST /signPdf' 
2024-11-18 15:04:50.4146|INFO|Executed endpoint 'HTTP: POST /signPdf' 
2024-11-18 15:04:50.4268|INFO|Executing endpoint 'HTTP: POST /signPdf' 
2024-11-18 15:04:55.5356|INFO|Executed endpoint 'HTTP: POST /signPdf' 
2024-11-18 15:07:14.9852|INFO|Executing endpoint 'HTTP: POST /signPdf' 
2024-11-18 15:07:18.3100|INFO|Executed endpoint 'HTTP: POST /signPdf' 
2024-11-18 15:07:18.3283|INFO|Executing endpoint 'HTTP: POST /signPdf' 
2024-11-18 15:07:20.1742|INFO|Executed endpoint 'HTTP: POST /signPdf' 
2024-11-18 15:09:43.9302|INFO|Executing endpoint 'HTTP: POST /signPdf' 
2024-11-18 15:09:51.2229|INFO|Executed endpoint 'HTTP: POST /signPdf' 
2024-11-18 15:09:51.2338|INFO|Executing endpoint 'HTTP: POST /signPdf' 
2024-11-18 15:09:51.3395|INFO|Executed endpoint 'HTTP: POST /signPdf' 
2024-11-18 15:10:13.2030|INFO|Executing endpoint 'HTTP: POST /signPdf' 
2024-11-18 15:10:13.3049|INFO|Executed endpoint 'HTTP: POST /signPdf' 
2024-11-18 15:10:13.3121|INFO|Executing endpoint 'HTTP: POST /signPdf' 
2024-11-18 15:10:13.4123|INFO|Executed endpoint 'HTTP: POST /signPdf' 
2024-11-18 15:17:01.7307|INFO|Executing endpoint 'HTTP: POST /signPdf' 
2024-11-18 15:17:02.3126|INFO|Executed endpoint 'HTTP: POST /signPdf' 
2024-11-18 15:17:02.3200|INFO|Executing endpoint 'HTTP: POST /signPdf' 
2024-11-18 15:17:02.3948|INFO|Executed endpoint 'HTTP: POST /signPdf' 
2024-11-18 15:17:22.8811|INFO|Executing endpoint 'HTTP: POST /signPdf' 
2024-11-18 15:17:22.9448|INFO|Executed endpoint 'HTTP: POST /signPdf' 
2024-11-18 15:17:22.9448|INFO|Executing endpoint 'HTTP: POST /signPdf' 
2024-11-18 15:17:23.0197|INFO|Executed endpoint 'HTTP: POST /signPdf' 
2024-11-18 15:18:28.7842|INFO|Executing endpoint 'HTTP: POST /signPdf' 
2024-11-18 15:18:28.8755|INFO|Executed endpoint 'HTTP: POST /signPdf' 
2024-11-18 15:18:28.8828|INFO|Executing endpoint 'HTTP: POST /signPdf' 
2024-11-18 15:18:28.9702|INFO|Executed endpoint 'HTTP: POST /signPdf' 
2024-11-18 15:34:24.3030|INFO|Executing endpoint 'HTTP: POST /signPdf' 
2024-11-18 15:34:24.7850|INFO|Executed endpoint 'HTTP: POST /signPdf' 
2024-11-18 15:34:24.7886|INFO|Executing endpoint 'HTTP: POST /signPdf' 
2024-11-18 15:34:24.8567|INFO|Executed endpoint 'HTTP: POST /signPdf' 
2024-11-18 15:36:09.2758|INFO|Executing endpoint 'HTTP: POST /signPdf' 
2024-11-18 15:36:09.8795|INFO|Executed endpoint 'HTTP: POST /signPdf' 
2024-11-18 15:36:09.8940|INFO|Executing endpoint 'HTTP: POST /signPdf' 
2024-11-18 15:36:10.0003|INFO|Executed endpoint 'HTTP: POST /signPdf' 
2024-11-18 15:53:13.9385|INFO|Executing endpoint 'HTTP: POST /signPdf' 
2024-11-18 15:53:14.7374|INFO|Executed endpoint 'HTTP: POST /signPdf' 
2024-11-18 15:53:14.7645|INFO|Executing endpoint 'HTTP: POST /signPdf' 
2024-11-18 15:53:14.8974|INFO|Executed endpoint 'HTTP: POST /signPdf' 
2024-11-18 15:54:28.6857|INFO|Executing endpoint 'HTTP: POST /signPdf' 
2024-11-18 15:54:28.7907|INFO|Executed endpoint 'HTTP: POST /signPdf' 
2024-11-18 15:54:28.7962|INFO|Executing endpoint 'HTTP: POST /signPdf' 
2024-11-18 15:54:28.8757|INFO|Executed endpoint 'HTTP: POST /signPdf' 
2024-11-18 15:55:11.8136|INFO|Executing endpoint 'HTTP: POST /signPdf' 
2024-11-18 15:55:44.2419|INFO|Executed endpoint 'HTTP: POST /signPdf' 
2024-11-18 15:55:44.2508|INFO|Executing endpoint 'HTTP: POST /signPdf' 
2024-11-18 15:55:45.7332|INFO|Executed endpoint 'HTTP: POST /signPdf' 
2024-11-18 15:57:23.6530|INFO|Executing endpoint 'HTTP: POST /signPdf' 
2024-11-18 15:57:28.7069|INFO|Executed endpoint 'HTTP: POST /signPdf' 
2024-11-18 15:57:28.7144|INFO|Executing endpoint 'HTTP: POST /signPdf' 
2024-11-18 15:57:29.4596|INFO|Executed endpoint 'HTTP: POST /signPdf' 
2024-11-18 15:58:24.6510|INFO|Executing endpoint 'HTTP: POST /signPdf' 
2024-11-18 15:58:49.6035|INFO|Executed endpoint 'HTTP: POST /signPdf' 
2024-11-18 15:58:49.6194|INFO|Executing endpoint 'HTTP: POST /signPdf' 
2024-11-18 15:58:50.4230|INFO|Executed endpoint 'HTTP: POST /signPdf' 
2024-11-18 15:59:46.2595|INFO|Executing endpoint 'HTTP: POST /signPdf' 
2024-11-18 15:59:57.1964|INFO|Executed endpoint 'HTTP: POST /signPdf' 
2024-11-18 15:59:57.2133|INFO|Executing endpoint 'HTTP: POST /signPdf' 
2024-11-18 15:59:58.0577|INFO|Executed endpoint 'HTTP: POST /signPdf' 
2024-11-18 16:02:00.7041|INFO|Executing endpoint 'HTTP: POST /signPdf' 
2024-11-18 16:02:05.2733|INFO|Executed endpoint 'HTTP: POST /signPdf' 
2024-11-18 16:02:05.2887|INFO|Executing endpoint 'HTTP: POST /signPdf' 
2024-11-18 16:02:05.3921|INFO|Executed endpoint 'HTTP: POST /signPdf' 
2024-11-18 16:02:20.4449|INFO|Executing endpoint 'HTTP: POST /signPdf' 
2024-11-18 16:02:20.5348|INFO|Executed endpoint 'HTTP: POST /signPdf' 
2024-11-18 16:02:20.5388|INFO|Executing endpoint 'HTTP: POST /signPdf' 
2024-11-18 16:02:20.6364|INFO|Executed endpoint 'HTTP: POST /signPdf' 
2024-11-18 16:08:32.7067|INFO|Executing endpoint 'HTTP: POST /verifySignatures' 
2024-11-18 16:08:32.9568|INFO|Executed endpoint 'HTTP: POST /verifySignatures' 
2024-11-18 16:10:17.1296|INFO|Executing endpoint 'HTTP: POST /verifySignatures' 
2024-11-18 16:10:46.7385|INFO|Executed endpoint 'HTTP: POST /verifySignatures' 
2024-11-18 16:14:45.0192|INFO|Executing endpoint 'HTTP: POST /signPdf' 
2024-11-18 16:14:45.8422|INFO|Executed endpoint 'HTTP: POST /signPdf' 
2024-11-18 16:14:45.8614|INFO|Executing endpoint 'HTTP: POST /signPdf' 
2024-11-18 16:14:45.9712|INFO|Executed endpoint 'HTTP: POST /signPdf' 
2024-11-18 16:14:48.0345|INFO|Executing endpoint 'HTTP: POST /verifySignatures' 
2024-11-18 16:14:53.2122|INFO|Executed endpoint 'HTTP: POST /verifySignatures' 
2024-11-18 16:15:30.1616|INFO|Executing endpoint 'HTTP: POST /signPdf' 
2024-11-18 16:15:30.2481|INFO|Executed endpoint 'HTTP: POST /signPdf' 
2024-11-18 16:15:30.2523|INFO|Executing endpoint 'HTTP: POST /signPdf' 
2024-11-18 16:15:30.3430|INFO|Executed endpoint 'HTTP: POST /signPdf' 
2024-11-18 16:15:32.4062|INFO|Executing endpoint 'HTTP: POST /verifySignatures' 
2024-11-18 16:15:32.4531|INFO|Executed endpoint 'HTTP: POST /verifySignatures' 
2024-11-18 17:31:29.4183|INFO|Executing endpoint 'HTTP: POST /signPdf' 
2024-11-18 17:31:30.0804|INFO|Executed endpoint 'HTTP: POST /signPdf' 
2024-11-18 17:31:30.0845|INFO|Executing endpoint 'HTTP: POST /signPdf' 
2024-11-18 17:31:30.2264|INFO|Executed endpoint 'HTTP: POST /signPdf' 
2024-11-18 17:31:32.2889|INFO|Executing endpoint 'HTTP: POST /verifySignatures' 
2024-11-18 17:31:32.3352|INFO|Executed endpoint 'HTTP: POST /verifySignatures' 
2024-11-18 17:35:47.8327|INFO|Executing endpoint 'HTTP: POST /signPdf' 
2024-11-18 17:35:47.9059|INFO|Executed endpoint 'HTTP: POST /signPdf' 
2024-11-18 17:35:47.9136|INFO|Executing endpoint 'HTTP: POST /signPdf' 
2024-11-18 17:35:47.9882|INFO|Executed endpoint 'HTTP: POST /signPdf' 
2024-11-18 17:36:07.8791|INFO|Executing endpoint 'HTTP: POST /signPdf' 
2024-11-18 17:36:07.9230|INFO|Executed endpoint 'HTTP: POST /signPdf' 
2024-11-18 17:36:07.9310|INFO|Executing endpoint 'HTTP: POST /signPdf' 
2024-11-18 17:36:07.9748|INFO|Executed endpoint 'HTTP: POST /signPdf' 
2024-11-18 17:36:10.0364|INFO|Executing endpoint 'HTTP: POST /verifySignatures' 
2024-11-18 17:36:10.0538|INFO|Executed endpoint 'HTTP: POST /verifySignatures' 
2024-11-18 17:40:33.1747|INFO|Executing endpoint 'HTTP: POST /signPdf' 
2024-11-18 17:40:33.2095|INFO|Executed endpoint 'HTTP: POST /signPdf' 
2024-11-18 17:40:33.2095|INFO|Executing endpoint 'HTTP: POST /signPdf' 
2024-11-18 17:40:33.2487|INFO|Executed endpoint 'HTTP: POST /signPdf' 
2024-11-18 17:40:35.3304|INFO|Executing endpoint 'HTTP: POST /verifySignatures' 
2024-11-18 17:40:35.3462|INFO|Executed endpoint 'HTTP: POST /verifySignatures' 
