2024-11-18 09:55:40.8202|DEBUG|1 candidate(s) found for the request path '/addStamper' 
2024-11-18 09:56:50.5054|DEBUG|1 candidate(s) found for the request path '/addStamper' 
2024-11-18 09:57:50.1444|DEBUG|1 candidate(s) found for the request path '/addStamper' 
2024-11-18 09:58:47.3145|DEBUG|1 candidate(s) found for the request path '/addStamper' 
2024-11-18 09:59:48.1020|DEBUG|1 candidate(s) found for the request path '/addStamper' 
2024-11-18 10:01:17.6872|DEBUG|1 candidate(s) found for the request path '/searchTextChunk' 
2024-11-18 10:16:50.5988|DEBUG|1 candidate(s) found for the request path '/SearchMultiTextAddImgToPdf' 
2024-11-18 10:17:28.7613|DEBUG|1 candidate(s) found for the request path '/SearchMultiTextAddImgToPdf' 
2024-11-18 10:18:34.2506|DEBUG|1 candidate(s) found for the request path '/SearchMultiTextAddImgToPdf' 
2024-11-18 10:20:45.6894|DEBUG|1 candidate(s) found for the request path '/SearchMultiTextAddImgToPdf' 
2024-11-18 10:29:04.8944|DEBUG|1 candidate(s) found for the request path '/SearchMultiTextAddImgToPdf' 
2024-11-18 10:38:01.7434|DEBUG|1 candidate(s) found for the request path '/SearchMultiTextAddImgToPdf' 
2024-11-18 10:39:24.8114|DEBUG|1 candidate(s) found for the request path '/searchMultiTextChunkAddImgToPdf' 
2024-11-18 10:44:00.7551|DEBUG|1 candidate(s) found for the request path '/getText' 
2024-11-18 10:45:49.9536|DEBUG|1 candidate(s) found for the request path '/getTextLine' 
2024-11-18 10:48:31.6706|DEBUG|1 candidate(s) found for the request path '/getTextChunk' 
2024-11-18 10:54:13.7405|DEBUG|1 candidate(s) found for the request path '/searchTextChunk' 
2024-11-18 10:54:21.7943|DEBUG|1 candidate(s) found for the request path '/searchText' 
2024-11-18 11:01:57.1836|DEBUG|1 candidate(s) found for the request path '/addCustomProperty' 
2024-11-18 11:02:25.7265|DEBUG|1 candidate(s) found for the request path '/addCustomProperty' 
2024-11-18 14:50:48.9907|DEBUG|1 candidate(s) found for the request path '/signPdf' 
2024-11-18 14:50:53.1546|DEBUG|1 candidate(s) found for the request path '/signPdf' 
2024-11-18 15:03:06.7119|DEBUG|1 candidate(s) found for the request path '/signPdf' 
2024-11-18 15:04:46.6476|DEBUG|1 candidate(s) found for the request path '/signPdf' 
2024-11-18 15:04:50.4146|DEBUG|1 candidate(s) found for the request path '/signPdf' 
2024-11-18 15:07:14.9826|DEBUG|1 candidate(s) found for the request path '/signPdf' 
2024-11-18 15:07:18.3199|DEBUG|1 candidate(s) found for the request path '/signPdf' 
2024-11-18 15:09:43.8996|DEBUG|1 candidate(s) found for the request path '/signPdf' 
2024-11-18 15:09:51.2338|DEBUG|1 candidate(s) found for the request path '/signPdf' 
2024-11-18 15:10:13.2030|DEBUG|1 candidate(s) found for the request path '/signPdf' 
2024-11-18 15:10:13.3121|DEBUG|1 candidate(s) found for the request path '/signPdf' 
2024-11-18 15:17:01.6998|DEBUG|1 candidate(s) found for the request path '/signPdf' 
2024-11-18 15:17:02.3200|DEBUG|1 candidate(s) found for the request path '/signPdf' 
2024-11-18 15:17:22.8723|DEBUG|1 candidate(s) found for the request path '/signPdf' 
2024-11-18 15:17:22.9448|DEBUG|1 candidate(s) found for the request path '/signPdf' 
2024-11-18 15:18:28.7842|DEBUG|1 candidate(s) found for the request path '/signPdf' 
2024-11-18 15:18:28.8828|DEBUG|1 candidate(s) found for the request path '/signPdf' 
2024-11-18 15:34:24.2719|DEBUG|1 candidate(s) found for the request path '/signPdf' 
2024-11-18 15:34:24.7886|DEBUG|1 candidate(s) found for the request path '/signPdf' 
2024-11-18 15:36:09.2313|DEBUG|1 candidate(s) found for the request path '/signPdf' 
2024-11-18 15:36:09.8795|DEBUG|1 candidate(s) found for the request path '/signPdf' 
2024-11-18 15:53:13.9052|DEBUG|1 candidate(s) found for the request path '/signPdf' 
2024-11-18 15:53:14.7494|DEBUG|1 candidate(s) found for the request path '/signPdf' 
2024-11-18 15:54:28.6857|DEBUG|1 candidate(s) found for the request path '/signPdf' 
2024-11-18 15:54:28.7962|DEBUG|1 candidate(s) found for the request path '/signPdf' 
2024-11-18 15:55:11.8044|DEBUG|1 candidate(s) found for the request path '/signPdf' 
2024-11-18 15:55:44.2508|DEBUG|1 candidate(s) found for the request path '/signPdf' 
2024-11-18 15:57:23.6530|DEBUG|1 candidate(s) found for the request path '/signPdf' 
2024-11-18 15:57:28.7144|DEBUG|1 candidate(s) found for the request path '/signPdf' 
2024-11-18 15:58:24.6431|DEBUG|1 candidate(s) found for the request path '/signPdf' 
2024-11-18 15:58:49.6086|DEBUG|1 candidate(s) found for the request path '/signPdf' 
2024-11-18 15:59:46.2551|DEBUG|1 candidate(s) found for the request path '/signPdf' 
2024-11-18 15:59:57.1964|DEBUG|1 candidate(s) found for the request path '/signPdf' 
2024-11-18 16:02:00.6631|DEBUG|1 candidate(s) found for the request path '/signPdf' 
2024-11-18 16:02:05.2733|DEBUG|1 candidate(s) found for the request path '/signPdf' 
2024-11-18 16:02:20.4412|DEBUG|1 candidate(s) found for the request path '/signPdf' 
2024-11-18 16:02:20.5388|DEBUG|1 candidate(s) found for the request path '/signPdf' 
2024-11-18 16:08:32.6703|DEBUG|1 candidate(s) found for the request path '/verifySignatures' 
2024-11-18 16:10:17.0797|DEBUG|1 candidate(s) found for the request path '/verifySignatures' 
2024-11-18 16:14:44.9905|DEBUG|1 candidate(s) found for the request path '/signPdf' 
2024-11-18 16:14:45.8458|DEBUG|1 candidate(s) found for the request path '/signPdf' 
2024-11-18 16:14:48.0345|DEBUG|1 candidate(s) found for the request path '/verifySignatures' 
2024-11-18 16:15:30.1616|DEBUG|1 candidate(s) found for the request path '/signPdf' 
2024-11-18 16:15:30.2523|DEBUG|1 candidate(s) found for the request path '/signPdf' 
2024-11-18 16:15:32.4062|DEBUG|1 candidate(s) found for the request path '/verifySignatures' 
2024-11-18 17:31:29.3726|DEBUG|1 candidate(s) found for the request path '/signPdf' 
2024-11-18 17:31:30.0845|DEBUG|1 candidate(s) found for the request path '/signPdf' 
2024-11-18 17:31:32.2889|DEBUG|1 candidate(s) found for the request path '/verifySignatures' 
2024-11-18 17:35:47.8327|DEBUG|1 candidate(s) found for the request path '/signPdf' 
2024-11-18 17:35:47.9136|DEBUG|1 candidate(s) found for the request path '/signPdf' 
2024-11-18 17:36:07.8791|DEBUG|1 candidate(s) found for the request path '/signPdf' 
2024-11-18 17:36:07.9310|DEBUG|1 candidate(s) found for the request path '/signPdf' 
2024-11-18 17:36:10.0364|DEBUG|1 candidate(s) found for the request path '/verifySignatures' 
2024-11-18 17:40:33.1689|DEBUG|1 candidate(s) found for the request path '/signPdf' 
2024-11-18 17:40:33.2095|DEBUG|1 candidate(s) found for the request path '/signPdf' 
2024-11-18 17:40:35.3304|DEBUG|1 candidate(s) found for the request path '/verifySignatures' 
