2024-11-18 10:02:00.9363|DEBUG|Connection id "0HN87EJHSCP6C" reset. 
2024-11-18 10:02:00.9891|DEBUG|Connection id "0HN87EJHSCP6C" sending FIN because: "The Socket transport's send loop completed gracefully." 
2024-11-18 10:17:14.4315|DEBUG|Connection id "0HN87EJHSCP6D" reset. 
2024-11-18 10:17:14.4315|DEBUG|Connection id "0HN87EJHSCP6D" sending FIN because: "The Socket transport's send loop completed gracefully." 
2024-11-18 10:17:58.9984|DEBUG|Connection id "0HN87EJHSCP6E" received FIN. 
2024-11-18 10:17:58.9984|DEBUG|Connection id "0HN87EJHSCP6E" sending FIN because: "The Socket transport's send loop completed gracefully." 
2024-11-18 10:19:33.2812|DEBUG|Connection id "0HN87EJHSCP6F" reset. 
2024-11-18 10:19:33.2812|DEBUG|Connection id "0HN87EJHSCP6F" sending FIN because: "The Socket transport's send loop completed gracefully." 
2024-11-18 10:31:02.6728|DEBUG|Connection id "0HN87F32NB5OR" received FIN. 
2024-11-18 10:31:02.6728|DEBUG|Connection id "0HN87F32NB5OR" sending FIN because: "The Socket transport's send loop completed gracefully." 
2024-11-18 10:39:02.3616|DEBUG|Connection id "0HN87F82NVBD2" reset. 
2024-11-18 10:39:02.3742|DEBUG|Connection id "0HN87F82NVBD2" sending FIN because: "The Socket transport's send loop completed gracefully." 
2024-11-18 10:40:40.0710|DEBUG|Connection id "0HN87F82NVBD3" received FIN. 
2024-11-18 10:40:40.0996|DEBUG|Connection id "0HN87F82NVBD3" sending FIN because: "The Socket transport's send loop completed gracefully." 
2024-11-18 10:44:11.1161|DEBUG|Connection id "0HN87F82NVBD4" reset. 
2024-11-18 10:44:11.1161|DEBUG|Connection id "0HN87F82NVBD4" sending FIN because: "The Socket transport's send loop completed gracefully." 
2024-11-18 10:45:55.5928|DEBUG|Connection id "0HN87F82NVBD5" reset. 
2024-11-18 10:45:55.5928|DEBUG|Connection id "0HN87F82NVBD5" sending FIN because: "The Socket transport's send loop completed gracefully." 
2024-11-18 10:48:51.3831|DEBUG|Connection id "0HN87F82NVBD6" reset. 
2024-11-18 10:48:51.3831|DEBUG|Connection id "0HN87F82NVBD6" sending FIN because: "The Socket transport's send loop completed gracefully." 
2024-11-18 10:54:28.8773|DEBUG|Connection id "0HN87F82NVBD8" reset. 
2024-11-18 10:54:28.8773|DEBUG|Connection id "0HN87F82NVBD7" reset. 
2024-11-18 10:54:28.8773|DEBUG|Connection id "0HN87F82NVBD8" sending FIN because: "The Socket transport's send loop completed gracefully." 
2024-11-18 10:54:28.8773|DEBUG|Connection id "0HN87F82NVBD7" sending FIN because: "The Socket transport's send loop completed gracefully." 
2024-11-18 11:02:18.1191|DEBUG|Connection id "0HN87FLEH2S19" reset. 
2024-11-18 11:02:18.1346|DEBUG|Connection id "0HN87FLEH2S19" sending FIN because: "The Socket transport's send loop completed gracefully." 
2024-11-18 11:02:28.0603|DEBUG|Connection id "0HN87FLEH2S1A" reset. 
2024-11-18 11:02:28.0603|DEBUG|Connection id "0HN87FLEH2S1A" sending FIN because: "The Socket transport's send loop completed gracefully." 
2024-11-18 14:51:17.9607|DEBUG|Connection id "0HN87JLAU09RO" reset. 
2024-11-18 14:51:17.9697|DEBUG|Connection id "0HN87JLAU09RO" sending FIN because: "The Socket transport's send loop completed gracefully." 
2024-11-18 15:04:44.9755|DEBUG|Connection id "0HN87JS6PHP7B" received FIN. 
2024-11-18 15:04:44.9890|DEBUG|Connection id "0HN87JS6PHP7B" reset. 
2024-11-18 15:04:44.9890|DEBUG|Connection id "0HN87JS6PHP7B" sending RST because: "連線已被您主機上的軟體中止。" 
2024-11-18 15:06:04.4455|DEBUG|Connection id "0HN87JS6PHP7C" reset. 
2024-11-18 15:06:04.4565|DEBUG|Connection id "0HN87JS6PHP7C" sending FIN because: "The Socket transport's send loop completed gracefully." 
2024-11-18 15:08:09.6036|DEBUG|Connection id "0HN87JS6PHP7D" reset. 
2024-11-18 15:08:09.6114|DEBUG|Connection id "0HN87JS6PHP7D" sending FIN because: "The Socket transport's send loop completed gracefully." 
2024-11-18 15:10:06.9571|DEBUG|Connection id "0HN87JVT5DRM9" reset. 
2024-11-18 15:10:06.9571|DEBUG|Connection id "0HN87JVT5DRM9" sending FIN because: "The Socket transport's send loop completed gracefully." 
2024-11-18 15:10:19.4046|DEBUG|Connection id "0HN87JVT5DRMA" reset. 
2024-11-18 15:10:19.4068|DEBUG|Connection id "0HN87JVT5DRMA" sending FIN because: "The Socket transport's send loop completed gracefully." 
2024-11-18 15:17:17.7210|DEBUG|Connection id "0HN87K3VKJT0D" reset. 
2024-11-18 15:17:17.7305|DEBUG|Connection id "0HN87K3VKJT0D" sending FIN because: "The Socket transport's send loop completed gracefully." 
2024-11-18 15:17:23.1459|DEBUG|Connection id "0HN87K3VKJT0E" reset. 
2024-11-18 15:17:23.1478|DEBUG|Connection id "0HN87K3VKJT0E" sending FIN because: "The Socket transport's send loop completed gracefully." 
2024-11-18 15:18:31.3607|DEBUG|Connection id "0HN87K3VKJT0F" reset. 
2024-11-18 15:18:31.3607|DEBUG|Connection id "0HN87K3VKJT0F" sending FIN because: "The Socket transport's send loop completed gracefully." 
2024-11-18 15:34:31.9444|DEBUG|Connection id "0HN87KDMBCL70" reset. 
2024-11-18 15:34:31.9444|DEBUG|Connection id "0HN87KDMBCL70" sending FIN because: "The Socket transport's send loop completed gracefully." 
2024-11-18 15:36:12.1532|DEBUG|Connection id "0HN87KELK2PJ5" reset. 
2024-11-18 15:36:12.1678|DEBUG|Connection id "0HN87KELK2PJ5" sending FIN because: "The Socket transport's send loop completed gracefully." 
2024-11-18 15:53:15.2325|DEBUG|Connection id "0HN87KO7086J3" reset. 
2024-11-18 15:53:15.2422|DEBUG|Connection id "0HN87KO7086J3" sending FIN because: "The Socket transport's send loop completed gracefully." 
2024-11-18 15:54:29.8972|DEBUG|Connection id "0HN87KO7086J4" reset. 
2024-11-18 15:54:29.8972|DEBUG|Connection id "0HN87KO7086J4" sending FIN because: "The Socket transport's send loop completed gracefully." 
2024-11-18 15:55:49.2041|DEBUG|Connection id "0HN87KO7086J5" reset. 
2024-11-18 15:55:49.2041|DEBUG|Connection id "0HN87KO7086J5" sending FIN because: "The Socket transport's send loop completed gracefully." 
2024-11-18 15:57:35.1875|DEBUG|Connection id "0HN87KO7086J6" reset. 
2024-11-18 15:57:35.1875|DEBUG|Connection id "0HN87KO7086J6" sending FIN because: "The Socket transport's send loop completed gracefully." 
2024-11-18 15:58:57.1861|DEBUG|Connection id "0HN87KO7086J7" reset. 
2024-11-18 15:58:57.1861|DEBUG|Connection id "0HN87KO7086J7" sending FIN because: "The Socket transport's send loop completed gracefully." 
2024-11-18 16:00:01.3675|DEBUG|Connection id "0HN87KO7086J8" reset. 
2024-11-18 16:00:01.3675|DEBUG|Connection id "0HN87KO7086J8" sending FIN because: "The Socket transport's send loop completed gracefully." 
2024-11-18 16:02:15.2490|DEBUG|Connection id "0HN87KT3VJSR9" reset. 
2024-11-18 16:02:15.2589|DEBUG|Connection id "0HN87KT3VJSR9" sending FIN because: "The Socket transport's send loop completed gracefully." 
2024-11-18 16:02:23.4465|DEBUG|Connection id "0HN87KT3VJSRA" reset. 
2024-11-18 16:02:23.4465|DEBUG|Connection id "0HN87KT3VJSRA" sending FIN because: "The Socket transport's send loop completed gracefully." 
2024-11-18 16:10:55.3189|DEBUG|Connection id "0HN87L1NTD245" reset. 
2024-11-18 16:10:55.3189|DEBUG|Connection id "0HN87L1NTD245" sending FIN because: "The Socket transport's send loop completed gracefully." 
2024-11-18 16:15:10.0211|DEBUG|Connection id "0HN87L47OU0MN" reset. 
2024-11-18 16:15:10.0211|DEBUG|Connection id "0HN87L47OU0MO" reset. 
2024-11-18 16:15:10.0375|DEBUG|Connection id "0HN87L47OU0MN" sending FIN because: "The Socket transport's send loop completed gracefully." 
2024-11-18 16:15:10.0375|DEBUG|Connection id "0HN87L47OU0MO" sending FIN because: "The Socket transport's send loop completed gracefully." 
2024-11-18 16:15:38.1717|DEBUG|Connection id "0HN87L47OU0MP" reset. 
2024-11-18 16:15:38.1717|DEBUG|Connection id "0HN87L47OU0MQ" reset. 
2024-11-18 16:15:38.1717|DEBUG|Connection id "0HN87L47OU0MP" sending FIN because: "The Socket transport's send loop completed gracefully." 
2024-11-18 16:15:38.1717|DEBUG|Connection id "0HN87L47OU0MQ" sending FIN because: "The Socket transport's send loop completed gracefully." 
2024-11-18 17:31:32.3976|DEBUG|Connection id "0HN87MF3VOB5O" reset. 
2024-11-18 17:31:32.3976|DEBUG|Connection id "0HN87MF3VOB5P" reset. 
2024-11-18 17:31:32.4155|DEBUG|Connection id "0HN87MF3VOB5O" sending FIN because: "The Socket transport's send loop completed gracefully." 
2024-11-18 17:31:32.4155|DEBUG|Connection id "0HN87MF3VOB5P" sending FIN because: "The Socket transport's send loop completed gracefully." 
2024-11-18 17:35:59.0098|DEBUG|Connection id "0HN87MF3VOB5Q" reset. 
2024-11-18 17:35:59.0098|DEBUG|Connection id "0HN87MF3VOB5Q" sending FIN because: "The Socket transport's send loop completed gracefully." 
2024-11-18 17:36:10.1107|DEBUG|Connection id "0HN87MF3VOB5R" reset. 
2024-11-18 17:36:10.1107|DEBUG|Connection id "0HN87MF3VOB5S" reset. 
2024-11-18 17:36:10.1107|DEBUG|Connection id "0HN87MF3VOB5R" sending FIN because: "The Socket transport's send loop completed gracefully." 
2024-11-18 17:36:10.1127|DEBUG|Connection id "0HN87MF3VOB5S" sending FIN because: "The Socket transport's send loop completed gracefully." 
2024-11-18 17:40:41.6336|DEBUG|Connection id "0HN87MF3VOB5T" reset. 
2024-11-18 17:40:41.6336|DEBUG|Connection id "0HN87MF3VOB5U" reset. 
2024-11-18 17:40:41.6336|DEBUG|Connection id "0HN87MF3VOB5T" sending FIN because: "The Socket transport's send loop completed gracefully." 
2024-11-18 17:40:41.6336|DEBUG|Connection id "0HN87MF3VOB5U" sending FIN because: "The Socket transport's send loop completed gracefully." 
