2024-11-18 09:55:40.6374|DEBUG|Connection id "0HN87EGDFAMJK" accepted. 
2024-11-18 09:55:40.6674|DEBUG|Connection id "0HN87EGDFAMJK" started. 
2024-11-18 09:56:50.3354|DEBUG|Connection id "0HN87EH280U05" accepted. 
2024-11-18 09:56:50.3354|DEBUG|Connection id "0HN87EH280U05" started. 
2024-11-18 09:57:50.0154|DEBUG|Connection id "0HN87EHK15T4C" accepted. 
2024-11-18 09:57:50.0154|DEBUG|Connection id "0HN87EHK15T4C" started. 
2024-11-18 09:58:47.1616|DEBUG|Connection id "0HN87EI525H6E" accepted. 
2024-11-18 09:58:47.1616|DEBUG|Connection id "0HN87EI525H6E" started. 
2024-11-18 09:59:47.9720|DEBUG|Connection id "0HN87EIN63CDN" accepted. 
2024-11-18 09:59:47.9720|DEBUG|Connection id "0HN87EIN63CDN" started. 
2024-11-18 10:01:17.5512|DEBUG|Connection id "0HN87EJHSCP6C" accepted. 
2024-11-18 10:01:17.5512|DEBUG|Connection id "0HN87EJHSCP6C" started. 
2024-11-18 10:01:37.7843|DEBUG|Connection id "0HN87EJHSCP6C" completed keep alive response. 
2024-11-18 10:02:00.9979|DEBUG|Connection id "0HN87EJHSCP6C" disconnecting. 
2024-11-18 10:02:01.0576|DEBUG|Connection id "0HN87EJHSCP6C" stopped. 
2024-11-18 10:16:50.5455|DEBUG|Connection id "0HN87EJHSCP6D" accepted. 
2024-11-18 10:16:50.5455|DEBUG|Connection id "0HN87EJHSCP6D" started. 
2024-11-18 10:17:05.7448|DEBUG|Connection id "0HN87EJHSCP6D" completed keep alive response. 
2024-11-18 10:17:14.4315|DEBUG|Connection id "0HN87EJHSCP6D" disconnecting. 
2024-11-18 10:17:14.5132|DEBUG|Connection id "0HN87EJHSCP6D" stopped. 
2024-11-18 10:17:28.6853|DEBUG|Connection id "0HN87EJHSCP6E" accepted. 
2024-11-18 10:17:28.6853|DEBUG|Connection id "0HN87EJHSCP6E" started. 
2024-11-18 10:17:56.9448|DEBUG|Connection id "0HN87EJHSCP6E" completed keep alive response. 
2024-11-18 10:17:58.9984|DEBUG|Connection id "0HN87EJHSCP6E" disconnecting. 
2024-11-18 10:17:59.0036|DEBUG|Connection id "0HN87EJHSCP6E" stopped. 
2024-11-18 10:18:34.1976|DEBUG|Connection id "0HN87EJHSCP6F" accepted. 
2024-11-18 10:18:34.1976|DEBUG|Connection id "0HN87EJHSCP6F" started. 
2024-11-18 10:19:31.0473|DEBUG|Connection id "0HN87EJHSCP6F" completed keep alive response. 
2024-11-18 10:19:33.2812|DEBUG|Connection id "0HN87EJHSCP6F" disconnecting. 
2024-11-18 10:19:33.3601|DEBUG|Connection id "0HN87EJHSCP6F" stopped. 
2024-11-18 10:20:45.6377|DEBUG|Connection id "0HN87EJHSCP6G" accepted. 
2024-11-18 10:20:45.6377|DEBUG|Connection id "0HN87EJHSCP6G" started. 
2024-11-18 10:29:04.6769|DEBUG|Connection id "0HN87F32NB5OR" accepted. 
2024-11-18 10:29:04.6769|DEBUG|Connection id "0HN87F32NB5OR" started. 
2024-11-18 10:29:51.2943|DEBUG|Connection id "0HN87F32NB5OR" completed keep alive response. 
2024-11-18 10:31:02.6728|DEBUG|Connection id "0HN87F32NB5OR" disconnecting. 
2024-11-18 10:31:02.6728|DEBUG|Connection id "0HN87F32NB5OR" stopped. 
2024-11-18 10:38:01.6139|DEBUG|Connection id "0HN87F82NVBD2" accepted. 
2024-11-18 10:38:01.6139|DEBUG|Connection id "0HN87F82NVBD2" started. 
2024-11-18 10:38:29.3765|DEBUG|Connection id "0HN87F82NVBD2" completed keep alive response. 
2024-11-18 10:39:02.3873|DEBUG|Connection id "0HN87F82NVBD2" disconnecting. 
2024-11-18 10:39:02.4542|DEBUG|Connection id "0HN87F82NVBD2" stopped. 
2024-11-18 10:39:24.7334|DEBUG|Connection id "0HN87F82NVBD3" accepted. 
2024-11-18 10:39:24.7334|DEBUG|Connection id "0HN87F82NVBD3" started. 
2024-11-18 10:39:29.2455|DEBUG|Connection id "0HN87F82NVBD3" completed keep alive response. 
2024-11-18 10:40:40.0996|DEBUG|Connection id "0HN87F82NVBD3" disconnecting. 
2024-11-18 10:40:40.0996|DEBUG|Connection id "0HN87F82NVBD3" stopped. 
2024-11-18 10:44:00.6925|DEBUG|Connection id "0HN87F82NVBD4" accepted. 
2024-11-18 10:44:00.6925|DEBUG|Connection id "0HN87F82NVBD4" started. 
2024-11-18 10:44:00.8219|DEBUG|Connection id "0HN87F82NVBD4" completed keep alive response. 
2024-11-18 10:44:11.1161|DEBUG|Connection id "0HN87F82NVBD4" disconnecting. 
2024-11-18 10:44:11.1958|DEBUG|Connection id "0HN87F82NVBD4" stopped. 
2024-11-18 10:45:49.8649|DEBUG|Connection id "0HN87F82NVBD5" accepted. 
2024-11-18 10:45:49.8649|DEBUG|Connection id "0HN87F82NVBD5" started. 
2024-11-18 10:45:49.9863|DEBUG|Connection id "0HN87F82NVBD5" completed keep alive response. 
2024-11-18 10:45:55.5928|DEBUG|Connection id "0HN87F82NVBD5" disconnecting. 
2024-11-18 10:45:55.6804|DEBUG|Connection id "0HN87F82NVBD5" stopped. 
2024-11-18 10:48:31.6156|DEBUG|Connection id "0HN87F82NVBD6" accepted. 
2024-11-18 10:48:31.6156|DEBUG|Connection id "0HN87F82NVBD6" started. 
2024-11-18 10:48:31.6965|DEBUG|Connection id "0HN87F82NVBD6" completed keep alive response. 
2024-11-18 10:48:51.3831|DEBUG|Connection id "0HN87F82NVBD6" disconnecting. 
2024-11-18 10:48:51.4590|DEBUG|Connection id "0HN87F82NVBD6" stopped. 
2024-11-18 10:54:13.6837|DEBUG|Connection id "0HN87F82NVBD7" accepted. 
2024-11-18 10:54:13.6837|DEBUG|Connection id "0HN87F82NVBD7" started. 
2024-11-18 10:54:19.6386|DEBUG|Connection id "0HN87F82NVBD7" completed keep alive response. 
2024-11-18 10:54:21.7843|DEBUG|Connection id "0HN87F82NVBD8" accepted. 
2024-11-18 10:54:21.7843|DEBUG|Connection id "0HN87F82NVBD8" started. 
2024-11-18 10:54:21.8332|DEBUG|Connection id "0HN87F82NVBD8" completed keep alive response. 
2024-11-18 10:54:28.8773|DEBUG|Connection id "0HN87F82NVBD8" disconnecting. 
2024-11-18 10:54:28.8773|DEBUG|Connection id "0HN87F82NVBD7" disconnecting. 
2024-11-18 10:54:29.0342|DEBUG|Connection id "0HN87F82NVBD7" stopped. 
2024-11-18 10:54:29.0342|DEBUG|Connection id "0HN87F82NVBD8" stopped. 
2024-11-18 11:01:57.0213|DEBUG|Connection id "0HN87FLEH2S19" accepted. 
2024-11-18 11:01:57.0213|DEBUG|Connection id "0HN87FLEH2S19" started. 
2024-11-18 11:01:57.4616|DEBUG|Connection id "0HN87FLEH2S19" completed keep alive response. 
2024-11-18 11:02:18.1460|DEBUG|Connection id "0HN87FLEH2S19" disconnecting. 
2024-11-18 11:02:18.2129|DEBUG|Connection id "0HN87FLEH2S19" stopped. 
2024-11-18 11:02:25.6696|DEBUG|Connection id "0HN87FLEH2S1A" accepted. 
2024-11-18 11:02:25.6696|DEBUG|Connection id "0HN87FLEH2S1A" started. 
2024-11-18 11:02:25.7369|DEBUG|Connection id "0HN87FLEH2S1A" completed keep alive response. 
2024-11-18 11:02:28.0670|DEBUG|Connection id "0HN87FLEH2S1A" disconnecting. 
2024-11-18 11:02:28.1375|DEBUG|Connection id "0HN87FLEH2S1A" stopped. 
2024-11-18 14:50:48.8495|DEBUG|Connection id "0HN87JLAU09RO" accepted. 
2024-11-18 14:50:48.8495|DEBUG|Connection id "0HN87JLAU09RO" started. 
2024-11-18 14:50:53.1546|DEBUG|Connection id "0HN87JLAU09RO" completed keep alive response. 
2024-11-18 14:50:55.4747|DEBUG|Connection id "0HN87JLAU09RO" completed keep alive response. 
2024-11-18 14:51:17.9818|DEBUG|Connection id "0HN87JLAU09RO" disconnecting. 
2024-11-18 14:51:18.0461|DEBUG|Connection id "0HN87JLAU09RO" stopped. 
2024-11-18 15:03:06.5799|DEBUG|Connection id "0HN87JS6PHP7B" accepted. 
2024-11-18 15:03:06.5818|DEBUG|Connection id "0HN87JS6PHP7B" started. 
2024-11-18 15:04:44.9890|DEBUG|Connection id "0HN87JS6PHP7B" disconnecting. 
2024-11-18 15:04:44.9890|DEBUG|Connection id "0HN87JS6PHP7B" stopped. 
2024-11-18 15:04:46.6262|DEBUG|Connection id "0HN87JS6PHP7C" accepted. 
2024-11-18 15:04:46.6270|DEBUG|Connection id "0HN87JS6PHP7C" started. 
2024-11-18 15:04:50.4146|DEBUG|Connection id "0HN87JS6PHP7C" completed keep alive response. 
2024-11-18 15:04:55.5356|DEBUG|Connection id "0HN87JS6PHP7C" completed keep alive response. 
2024-11-18 15:06:04.4565|DEBUG|Connection id "0HN87JS6PHP7C" disconnecting. 
2024-11-18 15:06:04.5311|DEBUG|Connection id "0HN87JS6PHP7C" stopped. 
2024-11-18 15:07:14.9212|DEBUG|Connection id "0HN87JS6PHP7D" accepted. 
2024-11-18 15:07:14.9212|DEBUG|Connection id "0HN87JS6PHP7D" started. 
2024-11-18 15:07:18.3100|DEBUG|Connection id "0HN87JS6PHP7D" completed keep alive response. 
2024-11-18 15:07:20.1742|DEBUG|Connection id "0HN87JS6PHP7D" completed keep alive response. 
2024-11-18 15:08:09.6114|DEBUG|Connection id "0HN87JS6PHP7D" disconnecting. 
2024-11-18 15:08:09.6801|DEBUG|Connection id "0HN87JS6PHP7D" stopped. 
2024-11-18 15:09:43.7677|DEBUG|Connection id "0HN87JVT5DRM9" accepted. 
2024-11-18 15:09:43.7677|DEBUG|Connection id "0HN87JVT5DRM9" started. 
2024-11-18 15:09:51.2229|DEBUG|Connection id "0HN87JVT5DRM9" completed keep alive response. 
2024-11-18 15:09:51.3395|DEBUG|Connection id "0HN87JVT5DRM9" completed keep alive response. 
2024-11-18 15:10:06.9780|DEBUG|Connection id "0HN87JVT5DRM9" disconnecting. 
2024-11-18 15:10:07.0439|DEBUG|Connection id "0HN87JVT5DRM9" stopped. 
2024-11-18 15:10:13.1406|DEBUG|Connection id "0HN87JVT5DRMA" accepted. 
2024-11-18 15:10:13.1406|DEBUG|Connection id "0HN87JVT5DRMA" started. 
2024-11-18 15:10:13.3049|DEBUG|Connection id "0HN87JVT5DRMA" completed keep alive response. 
2024-11-18 15:10:13.4123|DEBUG|Connection id "0HN87JVT5DRMA" completed keep alive response. 
2024-11-18 15:10:19.4068|DEBUG|Connection id "0HN87JVT5DRMA" disconnecting. 
2024-11-18 15:10:19.4823|DEBUG|Connection id "0HN87JVT5DRMA" stopped. 
2024-11-18 15:17:01.5680|DEBUG|Connection id "0HN87K3VKJT0D" accepted. 
2024-11-18 15:17:01.5700|DEBUG|Connection id "0HN87K3VKJT0D" started. 
2024-11-18 15:17:02.3126|DEBUG|Connection id "0HN87K3VKJT0D" completed keep alive response. 
2024-11-18 15:17:02.3948|DEBUG|Connection id "0HN87K3VKJT0D" completed keep alive response. 
2024-11-18 15:17:17.7448|DEBUG|Connection id "0HN87K3VKJT0D" disconnecting. 
2024-11-18 15:17:17.8117|DEBUG|Connection id "0HN87K3VKJT0D" stopped. 
2024-11-18 15:17:22.8082|DEBUG|Connection id "0HN87K3VKJT0E" accepted. 
2024-11-18 15:17:22.8082|DEBUG|Connection id "0HN87K3VKJT0E" started. 
2024-11-18 15:17:22.9448|DEBUG|Connection id "0HN87K3VKJT0E" completed keep alive response. 
2024-11-18 15:17:23.0197|DEBUG|Connection id "0HN87K3VKJT0E" completed keep alive response. 
2024-11-18 15:17:23.1478|DEBUG|Connection id "0HN87K3VKJT0E" disconnecting. 
2024-11-18 15:17:23.2207|DEBUG|Connection id "0HN87K3VKJT0E" stopped. 
2024-11-18 15:18:28.7187|DEBUG|Connection id "0HN87K3VKJT0F" accepted. 
2024-11-18 15:18:28.7187|DEBUG|Connection id "0HN87K3VKJT0F" started. 
2024-11-18 15:18:28.8755|DEBUG|Connection id "0HN87K3VKJT0F" completed keep alive response. 
2024-11-18 15:18:28.9702|DEBUG|Connection id "0HN87K3VKJT0F" completed keep alive response. 
2024-11-18 15:18:31.3607|DEBUG|Connection id "0HN87K3VKJT0F" disconnecting. 
2024-11-18 15:18:31.4465|DEBUG|Connection id "0HN87K3VKJT0F" stopped. 
2024-11-18 15:34:24.1433|DEBUG|Connection id "0HN87KDMBCL70" accepted. 
2024-11-18 15:34:24.1451|DEBUG|Connection id "0HN87KDMBCL70" started. 
2024-11-18 15:34:24.7886|DEBUG|Connection id "0HN87KDMBCL70" completed keep alive response. 
2024-11-18 15:34:24.8567|DEBUG|Connection id "0HN87KDMBCL70" completed keep alive response. 
2024-11-18 15:34:31.9643|DEBUG|Connection id "0HN87KDMBCL70" disconnecting. 
2024-11-18 15:34:32.0348|DEBUG|Connection id "0HN87KDMBCL70" stopped. 
2024-11-18 15:36:09.0737|DEBUG|Connection id "0HN87KELK2PJ5" accepted. 
2024-11-18 15:36:09.0737|DEBUG|Connection id "0HN87KELK2PJ5" started. 
2024-11-18 15:36:09.8795|DEBUG|Connection id "0HN87KELK2PJ5" completed keep alive response. 
2024-11-18 15:36:10.0003|DEBUG|Connection id "0HN87KELK2PJ5" completed keep alive response. 
2024-11-18 15:36:12.1872|DEBUG|Connection id "0HN87KELK2PJ5" disconnecting. 
2024-11-18 15:36:12.2696|DEBUG|Connection id "0HN87KELK2PJ5" stopped. 
2024-11-18 15:53:13.7596|DEBUG|Connection id "0HN87KO7086J3" accepted. 
2024-11-18 15:53:13.7596|DEBUG|Connection id "0HN87KO7086J3" started. 
2024-11-18 15:53:14.7374|DEBUG|Connection id "0HN87KO7086J3" completed keep alive response. 
2024-11-18 15:53:14.8974|DEBUG|Connection id "0HN87KO7086J3" completed keep alive response. 
2024-11-18 15:53:15.2595|DEBUG|Connection id "0HN87KO7086J3" disconnecting. 
2024-11-18 15:53:15.3417|DEBUG|Connection id "0HN87KO7086J3" stopped. 
2024-11-18 15:54:28.6181|DEBUG|Connection id "0HN87KO7086J4" accepted. 
2024-11-18 15:54:28.6181|DEBUG|Connection id "0HN87KO7086J4" started. 
2024-11-18 15:54:28.7907|DEBUG|Connection id "0HN87KO7086J4" completed keep alive response. 
2024-11-18 15:54:28.8757|DEBUG|Connection id "0HN87KO7086J4" completed keep alive response. 
2024-11-18 15:54:29.9068|DEBUG|Connection id "0HN87KO7086J4" disconnecting. 
2024-11-18 15:54:30.0072|DEBUG|Connection id "0HN87KO7086J4" stopped. 
2024-11-18 15:55:11.7487|DEBUG|Connection id "0HN87KO7086J5" accepted. 
2024-11-18 15:55:11.7487|DEBUG|Connection id "0HN87KO7086J5" started. 
2024-11-18 15:55:44.2419|DEBUG|Connection id "0HN87KO7086J5" completed keep alive response. 
2024-11-18 15:55:45.7332|DEBUG|Connection id "0HN87KO7086J5" completed keep alive response. 
2024-11-18 15:55:49.2041|DEBUG|Connection id "0HN87KO7086J5" disconnecting. 
2024-11-18 15:55:49.2765|DEBUG|Connection id "0HN87KO7086J5" stopped. 
2024-11-18 15:57:23.5951|DEBUG|Connection id "0HN87KO7086J6" accepted. 
2024-11-18 15:57:23.5951|DEBUG|Connection id "0HN87KO7086J6" started. 
2024-11-18 15:57:28.7069|DEBUG|Connection id "0HN87KO7086J6" completed keep alive response. 
2024-11-18 15:57:29.4596|DEBUG|Connection id "0HN87KO7086J6" completed keep alive response. 
2024-11-18 15:57:35.1875|DEBUG|Connection id "0HN87KO7086J6" disconnecting. 
2024-11-18 15:57:35.2608|DEBUG|Connection id "0HN87KO7086J6" stopped. 
2024-11-18 15:58:24.5822|DEBUG|Connection id "0HN87KO7086J7" accepted. 
2024-11-18 15:58:24.5822|DEBUG|Connection id "0HN87KO7086J7" started. 
2024-11-18 15:58:49.6086|DEBUG|Connection id "0HN87KO7086J7" completed keep alive response. 
2024-11-18 15:58:50.4230|DEBUG|Connection id "0HN87KO7086J7" completed keep alive response. 
2024-11-18 15:58:57.1861|DEBUG|Connection id "0HN87KO7086J7" disconnecting. 
2024-11-18 15:58:57.2562|DEBUG|Connection id "0HN87KO7086J7" stopped. 
2024-11-18 15:59:46.1923|DEBUG|Connection id "0HN87KO7086J8" accepted. 
2024-11-18 15:59:46.1923|DEBUG|Connection id "0HN87KO7086J8" started. 
2024-11-18 15:59:57.1964|DEBUG|Connection id "0HN87KO7086J8" completed keep alive response. 
2024-11-18 15:59:58.0577|DEBUG|Connection id "0HN87KO7086J8" completed keep alive response. 
2024-11-18 16:00:01.3692|DEBUG|Connection id "0HN87KO7086J8" disconnecting. 
2024-11-18 16:00:01.4381|DEBUG|Connection id "0HN87KO7086J8" stopped. 
2024-11-18 16:02:00.4978|DEBUG|Connection id "0HN87KT3VJSR9" accepted. 
2024-11-18 16:02:00.4978|DEBUG|Connection id "0HN87KT3VJSR9" started. 
2024-11-18 16:02:05.2733|DEBUG|Connection id "0HN87KT3VJSR9" completed keep alive response. 
2024-11-18 16:02:05.3921|DEBUG|Connection id "0HN87KT3VJSR9" completed keep alive response. 
2024-11-18 16:02:15.2781|DEBUG|Connection id "0HN87KT3VJSR9" disconnecting. 
2024-11-18 16:02:15.3751|DEBUG|Connection id "0HN87KT3VJSR9" stopped. 
2024-11-18 16:02:20.3808|DEBUG|Connection id "0HN87KT3VJSRA" accepted. 
2024-11-18 16:02:20.3808|DEBUG|Connection id "0HN87KT3VJSRA" started. 
2024-11-18 16:02:20.5348|DEBUG|Connection id "0HN87KT3VJSRA" completed keep alive response. 
2024-11-18 16:02:20.6364|DEBUG|Connection id "0HN87KT3VJSRA" completed keep alive response. 
2024-11-18 16:02:23.4465|DEBUG|Connection id "0HN87KT3VJSRA" disconnecting. 
2024-11-18 16:02:23.5230|DEBUG|Connection id "0HN87KT3VJSRA" stopped. 
2024-11-18 16:08:32.5402|DEBUG|Connection id "0HN87L0OQDP3V" accepted. 
2024-11-18 16:08:32.5402|DEBUG|Connection id "0HN87L0OQDP3V" started. 
2024-11-18 16:08:32.9568|DEBUG|Connection id "0HN87L0OQDP3V" completed keep alive response. 
2024-11-18 16:10:16.8714|DEBUG|Connection id "0HN87L1NTD245" accepted. 
2024-11-18 16:10:16.8714|DEBUG|Connection id "0HN87L1NTD245" started. 
2024-11-18 16:10:46.7385|DEBUG|Connection id "0HN87L1NTD245" completed keep alive response. 
2024-11-18 16:10:55.3384|DEBUG|Connection id "0HN87L1NTD245" disconnecting. 
2024-11-18 16:10:55.4108|DEBUG|Connection id "0HN87L1NTD245" stopped. 
2024-11-18 16:14:44.8379|DEBUG|Connection id "0HN87L47OU0MN" accepted. 
2024-11-18 16:14:44.8379|DEBUG|Connection id "0HN87L47OU0MN" started. 
2024-11-18 16:14:45.8458|DEBUG|Connection id "0HN87L47OU0MN" completed keep alive response. 
2024-11-18 16:14:45.9712|DEBUG|Connection id "0HN87L47OU0MN" completed keep alive response. 
2024-11-18 16:14:48.0250|DEBUG|Connection id "0HN87L47OU0MO" accepted. 
2024-11-18 16:14:48.0250|DEBUG|Connection id "0HN87L47OU0MO" started. 
2024-11-18 16:14:53.2122|DEBUG|Connection id "0HN87L47OU0MO" completed keep alive response. 
2024-11-18 16:15:10.0479|DEBUG|Connection id "0HN87L47OU0MN" disconnecting. 
2024-11-18 16:15:10.0479|DEBUG|Connection id "0HN87L47OU0MO" disconnecting. 
2024-11-18 16:15:10.1781|DEBUG|Connection id "0HN87L47OU0MO" stopped. 
2024-11-18 16:15:10.1781|DEBUG|Connection id "0HN87L47OU0MN" stopped. 
2024-11-18 16:15:30.1034|DEBUG|Connection id "0HN87L47OU0MP" accepted. 
2024-11-18 16:15:30.1034|DEBUG|Connection id "0HN87L47OU0MP" started. 
2024-11-18 16:15:30.2481|DEBUG|Connection id "0HN87L47OU0MP" completed keep alive response. 
2024-11-18 16:15:30.3435|DEBUG|Connection id "0HN87L47OU0MP" completed keep alive response. 
2024-11-18 16:15:32.3993|DEBUG|Connection id "0HN87L47OU0MQ" accepted. 
2024-11-18 16:15:32.3993|DEBUG|Connection id "0HN87L47OU0MQ" started. 
2024-11-18 16:15:32.4531|DEBUG|Connection id "0HN87L47OU0MQ" completed keep alive response. 
2024-11-18 16:15:38.1717|DEBUG|Connection id "0HN87L47OU0MQ" disconnecting. 
2024-11-18 16:15:38.1717|DEBUG|Connection id "0HN87L47OU0MP" disconnecting. 
2024-11-18 16:15:38.3178|DEBUG|Connection id "0HN87L47OU0MQ" stopped. 
2024-11-18 16:15:38.3178|DEBUG|Connection id "0HN87L47OU0MP" stopped. 
2024-11-18 17:31:29.2214|DEBUG|Connection id "0HN87MF3VOB5O" accepted. 
2024-11-18 17:31:29.2214|DEBUG|Connection id "0HN87MF3VOB5O" started. 
2024-11-18 17:31:30.0804|DEBUG|Connection id "0HN87MF3VOB5O" completed keep alive response. 
2024-11-18 17:31:30.2264|DEBUG|Connection id "0HN87MF3VOB5O" completed keep alive response. 
2024-11-18 17:31:32.2814|DEBUG|Connection id "0HN87MF3VOB5P" accepted. 
2024-11-18 17:31:32.2814|DEBUG|Connection id "0HN87MF3VOB5P" started. 
2024-11-18 17:31:32.3352|DEBUG|Connection id "0HN87MF3VOB5P" completed keep alive response. 
2024-11-18 17:31:32.4281|DEBUG|Connection id "0HN87MF3VOB5O" disconnecting. 
2024-11-18 17:31:32.4281|DEBUG|Connection id "0HN87MF3VOB5P" disconnecting. 
2024-11-18 17:31:32.5834|DEBUG|Connection id "0HN87MF3VOB5P" stopped. 
2024-11-18 17:31:32.5834|DEBUG|Connection id "0HN87MF3VOB5O" stopped. 
2024-11-18 17:35:47.7708|DEBUG|Connection id "0HN87MF3VOB5Q" accepted. 
2024-11-18 17:35:47.7708|DEBUG|Connection id "0HN87MF3VOB5Q" started. 
2024-11-18 17:35:47.9059|DEBUG|Connection id "0HN87MF3VOB5Q" completed keep alive response. 
2024-11-18 17:35:47.9887|DEBUG|Connection id "0HN87MF3VOB5Q" completed keep alive response. 
2024-11-18 17:35:59.0207|DEBUG|Connection id "0HN87MF3VOB5Q" disconnecting. 
2024-11-18 17:35:59.0902|DEBUG|Connection id "0HN87MF3VOB5Q" stopped. 
2024-11-18 17:36:07.8166|DEBUG|Connection id "0HN87MF3VOB5R" accepted. 
2024-11-18 17:36:07.8166|DEBUG|Connection id "0HN87MF3VOB5R" started. 
2024-11-18 17:36:07.9230|DEBUG|Connection id "0HN87MF3VOB5R" completed keep alive response. 
2024-11-18 17:36:07.9748|DEBUG|Connection id "0HN87MF3VOB5R" completed keep alive response. 
2024-11-18 17:36:10.0294|DEBUG|Connection id "0HN87MF3VOB5S" accepted. 
2024-11-18 17:36:10.0294|DEBUG|Connection id "0HN87MF3VOB5S" started. 
2024-11-18 17:36:10.0538|DEBUG|Connection id "0HN87MF3VOB5S" completed keep alive response. 
2024-11-18 17:36:10.1127|DEBUG|Connection id "0HN87MF3VOB5R" disconnecting. 
2024-11-18 17:36:10.1127|DEBUG|Connection id "0HN87MF3VOB5S" disconnecting. 
2024-11-18 17:36:10.2506|DEBUG|Connection id "0HN87MF3VOB5S" stopped. 
2024-11-18 17:36:10.2506|DEBUG|Connection id "0HN87MF3VOB5R" stopped. 
2024-11-18 17:40:33.1136|DEBUG|Connection id "0HN87MF3VOB5T" accepted. 
2024-11-18 17:40:33.1136|DEBUG|Connection id "0HN87MF3VOB5T" started. 
2024-11-18 17:40:33.2095|DEBUG|Connection id "0HN87MF3VOB5T" completed keep alive response. 
2024-11-18 17:40:33.2487|DEBUG|Connection id "0HN87MF3VOB5T" completed keep alive response. 
2024-11-18 17:40:35.3212|DEBUG|Connection id "0HN87MF3VOB5U" accepted. 
2024-11-18 17:40:35.3212|DEBUG|Connection id "0HN87MF3VOB5U" started. 
2024-11-18 17:40:35.3462|DEBUG|Connection id "0HN87MF3VOB5U" completed keep alive response. 
2024-11-18 17:40:41.6336|DEBUG|Connection id "0HN87MF3VOB5T" disconnecting. 
2024-11-18 17:40:41.6336|DEBUG|Connection id "0HN87MF3VOB5U" disconnecting. 
2024-11-18 17:40:41.7586|DEBUG|Connection id "0HN87MF3VOB5U" stopped. 
2024-11-18 17:40:41.7709|DEBUG|Connection id "0HN87MF3VOB5T" stopped. 
