2024-11-18 09:55:40.8773|DEBUG|Connection id "0HN87EGDFAMJK", Request id "0HN87EGDFAMJK:00000001": started reading request body. 
2024-11-18 09:55:40.8773|DEBUG|Connection id "0HN87EGDFAMJK", Request id "0HN87EGDFAMJK:00000001": done reading request body. 
2024-11-18 09:56:50.5523|DEBUG|Connection id "0HN87EH280U05", Request id "0HN87EH280U05:00000001": started reading request body. 
2024-11-18 09:56:50.5656|DEBUG|Connection id "0HN87EH280U05", Request id "0HN87EH280U05:00000001": done reading request body. 
2024-11-18 09:57:50.1958|DEBUG|Connection id "0HN87EHK15T4C", Request id "0HN87EHK15T4C:00000001": started reading request body. 
2024-11-18 09:57:50.2066|DEBUG|Connection id "0HN87EHK15T4C", Request id "0HN87EHK15T4C:00000001": done reading request body. 
2024-11-18 09:58:47.3577|DEBUG|Connection id "0HN87EI525H6E", Request id "0HN87EI525H6E:00000001": started reading request body. 
2024-11-18 09:58:47.3772|DEBUG|Connection id "0HN87EI525H6E", Request id "0HN87EI525H6E:00000001": done reading request body. 
2024-11-18 09:59:48.1374|DEBUG|Connection id "0HN87EIN63CDN", Request id "0HN87EIN63CDN:00000001": started reading request body. 
2024-11-18 09:59:48.1557|DEBUG|Connection id "0HN87EIN63CDN", Request id "0HN87EIN63CDN:00000001": done reading request body. 
2024-11-18 10:01:17.7321|DEBUG|Connection id "0HN87EJHSCP6C", Request id "0HN87EJHSCP6C:00000001": started reading request body. 
2024-11-18 10:01:17.7321|DEBUG|Connection id "0HN87EJHSCP6C", Request id "0HN87EJHSCP6C:00000001": done reading request body. 
2024-11-18 10:16:50.6122|DEBUG|Connection id "0HN87EJHSCP6D", Request id "0HN87EJHSCP6D:00000001": started reading request body. 
2024-11-18 10:16:50.6122|DEBUG|Connection id "0HN87EJHSCP6D", Request id "0HN87EJHSCP6D:00000001": done reading request body. 
2024-11-18 10:17:28.7670|DEBUG|Connection id "0HN87EJHSCP6E", Request id "0HN87EJHSCP6E:00000001": started reading request body. 
2024-11-18 10:17:28.7824|DEBUG|Connection id "0HN87EJHSCP6E", Request id "0HN87EJHSCP6E:00000001": done reading request body. 
2024-11-18 10:18:34.2506|DEBUG|Connection id "0HN87EJHSCP6F", Request id "0HN87EJHSCP6F:00000001": started reading request body. 
2024-11-18 10:18:34.2506|DEBUG|Connection id "0HN87EJHSCP6F", Request id "0HN87EJHSCP6F:00000001": done reading request body. 
2024-11-18 10:20:45.6894|DEBUG|Connection id "0HN87EJHSCP6G", Request id "0HN87EJHSCP6G:00000001": started reading request body. 
2024-11-18 10:20:45.6894|DEBUG|Connection id "0HN87EJHSCP6G", Request id "0HN87EJHSCP6G:00000001": done reading request body. 
2024-11-18 10:29:04.9629|DEBUG|Connection id "0HN87F32NB5OR", Request id "0HN87F32NB5OR:00000001": started reading request body. 
2024-11-18 10:29:04.9782|DEBUG|Connection id "0HN87F32NB5OR", Request id "0HN87F32NB5OR:00000001": done reading request body. 
2024-11-18 10:38:01.7957|DEBUG|Connection id "0HN87F82NVBD2", Request id "0HN87F82NVBD2:00000001": started reading request body. 
2024-11-18 10:38:01.8177|DEBUG|Connection id "0HN87F82NVBD2", Request id "0HN87F82NVBD2:00000001": done reading request body. 
2024-11-18 10:39:24.8114|DEBUG|Connection id "0HN87F82NVBD3", Request id "0HN87F82NVBD3:00000001": started reading request body. 
2024-11-18 10:39:24.8321|DEBUG|Connection id "0HN87F82NVBD3", Request id "0HN87F82NVBD3:00000001": done reading request body. 
2024-11-18 10:44:00.7551|DEBUG|Connection id "0HN87F82NVBD4", Request id "0HN87F82NVBD4:00000001": started reading request body. 
2024-11-18 10:44:00.7733|DEBUG|Connection id "0HN87F82NVBD4", Request id "0HN87F82NVBD4:00000001": done reading request body. 
2024-11-18 10:45:49.9700|DEBUG|Connection id "0HN87F82NVBD5", Request id "0HN87F82NVBD5:00000001": started reading request body. 
2024-11-18 10:45:49.9700|DEBUG|Connection id "0HN87F82NVBD5", Request id "0HN87F82NVBD5:00000001": done reading request body. 
2024-11-18 10:48:31.6802|DEBUG|Connection id "0HN87F82NVBD6", Request id "0HN87F82NVBD6:00000001": started reading request body. 
2024-11-18 10:48:31.6802|DEBUG|Connection id "0HN87F82NVBD6", Request id "0HN87F82NVBD6:00000001": done reading request body. 
2024-11-18 10:54:13.7468|DEBUG|Connection id "0HN87F82NVBD7", Request id "0HN87F82NVBD7:00000001": started reading request body. 
2024-11-18 10:54:13.7468|DEBUG|Connection id "0HN87F82NVBD7", Request id "0HN87F82NVBD7:00000001": done reading request body. 
2024-11-18 10:54:21.7943|DEBUG|Connection id "0HN87F82NVBD8", Request id "0HN87F82NVBD8:00000001": started reading request body. 
2024-11-18 10:54:21.7943|DEBUG|Connection id "0HN87F82NVBD8", Request id "0HN87F82NVBD8:00000001": done reading request body. 
2024-11-18 11:01:57.2382|DEBUG|Connection id "0HN87FLEH2S19", Request id "0HN87FLEH2S19:00000001": started reading request body. 
2024-11-18 11:01:57.2382|DEBUG|Connection id "0HN87FLEH2S19", Request id "0HN87FLEH2S19:00000001": done reading request body. 
2024-11-18 11:02:25.7369|DEBUG|Connection id "0HN87FLEH2S1A", Request id "0HN87FLEH2S1A:00000001": started reading request body. 
2024-11-18 11:02:25.7369|DEBUG|Connection id "0HN87FLEH2S1A", Request id "0HN87FLEH2S1A:00000001": done reading request body. 
2024-11-18 14:50:49.0483|DEBUG|Connection id "0HN87JLAU09RO", Request id "0HN87JLAU09RO:00000001": started reading request body. 
2024-11-18 14:50:49.0592|DEBUG|Connection id "0HN87JLAU09RO", Request id "0HN87JLAU09RO:00000001": done reading request body. 
2024-11-18 14:50:53.1677|DEBUG|Connection id "0HN87JLAU09RO", Request id "0HN87JLAU09RO:00000002": started reading request body. 
2024-11-18 14:50:53.1677|DEBUG|Connection id "0HN87JLAU09RO", Request id "0HN87JLAU09RO:00000002": done reading request body. 
2024-11-18 15:03:06.7604|DEBUG|Connection id "0HN87JS6PHP7B", Request id "0HN87JS6PHP7B:00000001": started reading request body. 
2024-11-18 15:03:06.7694|DEBUG|Connection id "0HN87JS6PHP7B", Request id "0HN87JS6PHP7B:00000001": done reading request body. 
2024-11-18 15:04:46.6587|DEBUG|Connection id "0HN87JS6PHP7C", Request id "0HN87JS6PHP7C:00000001": started reading request body. 
2024-11-18 15:04:46.6587|DEBUG|Connection id "0HN87JS6PHP7C", Request id "0HN87JS6PHP7C:00000001": done reading request body. 
2024-11-18 15:04:50.4268|DEBUG|Connection id "0HN87JS6PHP7C", Request id "0HN87JS6PHP7C:00000002": started reading request body. 
2024-11-18 15:04:50.4268|DEBUG|Connection id "0HN87JS6PHP7C", Request id "0HN87JS6PHP7C:00000002": done reading request body. 
2024-11-18 15:07:14.9852|DEBUG|Connection id "0HN87JS6PHP7D", Request id "0HN87JS6PHP7D:00000001": started reading request body. 
2024-11-18 15:07:14.9852|DEBUG|Connection id "0HN87JS6PHP7D", Request id "0HN87JS6PHP7D:00000001": done reading request body. 
2024-11-18 15:07:18.3283|DEBUG|Connection id "0HN87JS6PHP7D", Request id "0HN87JS6PHP7D:00000002": started reading request body. 
2024-11-18 15:07:18.3283|DEBUG|Connection id "0HN87JS6PHP7D", Request id "0HN87JS6PHP7D:00000002": done reading request body. 
2024-11-18 15:09:43.9466|DEBUG|Connection id "0HN87JVT5DRM9", Request id "0HN87JVT5DRM9:00000001": started reading request body. 
2024-11-18 15:09:43.9564|DEBUG|Connection id "0HN87JVT5DRM9", Request id "0HN87JVT5DRM9:00000001": done reading request body. 
2024-11-18 15:09:51.2338|DEBUG|Connection id "0HN87JVT5DRM9", Request id "0HN87JVT5DRM9:00000002": started reading request body. 
2024-11-18 15:09:51.2338|DEBUG|Connection id "0HN87JVT5DRM9", Request id "0HN87JVT5DRM9:00000002": done reading request body. 
2024-11-18 15:10:13.2030|DEBUG|Connection id "0HN87JVT5DRMA", Request id "0HN87JVT5DRMA:00000001": started reading request body. 
2024-11-18 15:10:13.2030|DEBUG|Connection id "0HN87JVT5DRMA", Request id "0HN87JVT5DRMA:00000001": done reading request body. 
2024-11-18 15:10:13.3121|DEBUG|Connection id "0HN87JVT5DRMA", Request id "0HN87JVT5DRMA:00000002": started reading request body. 
2024-11-18 15:10:13.3121|DEBUG|Connection id "0HN87JVT5DRMA", Request id "0HN87JVT5DRMA:00000002": done reading request body. 
2024-11-18 15:17:01.7475|DEBUG|Connection id "0HN87K3VKJT0D", Request id "0HN87K3VKJT0D:00000001": started reading request body. 
2024-11-18 15:17:01.7475|DEBUG|Connection id "0HN87K3VKJT0D", Request id "0HN87K3VKJT0D:00000001": done reading request body. 
2024-11-18 15:17:02.3200|DEBUG|Connection id "0HN87K3VKJT0D", Request id "0HN87K3VKJT0D:00000002": started reading request body. 
2024-11-18 15:17:02.3200|DEBUG|Connection id "0HN87K3VKJT0D", Request id "0HN87K3VKJT0D:00000002": done reading request body. 
2024-11-18 15:17:22.8811|DEBUG|Connection id "0HN87K3VKJT0E", Request id "0HN87K3VKJT0E:00000001": started reading request body. 
2024-11-18 15:17:22.8811|DEBUG|Connection id "0HN87K3VKJT0E", Request id "0HN87K3VKJT0E:00000001": done reading request body. 
2024-11-18 15:17:22.9598|DEBUG|Connection id "0HN87K3VKJT0E", Request id "0HN87K3VKJT0E:00000002": started reading request body. 
2024-11-18 15:17:22.9598|DEBUG|Connection id "0HN87K3VKJT0E", Request id "0HN87K3VKJT0E:00000002": done reading request body. 
2024-11-18 15:18:28.7842|DEBUG|Connection id "0HN87K3VKJT0F", Request id "0HN87K3VKJT0F:00000001": started reading request body. 
2024-11-18 15:18:28.7842|DEBUG|Connection id "0HN87K3VKJT0F", Request id "0HN87K3VKJT0F:00000001": done reading request body. 
2024-11-18 15:18:28.8828|DEBUG|Connection id "0HN87K3VKJT0F", Request id "0HN87K3VKJT0F:00000002": started reading request body. 
2024-11-18 15:18:28.8964|DEBUG|Connection id "0HN87K3VKJT0F", Request id "0HN87K3VKJT0F:00000002": done reading request body. 
2024-11-18 15:34:24.3180|DEBUG|Connection id "0HN87KDMBCL70", Request id "0HN87KDMBCL70:00000001": started reading request body. 
2024-11-18 15:34:24.3180|DEBUG|Connection id "0HN87KDMBCL70", Request id "0HN87KDMBCL70:00000001": done reading request body. 
2024-11-18 15:34:24.8018|DEBUG|Connection id "0HN87KDMBCL70", Request id "0HN87KDMBCL70:00000002": started reading request body. 
2024-11-18 15:34:24.8018|DEBUG|Connection id "0HN87KDMBCL70", Request id "0HN87KDMBCL70:00000002": done reading request body. 
2024-11-18 15:36:09.2968|DEBUG|Connection id "0HN87KELK2PJ5", Request id "0HN87KELK2PJ5:00000001": started reading request body. 
2024-11-18 15:36:09.3080|DEBUG|Connection id "0HN87KELK2PJ5", Request id "0HN87KELK2PJ5:00000001": done reading request body. 
2024-11-18 15:36:09.8940|DEBUG|Connection id "0HN87KELK2PJ5", Request id "0HN87KELK2PJ5:00000002": started reading request body. 
2024-11-18 15:36:09.9087|DEBUG|Connection id "0HN87KELK2PJ5", Request id "0HN87KELK2PJ5:00000002": done reading request body. 
2024-11-18 15:53:13.9568|DEBUG|Connection id "0HN87KO7086J3", Request id "0HN87KO7086J3:00000001": started reading request body. 
2024-11-18 15:53:13.9568|DEBUG|Connection id "0HN87KO7086J3", Request id "0HN87KO7086J3:00000001": done reading request body. 
2024-11-18 15:53:14.7645|DEBUG|Connection id "0HN87KO7086J3", Request id "0HN87KO7086J3:00000002": started reading request body. 
2024-11-18 15:53:14.7645|DEBUG|Connection id "0HN87KO7086J3", Request id "0HN87KO7086J3:00000002": done reading request body. 
2024-11-18 15:54:28.6857|DEBUG|Connection id "0HN87KO7086J4", Request id "0HN87KO7086J4:00000001": started reading request body. 
2024-11-18 15:54:28.7131|DEBUG|Connection id "0HN87KO7086J4", Request id "0HN87KO7086J4:00000001": done reading request body. 
2024-11-18 15:54:28.7962|DEBUG|Connection id "0HN87KO7086J4", Request id "0HN87KO7086J4:00000002": started reading request body. 
2024-11-18 15:54:28.8109|DEBUG|Connection id "0HN87KO7086J4", Request id "0HN87KO7086J4:00000002": done reading request body. 
2024-11-18 15:55:11.8136|DEBUG|Connection id "0HN87KO7086J5", Request id "0HN87KO7086J5:00000001": started reading request body. 
2024-11-18 15:55:11.8136|DEBUG|Connection id "0HN87KO7086J5", Request id "0HN87KO7086J5:00000001": done reading request body. 
2024-11-18 15:55:44.2508|DEBUG|Connection id "0HN87KO7086J5", Request id "0HN87KO7086J5:00000002": started reading request body. 
2024-11-18 15:55:44.2635|DEBUG|Connection id "0HN87KO7086J5", Request id "0HN87KO7086J5:00000002": done reading request body. 
2024-11-18 15:57:23.6530|DEBUG|Connection id "0HN87KO7086J6", Request id "0HN87KO7086J6:00000001": started reading request body. 
2024-11-18 15:57:23.6692|DEBUG|Connection id "0HN87KO7086J6", Request id "0HN87KO7086J6:00000001": done reading request body. 
2024-11-18 15:57:28.7144|DEBUG|Connection id "0HN87KO7086J6", Request id "0HN87KO7086J6:00000002": started reading request body. 
2024-11-18 15:57:28.7144|DEBUG|Connection id "0HN87KO7086J6", Request id "0HN87KO7086J6:00000002": done reading request body. 
2024-11-18 15:58:24.6510|DEBUG|Connection id "0HN87KO7086J7", Request id "0HN87KO7086J7:00000001": started reading request body. 
2024-11-18 15:58:24.6510|DEBUG|Connection id "0HN87KO7086J7", Request id "0HN87KO7086J7:00000001": done reading request body. 
2024-11-18 15:58:49.6194|DEBUG|Connection id "0HN87KO7086J7", Request id "0HN87KO7086J7:00000002": started reading request body. 
2024-11-18 15:58:49.6194|DEBUG|Connection id "0HN87KO7086J7", Request id "0HN87KO7086J7:00000002": done reading request body. 
2024-11-18 15:59:46.2595|DEBUG|Connection id "0HN87KO7086J8", Request id "0HN87KO7086J8:00000001": started reading request body. 
2024-11-18 15:59:46.2595|DEBUG|Connection id "0HN87KO7086J8", Request id "0HN87KO7086J8:00000001": done reading request body. 
2024-11-18 15:59:57.2133|DEBUG|Connection id "0HN87KO7086J8", Request id "0HN87KO7086J8:00000002": started reading request body. 
2024-11-18 15:59:57.2133|DEBUG|Connection id "0HN87KO7086J8", Request id "0HN87KO7086J8:00000002": done reading request body. 
2024-11-18 16:02:00.7206|DEBUG|Connection id "0HN87KT3VJSR9", Request id "0HN87KT3VJSR9:00000001": started reading request body. 
2024-11-18 16:02:00.7307|DEBUG|Connection id "0HN87KT3VJSR9", Request id "0HN87KT3VJSR9:00000001": done reading request body. 
2024-11-18 16:02:05.2887|DEBUG|Connection id "0HN87KT3VJSR9", Request id "0HN87KT3VJSR9:00000002": started reading request body. 
2024-11-18 16:02:05.2887|DEBUG|Connection id "0HN87KT3VJSR9", Request id "0HN87KT3VJSR9:00000002": done reading request body. 
2024-11-18 16:02:20.4449|DEBUG|Connection id "0HN87KT3VJSRA", Request id "0HN87KT3VJSRA:00000001": started reading request body. 
2024-11-18 16:02:20.4449|DEBUG|Connection id "0HN87KT3VJSRA", Request id "0HN87KT3VJSRA:00000001": done reading request body. 
2024-11-18 16:02:20.5388|DEBUG|Connection id "0HN87KT3VJSRA", Request id "0HN87KT3VJSRA:00000002": started reading request body. 
2024-11-18 16:02:20.5388|DEBUG|Connection id "0HN87KT3VJSRA", Request id "0HN87KT3VJSRA:00000002": done reading request body. 
2024-11-18 16:08:32.7067|DEBUG|Connection id "0HN87L0OQDP3V", Request id "0HN87L0OQDP3V:00000001": started reading request body. 
2024-11-18 16:08:32.7284|DEBUG|Connection id "0HN87L0OQDP3V", Request id "0HN87L0OQDP3V:00000001": done reading request body. 
2024-11-18 16:10:17.1450|DEBUG|Connection id "0HN87L1NTD245", Request id "0HN87L1NTD245:00000001": started reading request body. 
2024-11-18 16:10:17.1632|DEBUG|Connection id "0HN87L1NTD245", Request id "0HN87L1NTD245:00000001": done reading request body. 
2024-11-18 16:14:45.0345|DEBUG|Connection id "0HN87L47OU0MN", Request id "0HN87L47OU0MN:00000001": started reading request body. 
2024-11-18 16:14:45.0345|DEBUG|Connection id "0HN87L47OU0MN", Request id "0HN87L47OU0MN:00000001": done reading request body. 
2024-11-18 16:14:45.8614|DEBUG|Connection id "0HN87L47OU0MN", Request id "0HN87L47OU0MN:00000002": started reading request body. 
2024-11-18 16:14:45.8614|DEBUG|Connection id "0HN87L47OU0MN", Request id "0HN87L47OU0MN:00000002": done reading request body. 
2024-11-18 16:14:48.0345|DEBUG|Connection id "0HN87L47OU0MO", Request id "0HN87L47OU0MO:00000001": started reading request body. 
2024-11-18 16:14:48.0472|DEBUG|Connection id "0HN87L47OU0MO", Request id "0HN87L47OU0MO:00000001": done reading request body. 
2024-11-18 16:15:30.1616|DEBUG|Connection id "0HN87L47OU0MP", Request id "0HN87L47OU0MP:00000001": started reading request body. 
2024-11-18 16:15:30.1726|DEBUG|Connection id "0HN87L47OU0MP", Request id "0HN87L47OU0MP:00000001": done reading request body. 
2024-11-18 16:15:30.2523|DEBUG|Connection id "0HN87L47OU0MP", Request id "0HN87L47OU0MP:00000002": started reading request body. 
2024-11-18 16:15:30.2523|DEBUG|Connection id "0HN87L47OU0MP", Request id "0HN87L47OU0MP:00000002": done reading request body. 
2024-11-18 16:15:32.4062|DEBUG|Connection id "0HN87L47OU0MQ", Request id "0HN87L47OU0MQ:00000001": started reading request body. 
2024-11-18 16:15:32.4062|DEBUG|Connection id "0HN87L47OU0MQ", Request id "0HN87L47OU0MQ:00000001": done reading request body. 
2024-11-18 17:31:29.4377|DEBUG|Connection id "0HN87MF3VOB5O", Request id "0HN87MF3VOB5O:00000001": started reading request body. 
2024-11-18 17:31:29.4480|DEBUG|Connection id "0HN87MF3VOB5O", Request id "0HN87MF3VOB5O:00000001": done reading request body. 
2024-11-18 17:31:30.0845|DEBUG|Connection id "0HN87MF3VOB5O", Request id "0HN87MF3VOB5O:00000002": started reading request body. 
2024-11-18 17:31:30.1044|DEBUG|Connection id "0HN87MF3VOB5O", Request id "0HN87MF3VOB5O:00000002": done reading request body. 
2024-11-18 17:31:32.2889|DEBUG|Connection id "0HN87MF3VOB5P", Request id "0HN87MF3VOB5P:00000001": started reading request body. 
2024-11-18 17:31:32.2889|DEBUG|Connection id "0HN87MF3VOB5P", Request id "0HN87MF3VOB5P:00000001": done reading request body. 
2024-11-18 17:35:47.8327|DEBUG|Connection id "0HN87MF3VOB5Q", Request id "0HN87MF3VOB5Q:00000001": started reading request body. 
2024-11-18 17:35:47.8327|DEBUG|Connection id "0HN87MF3VOB5Q", Request id "0HN87MF3VOB5Q:00000001": done reading request body. 
2024-11-18 17:35:47.9136|DEBUG|Connection id "0HN87MF3VOB5Q", Request id "0HN87MF3VOB5Q:00000002": started reading request body. 
2024-11-18 17:35:47.9136|DEBUG|Connection id "0HN87MF3VOB5Q", Request id "0HN87MF3VOB5Q:00000002": done reading request body. 
2024-11-18 17:36:07.8791|DEBUG|Connection id "0HN87MF3VOB5R", Request id "0HN87MF3VOB5R:00000001": started reading request body. 
2024-11-18 17:36:07.8791|DEBUG|Connection id "0HN87MF3VOB5R", Request id "0HN87MF3VOB5R:00000001": done reading request body. 
2024-11-18 17:36:07.9310|DEBUG|Connection id "0HN87MF3VOB5R", Request id "0HN87MF3VOB5R:00000002": started reading request body. 
2024-11-18 17:36:07.9310|DEBUG|Connection id "0HN87MF3VOB5R", Request id "0HN87MF3VOB5R:00000002": done reading request body. 
2024-11-18 17:36:10.0364|DEBUG|Connection id "0HN87MF3VOB5S", Request id "0HN87MF3VOB5S:00000001": started reading request body. 
2024-11-18 17:36:10.0364|DEBUG|Connection id "0HN87MF3VOB5S", Request id "0HN87MF3VOB5S:00000001": done reading request body. 
2024-11-18 17:40:33.1747|DEBUG|Connection id "0HN87MF3VOB5T", Request id "0HN87MF3VOB5T:00000001": started reading request body. 
2024-11-18 17:40:33.1747|DEBUG|Connection id "0HN87MF3VOB5T", Request id "0HN87MF3VOB5T:00000001": done reading request body. 
2024-11-18 17:40:33.2095|DEBUG|Connection id "0HN87MF3VOB5T", Request id "0HN87MF3VOB5T:00000002": started reading request body. 
2024-11-18 17:40:33.2277|DEBUG|Connection id "0HN87MF3VOB5T", Request id "0HN87MF3VOB5T:00000002": done reading request body. 
2024-11-18 17:40:35.3304|DEBUG|Connection id "0HN87MF3VOB5U", Request id "0HN87MF3VOB5U:00000001": started reading request body. 
2024-11-18 17:40:35.3304|DEBUG|Connection id "0HN87MF3VOB5U", Request id "0HN87MF3VOB5U:00000001": done reading request body. 
