2024-11-18 09:55:40.8304|INFO|Request:
Protocol: HTTP/1.1
Method: POST
Scheme: https
PathBase: 
Path: /addStamper
Host: localhost:5566
Content-Type: multipart/form-data; boundary="723db465-f409-4f5b-b286-230a51991a0a"
Content-Length: 265594 
2024-11-18 09:55:40.8304|DEBUG|Unrecognized Content-Type for request body. 
2024-11-18 09:56:50.5054|INFO|Request:
Protocol: HTTP/1.1
Method: POST
Scheme: https
PathBase: 
Path: /addStamper
Host: localhost:5566
Content-Type: multipart/form-data; boundary="26cf711a-0661-4f14-8b68-9971284c3b46"
Content-Length: 265594 
2024-11-18 09:56:50.5197|DEBUG|Unrecognized Content-Type for request body. 
2024-11-18 09:57:50.1444|INFO|Request:
Protocol: HTTP/1.1
Method: POST
Scheme: https
PathBase: 
Path: /addStamper
Host: localhost:5566
Content-Type: multipart/form-data; boundary="f04d3419-1106-47a2-915b-24f2fa8d5770"
Content-Length: 265594 
2024-11-18 09:57:50.1591|DEBUG|Unrecognized Content-Type for request body. 
2024-11-18 09:58:47.3261|INFO|Request:
Protocol: HTTP/1.1
Method: POST
Scheme: https
PathBase: 
Path: /addStamper
Host: localhost:5566
Content-Type: multipart/form-data; boundary="d26dcc2a-dfdb-48d3-b9f0-57a5004a5770"
Content-Length: 265594 
2024-11-18 09:58:47.3261|DEBUG|Unrecognized Content-Type for request body. 
2024-11-18 09:59:48.1067|INFO|Request:
Protocol: HTTP/1.1
Method: POST
Scheme: https
PathBase: 
Path: /addStamper
Host: localhost:5566
Content-Type: multipart/form-data; boundary="deec9e3c-1abc-43c7-9495-7729ee9737f5"
Content-Length: 265594 
2024-11-18 09:59:48.1067|DEBUG|Unrecognized Content-Type for request body. 
2024-11-18 10:01:17.6872|INFO|Request:
Protocol: HTTP/1.1
Method: POST
Scheme: https
PathBase: 
Path: /searchTextChunk
Host: localhost:5566
Content-Type: multipart/form-data; boundary="ccc2a786-51e7-4da6-8a54-7e11e0f29fab"
Content-Length: 141591
Jepun_TraceIdentifier: [Redacted] 
2024-11-18 10:01:17.7025|DEBUG|Unrecognized Content-Type for request body. 
2024-11-18 10:16:50.5988|INFO|Request:
Protocol: HTTP/1.1
Method: POST
Scheme: https
PathBase: 
Path: /SearchMultiTextAddImgToPdf
Host: localhost:5566
Content-Type: multipart/form-data; boundary="1d00ece8-419b-4bab-9cec-cdf09f0c6c0f"
Content-Length: 510430
Jepun_TraceIdentifier: [Redacted] 
2024-11-18 10:16:50.6122|DEBUG|Unrecognized Content-Type for request body. 
2024-11-18 10:17:28.7670|INFO|Request:
Protocol: HTTP/1.1
Method: POST
Scheme: https
PathBase: 
Path: /SearchMultiTextAddImgToPdf
Host: localhost:5566
Content-Type: multipart/form-data; boundary="608e5f07-dd63-40e6-9d98-9aaf899a25f5"
Content-Length: 510430
Jepun_TraceIdentifier: [Redacted] 
2024-11-18 10:17:28.7670|DEBUG|Unrecognized Content-Type for request body. 
2024-11-18 10:18:34.2506|INFO|Request:
Protocol: HTTP/1.1
Method: POST
Scheme: https
PathBase: 
Path: /SearchMultiTextAddImgToPdf
Host: localhost:5566
Content-Type: multipart/form-data; boundary="6c8d36b9-e4ad-4115-865b-6115a4d74a5c"
Content-Length: 510430
Jepun_TraceIdentifier: [Redacted] 
2024-11-18 10:18:34.2506|DEBUG|Unrecognized Content-Type for request body. 
2024-11-18 10:20:45.6894|INFO|Request:
Protocol: HTTP/1.1
Method: POST
Scheme: https
PathBase: 
Path: /SearchMultiTextAddImgToPdf
Host: localhost:5566
Content-Type: multipart/form-data; boundary="abe0cf2b-738b-44ed-8939-8ae8602ee927"
Content-Length: 510430
Jepun_TraceIdentifier: [Redacted] 
2024-11-18 10:20:45.6894|DEBUG|Unrecognized Content-Type for request body. 
2024-11-18 10:29:04.9068|INFO|Request:
Protocol: HTTP/1.1
Method: POST
Scheme: https
PathBase: 
Path: /SearchMultiTextAddImgToPdf
Host: localhost:5566
Content-Type: multipart/form-data; boundary="126e74d2-5ab1-483a-a371-56641fb4f8d8"
Content-Length: 879718
Jepun_TraceIdentifier: [Redacted] 
2024-11-18 10:29:04.9068|DEBUG|Unrecognized Content-Type for request body. 
2024-11-18 10:38:01.7622|INFO|Request:
Protocol: HTTP/1.1
Method: POST
Scheme: https
PathBase: 
Path: /SearchMultiTextAddImgToPdf
Host: localhost:5566
Content-Type: multipart/form-data; boundary="2feefe75-1671-4ed4-8885-7bd28f64d76c"
Content-Length: 879865
Jepun_TraceIdentifier: [Redacted] 
2024-11-18 10:38:01.7622|DEBUG|Unrecognized Content-Type for request body. 
2024-11-18 10:39:24.8114|INFO|Request:
Protocol: HTTP/1.1
Method: POST
Scheme: https
PathBase: 
Path: /searchMultiTextChunkAddImgToPdf
Host: localhost:5566
Content-Type: multipart/form-data; boundary="bd142137-8da7-4cb2-9b2b-7369e5717cac"
Content-Length: 879865
Jepun_TraceIdentifier: [Redacted] 
2024-11-18 10:39:24.8114|DEBUG|Unrecognized Content-Type for request body. 
2024-11-18 10:44:00.7551|INFO|Request:
Protocol: HTTP/1.1
Method: POST
Scheme: https
PathBase: 
Path: /getText
Host: localhost:5566
Content-Type: multipart/form-data; boundary="39579b9e-d7da-4e49-81a3-3997ae818ed0"
Content-Length: 141433
Jepun_TraceIdentifier: [Redacted] 
2024-11-18 10:44:00.7551|DEBUG|Unrecognized Content-Type for request body. 
2024-11-18 10:45:49.9536|INFO|Request:
Protocol: HTTP/1.1
Method: POST
Scheme: https
PathBase: 
Path: /getTextLine
Host: localhost:5566
Content-Type: multipart/form-data; boundary="b0ca67be-ef8e-4f98-bca9-cb9cca96b95d"
Content-Length: 141433
Jepun_TraceIdentifier: [Redacted] 
2024-11-18 10:45:49.9700|DEBUG|Unrecognized Content-Type for request body. 
2024-11-18 10:48:31.6706|INFO|Request:
Protocol: HTTP/1.1
Method: POST
Scheme: https
PathBase: 
Path: /getTextChunk
Host: localhost:5566
Content-Type: multipart/form-data; boundary="79145529-9bb3-48bf-bb12-27e41ae196fa"
Content-Length: 141433
Jepun_TraceIdentifier: [Redacted] 
2024-11-18 10:48:31.6802|DEBUG|Unrecognized Content-Type for request body. 
2024-11-18 10:54:13.7468|INFO|Request:
Protocol: HTTP/1.1
Method: POST
Scheme: https
PathBase: 
Path: /searchTextChunk
Host: localhost:5566
Content-Type: multipart/form-data; boundary="ce0cdb4e-b81d-4879-bfa4-5b9e1c13bf75"
Content-Length: 141567
Jepun_TraceIdentifier: [Redacted] 
2024-11-18 10:54:13.7468|DEBUG|Unrecognized Content-Type for request body. 
2024-11-18 10:54:21.7943|INFO|Request:
Protocol: HTTP/1.1
Method: POST
Scheme: https
PathBase: 
Path: /searchText
Host: localhost:5566
Content-Type: multipart/form-data; boundary="7257ec3e-b6e5-4f59-b351-667a467cbdfb"
Content-Length: 141567
Jepun_TraceIdentifier: [Redacted] 
2024-11-18 10:54:21.7943|DEBUG|Unrecognized Content-Type for request body. 
2024-11-18 11:01:57.1935|INFO|Request:
Protocol: HTTP/1.1
Method: POST
Scheme: https
PathBase: 
Path: /addCustomProperty
Host: localhost:5566
Content-Type: multipart/form-data; boundary="265b2ba1-231e-48ff-b723-a525999d7246"
Content-Length: 141615
Jepun_TraceIdentifier: [Redacted] 
2024-11-18 11:01:57.1935|DEBUG|Unrecognized Content-Type for request body. 
2024-11-18 11:02:25.7265|INFO|Request:
Protocol: HTTP/1.1
Method: POST
Scheme: https
PathBase: 
Path: /addCustomProperty
Host: localhost:5566
Content-Type: multipart/form-data; boundary="7f76a2c3-31c0-4917-8075-e2c40107fffc"
Content-Length: 141615
Jepun_TraceIdentifier: [Redacted] 
2024-11-18 11:02:25.7369|DEBUG|Unrecognized Content-Type for request body. 
2024-11-18 14:50:48.9962|INFO|Request:
Protocol: HTTP/1.1
Method: POST
Scheme: https
PathBase: 
Path: /signPdf
Host: localhost:5566
Content-Type: multipart/form-data; boundary="180ad581-1dd7-4ea5-a40c-e1ce0f2d1d25"
Content-Length: 142503
Jepun_TraceIdentifier: [Redacted] 
2024-11-18 14:50:48.9962|DEBUG|Unrecognized Content-Type for request body. 
2024-11-18 14:50:53.1677|INFO|Request:
Protocol: HTTP/1.1
Method: POST
Scheme: https
PathBase: 
Path: /signPdf
Host: localhost:5566
Content-Type: multipart/form-data; boundary="fcf0356c-1ad3-4afd-97c2-4ae98ec8ef79"
Content-Length: 164831
Jepun_TraceIdentifier: [Redacted] 
2024-11-18 14:50:53.1677|DEBUG|Unrecognized Content-Type for request body. 
2024-11-18 15:03:06.7119|INFO|Request:
Protocol: HTTP/1.1
Method: POST
Scheme: https
PathBase: 
Path: /signPdf
Host: localhost:5566
Content-Type: multipart/form-data; boundary="1cea8684-e57d-4149-9d7d-ffdd1428e6df"
Content-Length: 142503
Jepun_TraceIdentifier: [Redacted] 
2024-11-18 15:03:06.7269|DEBUG|Unrecognized Content-Type for request body. 
2024-11-18 15:04:46.6476|INFO|Request:
Protocol: HTTP/1.1
Method: POST
Scheme: https
PathBase: 
Path: /signPdf
Host: localhost:5566
Content-Type: multipart/form-data; boundary="1cea8684-e57d-4149-9d7d-ffdd1428e6df"
Content-Length: 142503
Jepun_TraceIdentifier: [Redacted] 
2024-11-18 15:04:46.6476|DEBUG|Unrecognized Content-Type for request body. 
2024-11-18 15:04:50.4146|INFO|Request:
Protocol: HTTP/1.1
Method: POST
Scheme: https
PathBase: 
Path: /signPdf
Host: localhost:5566
Content-Type: multipart/form-data; boundary="2b359e2e-081b-4728-b975-13b7cb9a5bac"
Content-Length: 188912
Jepun_TraceIdentifier: [Redacted] 
2024-11-18 15:04:50.4268|DEBUG|Unrecognized Content-Type for request body. 
2024-11-18 15:07:14.9852|INFO|Request:
Protocol: HTTP/1.1
Method: POST
Scheme: https
PathBase: 
Path: /signPdf
Host: localhost:5566
Content-Type: multipart/form-data; boundary="075693f9-d709-4061-bebd-53525f58f454"
Content-Length: 142505
Jepun_TraceIdentifier: [Redacted] 
2024-11-18 15:07:14.9852|DEBUG|Unrecognized Content-Type for request body. 
2024-11-18 15:07:18.3199|INFO|Request:
Protocol: HTTP/1.1
Method: POST
Scheme: https
PathBase: 
Path: /signPdf
Host: localhost:5566
Content-Type: multipart/form-data; boundary="ca48897d-a95c-4ec5-8cee-ecb5246adbc9"
Content-Length: 188927
Jepun_TraceIdentifier: [Redacted] 
2024-11-18 15:07:18.3199|DEBUG|Unrecognized Content-Type for request body. 
2024-11-18 15:09:43.9051|INFO|Request:
Protocol: HTTP/1.1
Method: POST
Scheme: https
PathBase: 
Path: /signPdf
Host: localhost:5566
Content-Type: multipart/form-data; boundary="81945a7c-712d-431e-b80c-38bcaee8e914"
Content-Length: 142503
Jepun_TraceIdentifier: [Redacted] 
2024-11-18 15:09:43.9051|DEBUG|Unrecognized Content-Type for request body. 
2024-11-18 15:09:51.2338|INFO|Request:
Protocol: HTTP/1.1
Method: POST
Scheme: https
PathBase: 
Path: /signPdf
Host: localhost:5566
Content-Type: multipart/form-data; boundary="fc70af3f-ee1b-4d21-ab72-902e5b6220e2"
Content-Length: 188912
Jepun_TraceIdentifier: [Redacted] 
2024-11-18 15:09:51.2338|DEBUG|Unrecognized Content-Type for request body. 
2024-11-18 15:10:13.2030|INFO|Request:
Protocol: HTTP/1.1
Method: POST
Scheme: https
PathBase: 
Path: /signPdf
Host: localhost:5566
Content-Type: multipart/form-data; boundary="a04bd23d-a6c2-4633-8a0a-f901ed7bde84"
Content-Length: 142503
Jepun_TraceIdentifier: [Redacted] 
2024-11-18 15:10:13.2030|DEBUG|Unrecognized Content-Type for request body. 
2024-11-18 15:10:13.3121|INFO|Request:
Protocol: HTTP/1.1
Method: POST
Scheme: https
PathBase: 
Path: /signPdf
Host: localhost:5566
Content-Type: multipart/form-data; boundary="9d1bedae-b5c7-4b9b-af97-037acc050ab8"
Content-Length: 188912
Jepun_TraceIdentifier: [Redacted] 
2024-11-18 15:10:13.3121|DEBUG|Unrecognized Content-Type for request body. 
2024-11-18 15:17:01.6998|INFO|Request:
Protocol: HTTP/1.1
Method: POST
Scheme: https
PathBase: 
Path: /signPdf
Host: localhost:5566
Content-Type: multipart/form-data; boundary="77c5aa32-4e21-4e9a-92c6-fb5c9cf9f04c"
Content-Length: 142508
Jepun_TraceIdentifier: [Redacted] 
2024-11-18 15:17:01.7146|DEBUG|Unrecognized Content-Type for request body. 
2024-11-18 15:17:02.3200|INFO|Request:
Protocol: HTTP/1.1
Method: POST
Scheme: https
PathBase: 
Path: /signPdf
Host: localhost:5566
Content-Type: multipart/form-data; boundary="fd3f85a2-44d0-47de-8328-0e90182526dd"
Content-Length: 164820
Jepun_TraceIdentifier: [Redacted] 
2024-11-18 15:17:02.3200|DEBUG|Unrecognized Content-Type for request body. 
2024-11-18 15:17:22.8723|INFO|Request:
Protocol: HTTP/1.1
Method: POST
Scheme: https
PathBase: 
Path: /signPdf
Host: localhost:5566
Content-Type: multipart/form-data; boundary="1ec13b6d-8d59-4190-9824-15f8dc9e5f9b"
Content-Length: 142508
Jepun_TraceIdentifier: [Redacted] 
2024-11-18 15:17:22.8723|DEBUG|Unrecognized Content-Type for request body. 
2024-11-18 15:17:22.9448|INFO|Request:
Protocol: HTTP/1.1
Method: POST
Scheme: https
PathBase: 
Path: /signPdf
Host: localhost:5566
Content-Type: multipart/form-data; boundary="6d9bfea3-3707-4535-9e02-d3f19e219435"
Content-Length: 164821
Jepun_TraceIdentifier: [Redacted] 
2024-11-18 15:17:22.9448|DEBUG|Unrecognized Content-Type for request body. 
2024-11-18 15:18:28.7842|INFO|Request:
Protocol: HTTP/1.1
Method: POST
Scheme: https
PathBase: 
Path: /signPdf
Host: localhost:5566
Content-Type: multipart/form-data; boundary="fc2dda16-6f31-416e-a282-ab6898b8893a"
Content-Length: 142508
Jepun_TraceIdentifier: [Redacted] 
2024-11-18 15:18:28.7842|DEBUG|Unrecognized Content-Type for request body. 
2024-11-18 15:18:28.8828|INFO|Request:
Protocol: HTTP/1.1
Method: POST
Scheme: https
PathBase: 
Path: /signPdf
Host: localhost:5566
Content-Type: multipart/form-data; boundary="8fac947d-14fa-4aea-bea1-1e28493ec31b"
Content-Length: 164820
Jepun_TraceIdentifier: [Redacted] 
2024-11-18 15:18:28.8828|DEBUG|Unrecognized Content-Type for request body. 
2024-11-18 15:34:24.2719|INFO|Request:
Protocol: HTTP/1.1
Method: POST
Scheme: https
PathBase: 
Path: /signPdf
Host: localhost:5566
Content-Type: multipart/form-data; boundary="fedc8948-7335-407a-8cb2-df0354d55639"
Content-Length: 142500
Jepun_TraceIdentifier: [Redacted] 
2024-11-18 15:34:24.2866|DEBUG|Unrecognized Content-Type for request body. 
2024-11-18 15:34:24.7886|INFO|Request:
Protocol: HTTP/1.1
Method: POST
Scheme: https
PathBase: 
Path: /signPdf
Host: localhost:5566
Content-Type: multipart/form-data; boundary="bb024b53-67d5-4669-bcfa-aaf28a9f2bd8"
Content-Length: 163950
Jepun_TraceIdentifier: [Redacted] 
2024-11-18 15:34:24.7886|DEBUG|Unrecognized Content-Type for request body. 
2024-11-18 15:36:09.2369|INFO|Request:
Protocol: HTTP/1.1
Method: POST
Scheme: https
PathBase: 
Path: /signPdf
Host: localhost:5566
Content-Type: multipart/form-data; boundary="de7b519b-0fcb-4e6b-8405-23cc907b24a9"
Content-Length: 142500
Jepun_TraceIdentifier: [Redacted] 
2024-11-18 15:36:09.2369|DEBUG|Unrecognized Content-Type for request body. 
2024-11-18 15:36:09.8940|INFO|Request:
Protocol: HTTP/1.1
Method: POST
Scheme: https
PathBase: 
Path: /signPdf
Host: localhost:5566
Content-Type: multipart/form-data; boundary="00ae83bb-f4c0-4aee-a867-e3d634ce2d8b"
Content-Length: 163965
Jepun_TraceIdentifier: [Redacted] 
2024-11-18 15:36:09.8940|DEBUG|Unrecognized Content-Type for request body. 
2024-11-18 15:53:13.9052|INFO|Request:
Protocol: HTTP/1.1
Method: POST
Scheme: https
PathBase: 
Path: /signPdf
Host: localhost:5566
Content-Type: multipart/form-data; boundary="14e85166-c75c-4e96-9e23-db6b2da3fce8"
Content-Length: 168940
Jepun_TraceIdentifier: [Redacted] 
2024-11-18 15:53:13.9052|DEBUG|Unrecognized Content-Type for request body. 
2024-11-18 15:53:14.7494|INFO|Request:
Protocol: HTTP/1.1
Method: POST
Scheme: https
PathBase: 
Path: /signPdf
Host: localhost:5566
Content-Type: multipart/form-data; boundary="dc9e79a4-7a11-4f45-8aa6-c1984b7688eb"
Content-Length: 219734
Jepun_TraceIdentifier: [Redacted] 
2024-11-18 15:53:14.7494|DEBUG|Unrecognized Content-Type for request body. 
2024-11-18 15:54:28.6857|INFO|Request:
Protocol: HTTP/1.1
Method: POST
Scheme: https
PathBase: 
Path: /signPdf
Host: localhost:5566
Content-Type: multipart/form-data; boundary="ad69a74e-7186-42b6-97e3-03d34dec1ec7"
Content-Length: 168932
Jepun_TraceIdentifier: [Redacted] 
2024-11-18 15:54:28.6857|DEBUG|Unrecognized Content-Type for request body. 
2024-11-18 15:54:28.7962|INFO|Request:
Protocol: HTTP/1.1
Method: POST
Scheme: https
PathBase: 
Path: /signPdf
Host: localhost:5566
Content-Type: multipart/form-data; boundary="ed184c50-934e-4f74-a30d-101790464788"
Content-Length: 194797
Jepun_TraceIdentifier: [Redacted] 
2024-11-18 15:54:28.7962|DEBUG|Unrecognized Content-Type for request body. 
2024-11-18 15:55:11.8044|INFO|Request:
Protocol: HTTP/1.1
Method: POST
Scheme: https
PathBase: 
Path: /signPdf
Host: localhost:5566
Content-Type: multipart/form-data; boundary="720b221b-5c13-4bbc-9f09-5ad6e1c17fce"
Content-Length: 168932
Jepun_TraceIdentifier: [Redacted] 
2024-11-18 15:55:11.8136|DEBUG|Unrecognized Content-Type for request body. 
2024-11-18 15:55:44.2508|INFO|Request:
Protocol: HTTP/1.1
Method: POST
Scheme: https
PathBase: 
Path: /signPdf
Host: localhost:5566
Content-Type: multipart/form-data; boundary="8dbafb35-8689-4c27-906b-a5579e0c2332"
Content-Length: 194797
Jepun_TraceIdentifier: [Redacted] 
2024-11-18 15:55:44.2508|DEBUG|Unrecognized Content-Type for request body. 
2024-11-18 15:57:23.6530|INFO|Request:
Protocol: HTTP/1.1
Method: POST
Scheme: https
PathBase: 
Path: /signPdf
Host: localhost:5566
Content-Type: multipart/form-data; boundary="c9bf4753-722e-4974-b3d8-74a92143a649"
Content-Length: 168938
Jepun_TraceIdentifier: [Redacted] 
2024-11-18 15:57:23.6530|DEBUG|Unrecognized Content-Type for request body. 
2024-11-18 15:57:28.7144|INFO|Request:
Protocol: HTTP/1.1
Method: POST
Scheme: https
PathBase: 
Path: /signPdf
Host: localhost:5566
Content-Type: multipart/form-data; boundary="1756c262-046b-4c15-a168-5ac9ba005fc0"
Content-Length: 219467
Jepun_TraceIdentifier: [Redacted] 
2024-11-18 15:57:28.7144|DEBUG|Unrecognized Content-Type for request body. 
2024-11-18 15:58:24.6510|INFO|Request:
Protocol: HTTP/1.1
Method: POST
Scheme: https
PathBase: 
Path: /signPdf
Host: localhost:5566
Content-Type: multipart/form-data; boundary="efa91be2-77b5-408c-b895-eb130e877408"
Content-Length: 168940
Jepun_TraceIdentifier: [Redacted] 
2024-11-18 15:58:24.6510|DEBUG|Unrecognized Content-Type for request body. 
2024-11-18 15:58:49.6194|INFO|Request:
Protocol: HTTP/1.1
Method: POST
Scheme: https
PathBase: 
Path: /signPdf
Host: localhost:5566
Content-Type: multipart/form-data; boundary="59330217-f3f3-48dd-9068-11dc98acbd18"
Content-Length: 219735
Jepun_TraceIdentifier: [Redacted] 
2024-11-18 15:58:49.6194|DEBUG|Unrecognized Content-Type for request body. 
2024-11-18 15:59:46.2595|INFO|Request:
Protocol: HTTP/1.1
Method: POST
Scheme: https
PathBase: 
Path: /signPdf
Host: localhost:5566
Content-Type: multipart/form-data; boundary="018995df-f218-4dba-bda8-d52601a2adbd"
Content-Length: 168939
Jepun_TraceIdentifier: [Redacted] 
2024-11-18 15:59:46.2595|DEBUG|Unrecognized Content-Type for request body. 
2024-11-18 15:59:57.1964|INFO|Request:
Protocol: HTTP/1.1
Method: POST
Scheme: https
PathBase: 
Path: /signPdf
Host: localhost:5566
Content-Type: multipart/form-data; boundary="8bbf46db-d7ba-4710-aad8-9a804f83c03b"
Content-Length: 219722
Jepun_TraceIdentifier: [Redacted] 
2024-11-18 15:59:57.2133|DEBUG|Unrecognized Content-Type for request body. 
2024-11-18 16:02:00.6643|INFO|Request:
Protocol: HTTP/1.1
Method: POST
Scheme: https
PathBase: 
Path: /signPdf
Host: localhost:5566
Content-Type: multipart/form-data; boundary="18f31ade-328c-43ac-8c2c-04a6c1d10acc"
Content-Length: 168940
Jepun_TraceIdentifier: [Redacted] 
2024-11-18 16:02:00.6835|DEBUG|Unrecognized Content-Type for request body. 
2024-11-18 16:02:05.2887|INFO|Request:
Protocol: HTTP/1.1
Method: POST
Scheme: https
PathBase: 
Path: /signPdf
Host: localhost:5566
Content-Type: multipart/form-data; boundary="c42461b9-8e41-4182-a026-945996f73a4d"
Content-Length: 219735
Jepun_TraceIdentifier: [Redacted] 
2024-11-18 16:02:05.2887|DEBUG|Unrecognized Content-Type for request body. 
2024-11-18 16:02:20.4449|INFO|Request:
Protocol: HTTP/1.1
Method: POST
Scheme: https
PathBase: 
Path: /signPdf
Host: localhost:5566
Content-Type: multipart/form-data; boundary="8bc1ab00-3d86-4cf6-a8c2-bd91196d0baf"
Content-Length: 168940
Jepun_TraceIdentifier: [Redacted] 
2024-11-18 16:02:20.4449|DEBUG|Unrecognized Content-Type for request body. 
2024-11-18 16:02:20.5388|INFO|Request:
Protocol: HTTP/1.1
Method: POST
Scheme: https
PathBase: 
Path: /signPdf
Host: localhost:5566
Content-Type: multipart/form-data; boundary="7f459e5c-666f-4018-a6f4-a370440db784"
Content-Length: 219735
Jepun_TraceIdentifier: [Redacted] 
2024-11-18 16:02:20.5388|DEBUG|Unrecognized Content-Type for request body. 
2024-11-18 16:08:32.6783|INFO|Request:
Protocol: HTTP/1.1
Method: POST
Scheme: https
PathBase: 
Path: /verifySignatures
Host: localhost:5566
Content-Type: multipart/form-data; boundary="576e2081-390a-48e7-a47f-459c9d24adb6"
Content-Length: 237915
Jepun_TraceIdentifier: [Redacted] 
2024-11-18 16:08:32.6783|DEBUG|Unrecognized Content-Type for request body. 
2024-11-18 16:10:17.0811|INFO|Request:
Protocol: HTTP/1.1
Method: POST
Scheme: https
PathBase: 
Path: /verifySignatures
Host: localhost:5566
Content-Type: multipart/form-data; boundary="7a1cc0e7-6b32-4946-a1bc-bf3ef7c54c9c"
Content-Length: 141433
Jepun_TraceIdentifier: [Redacted] 
2024-11-18 16:10:17.1005|DEBUG|Unrecognized Content-Type for request body. 
2024-11-18 16:14:44.9905|INFO|Request:
Protocol: HTTP/1.1
Method: POST
Scheme: https
PathBase: 
Path: /signPdf
Host: localhost:5566
Content-Type: multipart/form-data; boundary="e0e9d08b-f638-4f9a-a2c1-22b66d4d918b"
Content-Length: 168940
Jepun_TraceIdentifier: [Redacted] 
2024-11-18 16:14:45.0023|DEBUG|Unrecognized Content-Type for request body. 
2024-11-18 16:14:45.8458|INFO|Request:
Protocol: HTTP/1.1
Method: POST
Scheme: https
PathBase: 
Path: /signPdf
Host: localhost:5566
Content-Type: multipart/form-data; boundary="b047283b-19be-44cc-9a23-58d686e30e7e"
Content-Length: 219734
Jepun_TraceIdentifier: [Redacted] 
2024-11-18 16:14:45.8614|DEBUG|Unrecognized Content-Type for request body. 
2024-11-18 16:14:48.0345|INFO|Request:
Protocol: HTTP/1.1
Method: POST
Scheme: https
PathBase: 
Path: /verifySignatures
Host: localhost:5566
Content-Type: multipart/form-data; boundary="92c9c59d-8f99-407e-b9b7-c660424b2d99"
Content-Length: 141433
Jepun_TraceIdentifier: [Redacted] 
2024-11-18 16:14:48.0345|DEBUG|Unrecognized Content-Type for request body. 
2024-11-18 16:15:30.1616|INFO|Request:
Protocol: HTTP/1.1
Method: POST
Scheme: https
PathBase: 
Path: /signPdf
Host: localhost:5566
Content-Type: multipart/form-data; boundary="5d057cdc-0894-47e5-a9c7-9cddf14509c0"
Content-Length: 168940
Jepun_TraceIdentifier: [Redacted] 
2024-11-18 16:15:30.1616|DEBUG|Unrecognized Content-Type for request body. 
2024-11-18 16:15:30.2523|INFO|Request:
Protocol: HTTP/1.1
Method: POST
Scheme: https
PathBase: 
Path: /signPdf
Host: localhost:5566
Content-Type: multipart/form-data; boundary="c338c19a-5965-4dad-8280-77280d69ca42"
Content-Length: 219734
Jepun_TraceIdentifier: [Redacted] 
2024-11-18 16:15:30.2523|DEBUG|Unrecognized Content-Type for request body. 
2024-11-18 16:15:32.4062|INFO|Request:
Protocol: HTTP/1.1
Method: POST
Scheme: https
PathBase: 
Path: /verifySignatures
Host: localhost:5566
Content-Type: multipart/form-data; boundary="0c23c9b0-d1c9-448e-be09-6dbde40bb7f1"
Content-Length: 237914
Jepun_TraceIdentifier: [Redacted] 
2024-11-18 16:15:32.4062|DEBUG|Unrecognized Content-Type for request body. 
2024-11-18 17:31:29.3863|INFO|Request:
Protocol: HTTP/1.1
Method: POST
Scheme: https
PathBase: 
Path: /signPdf
Host: localhost:5566
Content-Type: multipart/form-data; boundary="01751f23-b20f-4189-83bb-da174e55e8c0"
Content-Length: 142508
Jepun_TraceIdentifier: [Redacted] 
2024-11-18 17:31:29.3863|DEBUG|Unrecognized Content-Type for request body. 
2024-11-18 17:31:30.0845|INFO|Request:
Protocol: HTTP/1.1
Method: POST
Scheme: https
PathBase: 
Path: /signPdf
Host: localhost:5566
Content-Type: multipart/form-data; boundary="4ce821e5-9167-44e4-8352-7ba75008271d"
Content-Length: 195653
Jepun_TraceIdentifier: [Redacted] 
2024-11-18 17:31:30.0845|DEBUG|Unrecognized Content-Type for request body. 
2024-11-18 17:31:32.2889|INFO|Request:
Protocol: HTTP/1.1
Method: POST
Scheme: https
PathBase: 
Path: /verifySignatures
Host: localhost:5566
Content-Type: multipart/form-data; boundary="b455b3b8-08aa-48b1-81bc-1ead94740ff8"
Content-Length: 213833
Jepun_TraceIdentifier: [Redacted] 
2024-11-18 17:31:32.2889|DEBUG|Unrecognized Content-Type for request body. 
2024-11-18 17:35:47.8327|INFO|Request:
Protocol: HTTP/1.1
Method: POST
Scheme: https
PathBase: 
Path: /signPdf
Host: localhost:5566
Content-Type: multipart/form-data; boundary="01e35889-bb07-482f-be66-1215a12ff2ac"
Content-Length: 142508
Jepun_TraceIdentifier: [Redacted] 
2024-11-18 17:35:47.8327|DEBUG|Unrecognized Content-Type for request body. 
2024-11-18 17:35:47.9136|INFO|Request:
Protocol: HTTP/1.1
Method: POST
Scheme: https
PathBase: 
Path: /signPdf
Host: localhost:5566
Content-Type: multipart/form-data; boundary="53c01882-35f8-4f65-873f-7406ae2b5e79"
Content-Length: 171628
Jepun_TraceIdentifier: [Redacted] 
2024-11-18 17:35:47.9136|DEBUG|Unrecognized Content-Type for request body. 
2024-11-18 17:36:07.8791|INFO|Request:
Protocol: HTTP/1.1
Method: POST
Scheme: https
PathBase: 
Path: /signPdf
Host: localhost:5566
Content-Type: multipart/form-data; boundary="9a067172-5763-41f1-ad5d-324bfb88941c"
Content-Length: 142508
Jepun_TraceIdentifier: [Redacted] 
2024-11-18 17:36:07.8791|DEBUG|Unrecognized Content-Type for request body. 
2024-11-18 17:36:07.9310|INFO|Request:
Protocol: HTTP/1.1
Method: POST
Scheme: https
PathBase: 
Path: /signPdf
Host: localhost:5566
Content-Type: multipart/form-data; boundary="e021e9ce-9541-4610-ba46-bc6213263918"
Content-Length: 171627
Jepun_TraceIdentifier: [Redacted] 
2024-11-18 17:36:07.9310|DEBUG|Unrecognized Content-Type for request body. 
2024-11-18 17:36:10.0364|INFO|Request:
Protocol: HTTP/1.1
Method: POST
Scheme: https
PathBase: 
Path: /verifySignatures
Host: localhost:5566
Content-Type: multipart/form-data; boundary="53131b96-3998-4b2f-8585-106ef01c241c"
Content-Length: 192814
Jepun_TraceIdentifier: [Redacted] 
2024-11-18 17:36:10.0364|DEBUG|Unrecognized Content-Type for request body. 
2024-11-18 17:40:33.1689|INFO|Request:
Protocol: HTTP/1.1
Method: POST
Scheme: https
PathBase: 
Path: /signPdf
Host: localhost:5566
Content-Type: multipart/form-data; boundary="88f1736b-5569-4b80-bbbe-8812bcb64b0f"
Content-Length: 168940
Jepun_TraceIdentifier: [Redacted] 
2024-11-18 17:40:33.1747|DEBUG|Unrecognized Content-Type for request body. 
2024-11-18 17:40:33.2095|INFO|Request:
Protocol: HTTP/1.1
Method: POST
Scheme: https
PathBase: 
Path: /signPdf
Host: localhost:5566
Content-Type: multipart/form-data; boundary="67ee5e5e-a231-4740-bebc-4eefa147871c"
Content-Length: 195709
Jepun_TraceIdentifier: [Redacted] 
2024-11-18 17:40:33.2095|DEBUG|Unrecognized Content-Type for request body. 
2024-11-18 17:40:35.3304|INFO|Request:
Protocol: HTTP/1.1
Method: POST
Scheme: https
PathBase: 
Path: /verifySignatures
Host: localhost:5566
Content-Type: multipart/form-data; boundary="d0cf7a6a-2b56-4bdd-8ec2-21b7444d44e2"
Content-Length: 216896
Jepun_TraceIdentifier: [Redacted] 
2024-11-18 17:40:35.3304|DEBUG|Unrecognized Content-Type for request body. 
