2024-11-18 09:55:40.7151|DEBUG|Connection 0HN87EGDFAMJK established using the following protocol: Tls12 
2024-11-18 09:56:50.3982|DEBUG|Connection 0HN87EH280U05 established using the following protocol: Tls12 
2024-11-18 09:57:50.0563|DEBUG|Connection 0HN87EHK15T4C established using the following protocol: Tls12 
2024-11-18 09:58:47.2024|DEBUG|Connection 0HN87EI525H6E established using the following protocol: Tls12 
2024-11-18 09:59:48.0127|DEBUG|Connection 0HN87EIN63CDN established using the following protocol: Tls12 
2024-11-18 10:01:17.5944|DEBUG|Connection 0HN87EJHSCP6C established using the following protocol: Tls12 
2024-11-18 10:16:50.5610|DEBUG|Connection 0HN87EJHSCP6D established using the following protocol: Tls12 
2024-11-18 10:17:28.7140|DEBUG|Connection 0HN87EJHSCP6E established using the following protocol: Tls12 
2024-11-18 10:18:34.2108|DEBUG|Connection 0HN87EJHSCP6F established using the following protocol: Tls12 
2024-11-18 10:20:45.6519|DEBUG|Connection 0HN87EJHSCP6G established using the following protocol: Tls12 
2024-11-18 10:29:04.7351|DEBUG|Connection 0HN87F32NB5OR established using the following protocol: Tls12 
2024-11-18 10:38:01.6527|DEBUG|Connection 0HN87F82NVBD2 established using the following protocol: Tls12 
2024-11-18 10:39:24.7662|DEBUG|Connection 0HN87F82NVBD3 established using the following protocol: Tls12 
2024-11-18 10:44:00.7132|DEBUG|Connection 0HN87F82NVBD4 established using the following protocol: Tls12 
2024-11-18 10:45:49.8914|DEBUG|Connection 0HN87F82NVBD5 established using the following protocol: Tls12 
2024-11-18 10:48:31.6327|DEBUG|Connection 0HN87F82NVBD6 established using the following protocol: Tls12 
2024-11-18 10:54:13.7026|DEBUG|Connection 0HN87F82NVBD7 established using the following protocol: Tls12 
2024-11-18 10:54:21.7843|DEBUG|Connection 0HN87F82NVBD8 established using the following protocol: Tls12 
2024-11-18 11:01:57.0724|DEBUG|Connection 0HN87FLEH2S19 established using the following protocol: Tls12 
2024-11-18 11:02:25.6889|DEBUG|Connection 0HN87FLEH2S1A established using the following protocol: Tls12 
2024-11-18 14:50:48.8925|DEBUG|Connection 0HN87JLAU09RO established using the following protocol: Tls12 
2024-11-18 15:03:06.6218|DEBUG|Connection 0HN87JS6PHP7B established using the following protocol: Tls12 
2024-11-18 15:04:46.6270|DEBUG|Connection 0HN87JS6PHP7C established using the following protocol: Tls12 
2024-11-18 15:07:14.9420|DEBUG|Connection 0HN87JS6PHP7D established using the following protocol: Tls12 
2024-11-18 15:09:43.8089|DEBUG|Connection 0HN87JVT5DRM9 established using the following protocol: Tls12 
2024-11-18 15:10:13.1652|DEBUG|Connection 0HN87JVT5DRMA established using the following protocol: Tls12 
2024-11-18 15:17:01.6095|DEBUG|Connection 0HN87K3VKJT0D established using the following protocol: Tls12 
2024-11-18 15:17:22.8329|DEBUG|Connection 0HN87K3VKJT0E established using the following protocol: Tls12 
2024-11-18 15:18:28.7379|DEBUG|Connection 0HN87K3VKJT0F established using the following protocol: Tls12 
2024-11-18 15:34:24.1831|DEBUG|Connection 0HN87KDMBCL70 established using the following protocol: Tls12 
2024-11-18 15:36:09.1242|DEBUG|Connection 0HN87KELK2PJ5 established using the following protocol: Tls12 
2024-11-18 15:53:13.8021|DEBUG|Connection 0HN87KO7086J3 established using the following protocol: Tls12 
2024-11-18 15:54:28.6374|DEBUG|Connection 0HN87KO7086J4 established using the following protocol: Tls12 
2024-11-18 15:55:11.7663|DEBUG|Connection 0HN87KO7086J5 established using the following protocol: Tls12 
2024-11-18 15:57:23.6127|DEBUG|Connection 0HN87KO7086J6 established using the following protocol: Tls12 
2024-11-18 15:58:24.6009|DEBUG|Connection 0HN87KO7086J7 established using the following protocol: Tls12 
2024-11-18 15:59:46.2146|DEBUG|Connection 0HN87KO7086J8 established using the following protocol: Tls12 
2024-11-18 16:02:00.5554|DEBUG|Connection 0HN87KT3VJSR9 established using the following protocol: Tls12 
2024-11-18 16:02:20.4043|DEBUG|Connection 0HN87KT3VJSRA established using the following protocol: Tls12 
2024-11-18 16:08:32.5789|DEBUG|Connection 0HN87L0OQDP3V established using the following protocol: Tls12 
2024-11-18 16:10:16.9358|DEBUG|Connection 0HN87L1NTD245 established using the following protocol: Tls12 
2024-11-18 16:14:44.8913|DEBUG|Connection 0HN87L47OU0MN established using the following protocol: Tls12 
2024-11-18 16:14:48.0345|DEBUG|Connection 0HN87L47OU0MO established using the following protocol: Tls12 
2024-11-18 16:15:30.1246|DEBUG|Connection 0HN87L47OU0MP established using the following protocol: Tls12 
2024-11-18 16:15:32.4062|DEBUG|Connection 0HN87L47OU0MQ established using the following protocol: Tls12 
2024-11-18 17:31:29.2668|DEBUG|Connection 0HN87MF3VOB5O established using the following protocol: Tls12 
2024-11-18 17:31:32.2889|DEBUG|Connection 0HN87MF3VOB5P established using the following protocol: Tls12 
2024-11-18 17:35:47.7930|DEBUG|Connection 0HN87MF3VOB5Q established using the following protocol: Tls12 
2024-11-18 17:36:07.8393|DEBUG|Connection 0HN87MF3VOB5R established using the following protocol: Tls12 
2024-11-18 17:36:10.0364|DEBUG|Connection 0HN87MF3VOB5S established using the following protocol: Tls12 
2024-11-18 17:40:33.1312|DEBUG|Connection 0HN87MF3VOB5T established using the following protocol: Tls12 
2024-11-18 17:40:35.3212|DEBUG|Connection 0HN87MF3VOB5U established using the following protocol: Tls12 
