2024-11-13 15:39:52.9851|DEBUG|Connection id "0HN83MPEADATR" accepted. 
2024-11-13 15:39:52.9851|DEBUG|Connection id "0HN83MPEADATR" started. 
2024-11-13 15:39:52.9851|DEBUG|Connection id "0HN83MPEADATS" accepted. 
2024-11-13 15:39:52.9851|DEBUG|Connection id "0HN83MPEADATS" started. 
2024-11-13 15:39:53.1061|DEBUG|Connection id "0HN83MPEADATR" stopped. 
2024-11-13 15:39:53.2371|DEBUG|Connection id "0HN83MPEADATT" accepted. 
2024-11-13 15:39:53.2371|DEBUG|Connection id "0HN83MPEADATT" started. 
2024-11-13 15:39:54.1981|DEBUG|Connection id "0HN83MPEADATS" stopped. 
2024-11-13 15:39:54.2780|DEBUG|Connection id "0HN83MPEADATT" stopped. 
2024-11-13 15:39:54.5817|DEBUG|Connection id "0HN83MPEADATU" accepted. 
2024-11-13 15:39:54.5817|DEBUG|Connection id "0HN83MPEADATU" started. 
2024-11-13 15:39:54.6344|DEBUG|Connection id "0HN83MPEADATU" stopped. 
2024-11-13 15:39:54.8359|DEBUG|Connection id "0HN83MPEADATV" accepted. 
2024-11-13 15:39:54.8359|DEBUG|Connection id "0HN83MPEADATV" started. 
2024-11-13 15:39:59.7330|DEBUG|Connection id "0HN83MPEADATV" stopped. 
2024-11-13 15:39:59.9640|DEBUG|Connection id "0HN83MPEADAU0" accepted. 
2024-11-13 15:39:59.9640|DEBUG|Connection id "0HN83MPEADAU0" started. 
2024-11-13 15:40:00.0183|DEBUG|Connection id "0HN83MPEADAU0" stopped. 
2024-11-13 15:40:01.5789|DEBUG|Connection id "0HN83MPEADAU1" accepted. 
2024-11-13 15:40:01.5789|DEBUG|Connection id "0HN83MPEADAU1" started. 
2024-11-13 15:40:01.5789|DEBUG|Connection id "0HN83MPEADAU2" accepted. 
2024-11-13 15:40:01.5789|DEBUG|Connection id "0HN83MPEADAU2" started. 
2024-11-13 15:40:01.7339|DEBUG|Connection id "0HN83MPEADAU1" stopped. 
2024-11-13 15:40:01.8421|DEBUG|Connection id "0HN83MPEADAU3" accepted. 
2024-11-13 15:40:01.8421|DEBUG|Connection id "0HN83MPEADAU3" started. 
2024-11-13 15:42:30.8405|DEBUG|Connection id "0HN83MPEADAU3" stopped. 
2024-11-13 15:45:27.3214|DEBUG|Connection id "0HN83MSHUT12V" accepted. 
2024-11-13 15:45:27.3214|DEBUG|Connection id "0HN83MSHUT12V" started. 
2024-11-13 15:45:27.4408|DEBUG|Connection id "0HN83MSHUT12V" stopped. 
2024-11-13 15:46:13.4944|DEBUG|Connection id "0HN83MSHUT130" accepted. 
2024-11-13 15:46:13.4944|DEBUG|Connection id "0HN83MSHUT130" started. 
2024-11-13 15:46:13.5751|DEBUG|Connection id "0HN83MSHUT130" stopped. 
2024-11-13 15:46:42.9651|DEBUG|Connection id "0HN83MSHUT131" accepted. 
2024-11-13 15:46:42.9651|DEBUG|Connection id "0HN83MSHUT131" started. 
2024-11-13 15:46:57.7422|DEBUG|Connection id "0HN83MSHUT131" completed keep alive response. 
2024-11-13 15:47:05.1445|DEBUG|Connection id "0HN83MSHUT131" disconnecting. 
2024-11-13 15:47:05.2409|DEBUG|Connection id "0HN83MSHUT131" stopped. 
2024-11-13 16:15:16.7422|DEBUG|Connection id "0HN83ND784TMB" accepted. 
2024-11-13 16:15:16.7422|DEBUG|Connection id "0HN83ND784TMB" started. 
2024-11-13 16:15:32.2503|DEBUG|Connection id "0HN83ND784TMB" completed keep alive response. 
2024-11-13 17:18:19.3342|DEBUG|Connection id "0HN83OGEHOCD9" accepted. 
2024-11-13 17:18:19.3342|DEBUG|Connection id "0HN83OGEHOCD9" started. 
2024-11-13 17:18:19.7277|DEBUG|Connection id "0HN83OGEHOCD9" completed keep alive response. 
2024-11-13 17:18:45.1075|DEBUG|Connection id "0HN83OGEHOCD9" disconnecting. 
2024-11-13 17:18:45.1712|DEBUG|Connection id "0HN83OGEHOCD9" stopped. 
2024-11-13 17:19:09.3319|DEBUG|Connection id "0HN83OGEHOCDA" accepted. 
2024-11-13 17:19:09.3319|DEBUG|Connection id "0HN83OGEHOCDA" started. 
2024-11-13 17:19:09.5838|DEBUG|Connection id "0HN83OGEHOCDA" completed keep alive response. 
2024-11-13 17:19:54.7620|DEBUG|Connection id "0HN83OHAVQL3P" accepted. 
2024-11-13 17:19:54.7620|DEBUG|Connection id "0HN83OHAVQL3P" started. 
2024-11-13 17:19:55.1449|DEBUG|Connection id "0HN83OHAVQL3P" completed keep alive response. 
2024-11-13 17:20:12.3113|DEBUG|Connection id "0HN83OHAVQL3P" disconnecting. 
2024-11-13 17:20:12.3629|DEBUG|Connection id "0HN83OHAVQL3P" stopped. 
2024-11-13 17:20:47.3284|DEBUG|Connection id "0HN83OHAVQL3Q" accepted. 
2024-11-13 17:20:47.3313|DEBUG|Connection id "0HN83OHAVQL3Q" started. 
2024-11-13 17:21:06.4767|DEBUG|Connection id "0HN83OHAVQL3Q" completed keep alive response. 
