2024-11-14 13:47:02.7225|DEBUG|Connection id "0HN84DUVM0R08", Request id "0HN84DUVM0R08:00000001": started reading request body. 
2024-11-14 13:47:02.7225|DEBUG|Connection id "0HN84DUVM0R08", Request id "0HN84DUVM0R08:00000001": done reading request body. 
2024-11-14 13:48:33.3363|DEBUG|Connection id "0HN84DUVM0R09", Request id "0HN84DUVM0R09:00000001": started reading request body. 
2024-11-14 13:48:33.3363|DEBUG|Connection id "0HN84DUVM0R09", Request id "0HN84DUVM0R09:00000001": done reading request body. 
2024-11-14 16:06:44.2463|DEBUG|Connection id "0HN84GD3LK75Q", Request id "0HN84GD3LK75Q:00000001": started reading request body. 
2024-11-14 16:06:44.2681|DEBUG|Connection id "0HN84GD3LK75Q", Request id "0HN84GD3LK75Q:00000001": done reading request body. 
2024-11-14 16:06:56.3246|DEBUG|Connection id "0HN84GD3LK75R", Request id "0HN84GD3LK75R:00000001": started reading request body. 
2024-11-14 16:06:56.3246|DEBUG|Connection id "0HN84GD3LK75R", Request id "0HN84GD3LK75R:00000001": done reading request body. 
2024-11-14 16:16:25.8218|DEBUG|Connection id "0HN84GD3LK75S", Request id "0HN84GD3LK75S:00000001": started reading request body. 
2024-11-14 16:16:25.8218|DEBUG|Connection id "0HN84GD3LK75S", Request id "0HN84GD3LK75S:00000001": done reading request body. 
2024-11-14 16:16:26.0142|DEBUG|Connection id "0HN84GD3LK75S", Request id "0HN84GD3LK75S:00000002": started reading request body. 
2024-11-14 16:16:26.0237|DEBUG|Connection id "0HN84GD3LK75S", Request id "0HN84GD3LK75S:00000002": done reading request body. 
2024-11-14 16:16:58.8676|DEBUG|Connection id "0HN84GD3LK75T", Request id "0HN84GD3LK75T:00000001": started reading request body. 
2024-11-14 16:16:58.8676|DEBUG|Connection id "0HN84GD3LK75T", Request id "0HN84GD3LK75T:00000001": done reading request body. 
2024-11-14 16:16:59.0242|DEBUG|Connection id "0HN84GD3LK75T", Request id "0HN84GD3LK75T:00000002": started reading request body. 
2024-11-14 16:16:59.0242|DEBUG|Connection id "0HN84GD3LK75T", Request id "0HN84GD3LK75T:00000002": done reading request body. 
2024-11-14 16:18:42.4333|DEBUG|Connection id "0HN84GJPMGHON", Request id "0HN84GJPMGHON:00000001": started reading request body. 
2024-11-14 16:18:42.4333|DEBUG|Connection id "0HN84GJPMGHON", Request id "0HN84GJPMGHON:00000001": done reading request body. 
2024-11-14 16:18:42.6689|DEBUG|Connection id "0HN84GJPMGHON", Request id "0HN84GJPMGHON:00000002": started reading request body. 
2024-11-14 16:18:42.6800|DEBUG|Connection id "0HN84GJPMGHON", Request id "0HN84GJPMGHON:00000002": done reading request body. 
2024-11-14 16:19:42.9486|DEBUG|Connection id "0HN84GJPMGHOO", Request id "0HN84GJPMGHOO:00000001": started reading request body. 
2024-11-14 16:19:42.9599|DEBUG|Connection id "0HN84GJPMGHOO", Request id "0HN84GJPMGHOO:00000001": done reading request body. 
2024-11-14 16:20:05.3828|DEBUG|Connection id "0HN84GJPMGHOP", Request id "0HN84GJPMGHOP:00000001": started reading request body. 
2024-11-14 16:20:05.3828|DEBUG|Connection id "0HN84GJPMGHOP", Request id "0HN84GJPMGHOP:00000001": done reading request body. 
2024-11-14 16:31:38.8891|DEBUG|Connection id "0HN84GJPMGHOQ", Request id "0HN84GJPMGHOQ:00000001": started reading request body. 
2024-11-14 16:31:38.8891|DEBUG|Connection id "0HN84GJPMGHOQ", Request id "0HN84GJPMGHOQ:00000001": done reading request body. 
2024-11-14 16:35:22.9886|DEBUG|Connection id "0HN84GJPMGHOR", Request id "0HN84GJPMGHOR:00000001": started reading request body. 
2024-11-14 16:35:23.0014|DEBUG|Connection id "0HN84GJPMGHOR", Request id "0HN84GJPMGHOR:00000001": done reading request body. 
2024-11-14 16:37:31.0567|DEBUG|Connection id "0HN84GJPMGHOS", Request id "0HN84GJPMGHOS:00000001": started reading request body. 
2024-11-14 16:37:31.0567|DEBUG|Connection id "0HN84GJPMGHOS", Request id "0HN84GJPMGHOS:00000001": done reading request body. 
2024-11-14 16:38:25.9478|DEBUG|Connection id "0HN84GJPMGHOT", Request id "0HN84GJPMGHOT:00000001": started reading request body. 
2024-11-14 16:38:25.9478|DEBUG|Connection id "0HN84GJPMGHOT", Request id "0HN84GJPMGHOT:00000001": done reading request body. 
2024-11-14 16:46:46.7976|DEBUG|Connection id "0HN84GJPMGHOU", Request id "0HN84GJPMGHOU:00000001": started reading request body. 
2024-11-14 16:46:46.8151|DEBUG|Connection id "0HN84GJPMGHOU", Request id "0HN84GJPMGHOU:00000001": done reading request body. 
2024-11-14 16:51:49.0997|DEBUG|Connection id "0HN84GJPMGHOV", Request id "0HN84GJPMGHOV:00000001": started reading request body. 
2024-11-14 16:51:49.1155|DEBUG|Connection id "0HN84GJPMGHOV", Request id "0HN84GJPMGHOV:00000001": done reading request body. 
2024-11-14 17:03:14.0236|DEBUG|Connection id "0HN84GJPMGHP0", Request id "0HN84GJPMGHP0:00000001": started reading request body. 
2024-11-14 17:03:14.0333|DEBUG|Connection id "0HN84GJPMGHP0", Request id "0HN84GJPMGHP0:00000001": done reading request body. 
2024-11-14 17:03:53.2527|DEBUG|Connection id "0HN84GJPMGHP1", Request id "0HN84GJPMGHP1:00000001": started reading request body. 
2024-11-14 17:03:53.2527|DEBUG|Connection id "0HN84GJPMGHP1", Request id "0HN84GJPMGHP1:00000001": done reading request body. 
2024-11-14 17:07:40.0744|DEBUG|Connection id "0HN84HF56A92N", Request id "0HN84HF56A92N:00000001": started reading request body. 
2024-11-14 17:07:40.0952|DEBUG|Connection id "0HN84HF56A92N", Request id "0HN84HF56A92N:00000001": done reading request body. 
2024-11-14 17:08:15.8701|DEBUG|Connection id "0HN84HF56A92O", Request id "0HN84HF56A92O:00000001": started reading request body. 
2024-11-14 17:08:15.8899|DEBUG|Connection id "0HN84HF56A92O", Request id "0HN84HF56A92O:00000001": done reading request body. 
2024-11-14 17:10:12.6954|DEBUG|Connection id "0HN84HF56A92P", Request id "0HN84HF56A92P:00000001": started reading request body. 
2024-11-14 17:10:12.6954|DEBUG|Connection id "0HN84HF56A92P", Request id "0HN84HF56A92P:00000001": done reading request body. 
2024-11-14 17:11:37.3400|DEBUG|Connection id "0HN84HHBRU38B", Request id "0HN84HHBRU38B:00000001": started reading request body. 
2024-11-14 17:11:37.3511|DEBUG|Connection id "0HN84HHBRU38B", Request id "0HN84HHBRU38B:00000001": done reading request body. 
2024-11-14 17:34:11.9791|DEBUG|Connection id "0HN84HTVJKHCN", Request id "0HN84HTVJKHCN:00000001": started reading request body. 
2024-11-14 17:34:11.9877|DEBUG|Connection id "0HN84HTVJKHCN", Request id "0HN84HTVJKHCN:00000001": done reading request body. 
2024-11-14 17:37:15.3829|DEBUG|Connection id "0HN84HVM8TJCQ", Request id "0HN84HVM8TJCQ:00000001": started reading request body. 
2024-11-14 17:37:15.3905|DEBUG|Connection id "0HN84HVM8TJCQ", Request id "0HN84HVM8TJCQ:00000001": done reading request body. 
2024-11-14 18:04:18.0797|DEBUG|Connection id "0HN84IEPRSP7H", Request id "0HN84IEPRSP7H:00000001": started reading request body. 
2024-11-14 18:04:18.1021|DEBUG|Connection id "0HN84IEPRSP7H", Request id "0HN84IEPRSP7H:00000001": done reading request body. 
2024-11-14 18:05:40.8151|DEBUG|Connection id "0HN84IEPRSP7I", Request id "0HN84IEPRSP7I:00000001": started reading request body. 
2024-11-14 18:05:40.8324|DEBUG|Connection id "0HN84IEPRSP7I", Request id "0HN84IEPRSP7I:00000001": done reading request body. 
2024-11-14 18:07:17.2029|DEBUG|Connection id "0HN84IEPRSP7J", Request id "0HN84IEPRSP7J:00000001": started reading request body. 
2024-11-14 18:07:17.2029|DEBUG|Connection id "0HN84IEPRSP7J", Request id "0HN84IEPRSP7J:00000001": done reading request body. 
2024-11-14 18:09:33.8918|DEBUG|Connection id "0HN84IEPRSP7K", Request id "0HN84IEPRSP7K:00000001": started reading request body. 
2024-11-14 18:09:33.8918|DEBUG|Connection id "0HN84IEPRSP7K", Request id "0HN84IEPRSP7K:00000001": done reading request body. 
2024-11-14 18:11:38.3759|DEBUG|Connection id "0HN84IEPRSP7L", Request id "0HN84IEPRSP7L:00000001": started reading request body. 
2024-11-14 18:11:38.3898|DEBUG|Connection id "0HN84IEPRSP7L", Request id "0HN84IEPRSP7L:00000001": done reading request body. 
2024-11-14 18:15:58.6070|DEBUG|Connection id "0HN84ILAKN958", Request id "0HN84ILAKN958:00000001": started reading request body. 
2024-11-14 18:15:58.6261|DEBUG|Connection id "0HN84ILAKN958", Request id "0HN84ILAKN958:00000001": done reading request body. 
2024-11-14 18:16:27.5763|DEBUG|Connection id "0HN84ILAKN959", Request id "0HN84ILAKN959:00000001": started reading request body. 
2024-11-14 18:16:27.5962|DEBUG|Connection id "0HN84ILAKN959", Request id "0HN84ILAKN959:00000001": done reading request body. 
2024-11-14 18:20:20.1559|DEBUG|Connection id "0HN84INOIN4E0", Request id "0HN84INOIN4E0:00000001": started reading request body. 
2024-11-14 18:20:20.1692|DEBUG|Connection id "0HN84INOIN4E0", Request id "0HN84INOIN4E0:00000001": done reading request body. 
2024-11-14 18:22:42.9969|DEBUG|Connection id "0HN84IP35EPB6", Request id "0HN84IP35EPB6:00000001": started reading request body. 
2024-11-14 18:22:43.0144|DEBUG|Connection id "0HN84IP35EPB6", Request id "0HN84IP35EPB6:00000001": done reading request body. 
2024-11-14 18:23:27.5145|DEBUG|Connection id "0HN84IPGDQHQS", Request id "0HN84IPGDQHQS:00000001": started reading request body. 
2024-11-14 18:23:27.5145|DEBUG|Connection id "0HN84IPGDQHQS", Request id "0HN84IPGDQHQS:00000001": done reading request body. 
2024-11-14 18:27:09.1743|DEBUG|Connection id "0HN84IRIF8COT", Request id "0HN84IRIF8COT:00000001": started reading request body. 
2024-11-14 18:27:09.1839|DEBUG|Connection id "0HN84IRIF8COT", Request id "0HN84IRIF8COT:00000001": done reading request body. 
2024-11-14 18:29:47.4843|DEBUG|Connection id "0HN84IT1LMB75", Request id "0HN84IT1LMB75:00000001": started reading request body. 
2024-11-14 18:29:47.4928|DEBUG|Connection id "0HN84IT1LMB75", Request id "0HN84IT1LMB75:00000001": done reading request body. 
2024-11-14 18:34:38.3665|DEBUG|Connection id "0HN84IVOBPMFC", Request id "0HN84IVOBPMFC:00000001": started reading request body. 
2024-11-14 18:34:38.3866|DEBUG|Connection id "0HN84IVOBPMFC", Request id "0HN84IVOBPMFC:00000001": done reading request body. 
