2024-11-14 13:46:55.6604|DEBUG|1 candidate(s) found for the request path '/isProtected' 
2024-11-14 13:48:25.0583|DEBUG|1 candidate(s) found for the request path '/isProtected' 
2024-11-14 16:06:44.2095|DEBUG|1 candidate(s) found for the request path '/encryptPDF' 
2024-11-14 16:06:56.3076|DEBUG|1 candidate(s) found for the request path '/isProtected' 
2024-11-14 16:16:25.8137|DEBUG|1 candidate(s) found for the request path '/encryptPDF' 
2024-11-14 16:16:26.0142|DEBUG|1 candidate(s) found for the request path '/encryptPDF' 
2024-11-14 16:16:58.8676|DEBUG|1 candidate(s) found for the request path '/encryptPDF' 
2024-11-14 16:16:59.0242|DEBUG|1 candidate(s) found for the request path '/encryptPDF' 
2024-11-14 16:18:42.3833|DEBUG|1 candidate(s) found for the request path '/encryptPDF' 
2024-11-14 16:18:42.6572|DEBUG|1 candidate(s) found for the request path '/encryptPDF' 
2024-11-14 16:19:42.9340|DEBUG|1 candidate(s) found for the request path '/addStamper' 
2024-11-14 16:20:05.3828|DEBUG|1 candidate(s) found for the request path '/encryptPDF' 
2024-11-14 16:31:38.8891|DEBUG|1 candidate(s) found for the request path '/addFiles' 
2024-11-14 16:35:22.9886|DEBUG|1 candidate(s) found for the request path '/addFiles' 
2024-11-14 16:37:31.0529|DEBUG|1 candidate(s) found for the request path '/addFiles' 
2024-11-14 16:38:25.9349|DEBUG|1 candidate(s) found for the request path '/addFiles' 
2024-11-14 16:46:46.7886|DEBUG|1 candidate(s) found for the request path '/removeFiles' 
2024-11-14 16:51:49.0939|DEBUG|1 candidate(s) found for the request path '/getPages' 
2024-11-14 17:03:14.0236|DEBUG|1 candidate(s) found for the request path '/searchText' 
2024-11-14 17:03:53.2430|DEBUG|1 candidate(s) found for the request path '/searchText' 
2024-11-14 17:07:40.0361|DEBUG|1 candidate(s) found for the request path '/searchText' 
2024-11-14 17:08:15.8701|DEBUG|1 candidate(s) found for the request path '/searchText' 
2024-11-14 17:10:12.6920|DEBUG|1 candidate(s) found for the request path '/searchText' 
2024-11-14 17:11:37.2773|DEBUG|1 candidate(s) found for the request path '/searchText' 
2024-11-14 17:34:11.9203|DEBUG|1 candidate(s) found for the request path '/searchText' 
2024-11-14 17:37:15.3381|DEBUG|1 candidate(s) found for the request path '/searchText' 
2024-11-14 18:04:18.0320|DEBUG|1 candidate(s) found for the request path '/searchText' 
2024-11-14 18:05:40.8151|DEBUG|1 candidate(s) found for the request path '/searchText' 
2024-11-14 18:07:17.1972|DEBUG|1 candidate(s) found for the request path '/searchText' 
2024-11-14 18:09:33.8918|DEBUG|1 candidate(s) found for the request path '/searchText' 
2024-11-14 18:11:38.3759|DEBUG|1 candidate(s) found for the request path '/searchText' 
2024-11-14 18:15:58.5622|DEBUG|1 candidate(s) found for the request path '/searchText' 
2024-11-14 18:16:27.5763|DEBUG|1 candidate(s) found for the request path '/searchText' 
2024-11-14 18:20:20.1014|DEBUG|1 candidate(s) found for the request path '/searchText' 
2024-11-14 18:22:42.9617|DEBUG|1 candidate(s) found for the request path '/searchText' 
2024-11-14 18:23:27.4664|DEBUG|1 candidate(s) found for the request path '/searchText' 
2024-11-14 18:27:09.1066|DEBUG|1 candidate(s) found for the request path '/searchText' 
2024-11-14 18:29:47.4386|DEBUG|1 candidate(s) found for the request path '/searchText' 
2024-11-14 18:34:38.3289|DEBUG|1 candidate(s) found for the request path '/searchText' 
