2024-11-14 16:16:25.9529|ERROR|An unhandled exception has occurred while executing the request. 
 *****Error***** 
 Microsoft.AspNetCore.Http.BadHttpRequestException: Required parameter "string userPwd" was not provided from form.
   at lambda_method20(Closure, Object, HttpContext, Object)
   at Microsoft.AspNetCore.Http.RequestDelegateFactory.<>c__DisplayClass104_2.<<HandleRequestBodyAndCompileRequestDelegateForForm>b__2>d.MoveNext()
--- End of stack trace from previous location ---
   at Microsoft.AspNetCore.Routing.EndpointMiddleware.<Invoke>g__AwaitRequestTask|7_0(Endpoint endpoint, Task requestTask, ILogger logger)
   at Swashbuckle.AspNetCore.SwaggerUI.SwaggerUIMiddleware.Invoke(HttpContext httpContext)
   at Swashbuckle.AspNetCore.Swagger.SwaggerMiddleware.Invoke(HttpContext httpContext, ISwaggerProvider swaggerProvider)
   at Microsoft.AspNetCore.HttpLogging.HttpLoggingMiddleware.InvokeInternal(HttpContext context, HttpLoggingOptions options, HttpLoggingAttribute loggingAttribute, HttpLoggingFields loggingFields)
   at Microsoft.AspNetCore.HttpLogging.HttpLoggingMiddleware.InvokeInternal(HttpContext context, HttpLoggingOptions options, HttpLoggingAttribute loggingAttribute, HttpLoggingFields loggingFields)
   at Microsoft.AspNetCore.Diagnostics.DeveloperExceptionPageMiddlewareImpl.Invoke(HttpContext context)
2024-11-14 16:16:26.1306|ERROR|An unhandled exception has occurred while executing the request. 
 *****Error***** 
 Microsoft.AspNetCore.Http.BadHttpRequestException: Required parameter "string userPwd" was not provided from form.
   at lambda_method20(Closure, Object, HttpContext, Object)
   at Microsoft.AspNetCore.Http.RequestDelegateFactory.<>c__DisplayClass104_2.<<HandleRequestBodyAndCompileRequestDelegateForForm>b__2>d.MoveNext()
--- End of stack trace from previous location ---
   at Microsoft.AspNetCore.Routing.EndpointMiddleware.<Invoke>g__AwaitRequestTask|7_0(Endpoint endpoint, Task requestTask, ILogger logger)
   at Swashbuckle.AspNetCore.SwaggerUI.SwaggerUIMiddleware.Invoke(HttpContext httpContext)
   at Swashbuckle.AspNetCore.Swagger.SwaggerMiddleware.Invoke(HttpContext httpContext, ISwaggerProvider swaggerProvider)
   at Microsoft.AspNetCore.HttpLogging.HttpLoggingMiddleware.InvokeInternal(HttpContext context, HttpLoggingOptions options, HttpLoggingAttribute loggingAttribute, HttpLoggingFields loggingFields)
   at Microsoft.AspNetCore.HttpLogging.HttpLoggingMiddleware.InvokeInternal(HttpContext context, HttpLoggingOptions options, HttpLoggingAttribute loggingAttribute, HttpLoggingFields loggingFields)
   at Microsoft.AspNetCore.Diagnostics.DeveloperExceptionPageMiddlewareImpl.Invoke(HttpContext context)
2024-11-14 16:16:58.9804|ERROR|An unhandled exception has occurred while executing the request. 
 *****Error***** 
 Microsoft.AspNetCore.Http.BadHttpRequestException: Required parameter "string userPwd" was not provided from form.
   at lambda_method20(Closure, Object, HttpContext, Object)
   at Microsoft.AspNetCore.Http.RequestDelegateFactory.<>c__DisplayClass104_2.<<HandleRequestBodyAndCompileRequestDelegateForForm>b__2>d.MoveNext()
--- End of stack trace from previous location ---
   at Microsoft.AspNetCore.Routing.EndpointMiddleware.<Invoke>g__AwaitRequestTask|7_0(Endpoint endpoint, Task requestTask, ILogger logger)
   at Swashbuckle.AspNetCore.SwaggerUI.SwaggerUIMiddleware.Invoke(HttpContext httpContext)
   at Swashbuckle.AspNetCore.Swagger.SwaggerMiddleware.Invoke(HttpContext httpContext, ISwaggerProvider swaggerProvider)
   at Microsoft.AspNetCore.HttpLogging.HttpLoggingMiddleware.InvokeInternal(HttpContext context, HttpLoggingOptions options, HttpLoggingAttribute loggingAttribute, HttpLoggingFields loggingFields)
   at Microsoft.AspNetCore.HttpLogging.HttpLoggingMiddleware.InvokeInternal(HttpContext context, HttpLoggingOptions options, HttpLoggingAttribute loggingAttribute, HttpLoggingFields loggingFields)
   at Microsoft.AspNetCore.Diagnostics.DeveloperExceptionPageMiddlewareImpl.Invoke(HttpContext context)
2024-11-14 16:16:59.1367|ERROR|An unhandled exception has occurred while executing the request. 
 *****Error***** 
 Microsoft.AspNetCore.Http.BadHttpRequestException: Required parameter "string userPwd" was not provided from form.
   at lambda_method20(Closure, Object, HttpContext, Object)
   at Microsoft.AspNetCore.Http.RequestDelegateFactory.<>c__DisplayClass104_2.<<HandleRequestBodyAndCompileRequestDelegateForForm>b__2>d.MoveNext()
--- End of stack trace from previous location ---
   at Microsoft.AspNetCore.Routing.EndpointMiddleware.<Invoke>g__AwaitRequestTask|7_0(Endpoint endpoint, Task requestTask, ILogger logger)
   at Swashbuckle.AspNetCore.SwaggerUI.SwaggerUIMiddleware.Invoke(HttpContext httpContext)
   at Swashbuckle.AspNetCore.Swagger.SwaggerMiddleware.Invoke(HttpContext httpContext, ISwaggerProvider swaggerProvider)
   at Microsoft.AspNetCore.HttpLogging.HttpLoggingMiddleware.InvokeInternal(HttpContext context, HttpLoggingOptions options, HttpLoggingAttribute loggingAttribute, HttpLoggingFields loggingFields)
   at Microsoft.AspNetCore.HttpLogging.HttpLoggingMiddleware.InvokeInternal(HttpContext context, HttpLoggingOptions options, HttpLoggingAttribute loggingAttribute, HttpLoggingFields loggingFields)
   at Microsoft.AspNetCore.Diagnostics.DeveloperExceptionPageMiddlewareImpl.Invoke(HttpContext context)
2024-11-14 16:18:42.5936|ERROR|An unhandled exception has occurred while executing the request. 
 *****Error***** 
 Microsoft.AspNetCore.Http.BadHttpRequestException: Required parameter "string userPwd" was not provided from form.
   at lambda_method20(Closure, Object, HttpContext, Object)
   at Microsoft.AspNetCore.Http.RequestDelegateFactory.<>c__DisplayClass104_2.<<HandleRequestBodyAndCompileRequestDelegateForForm>b__2>d.MoveNext()
--- End of stack trace from previous location ---
   at Microsoft.AspNetCore.Routing.EndpointMiddleware.<Invoke>g__AwaitRequestTask|7_0(Endpoint endpoint, Task requestTask, ILogger logger)
   at Swashbuckle.AspNetCore.SwaggerUI.SwaggerUIMiddleware.Invoke(HttpContext httpContext)
   at Swashbuckle.AspNetCore.Swagger.SwaggerMiddleware.Invoke(HttpContext httpContext, ISwaggerProvider swaggerProvider)
   at Microsoft.AspNetCore.HttpLogging.HttpLoggingMiddleware.InvokeInternal(HttpContext context, HttpLoggingOptions options, HttpLoggingAttribute loggingAttribute, HttpLoggingFields loggingFields)
   at Microsoft.AspNetCore.HttpLogging.HttpLoggingMiddleware.InvokeInternal(HttpContext context, HttpLoggingOptions options, HttpLoggingAttribute loggingAttribute, HttpLoggingFields loggingFields)
   at Microsoft.AspNetCore.Diagnostics.DeveloperExceptionPageMiddlewareImpl.Invoke(HttpContext context)
2024-11-14 16:18:42.8103|ERROR|An unhandled exception has occurred while executing the request. 
 *****Error***** 
 Microsoft.AspNetCore.Http.BadHttpRequestException: Required parameter "string userPwd" was not provided from form.
   at lambda_method20(Closure, Object, HttpContext, Object)
   at Microsoft.AspNetCore.Http.RequestDelegateFactory.<>c__DisplayClass104_2.<<HandleRequestBodyAndCompileRequestDelegateForForm>b__2>d.MoveNext()
--- End of stack trace from previous location ---
   at Microsoft.AspNetCore.Routing.EndpointMiddleware.<Invoke>g__AwaitRequestTask|7_0(Endpoint endpoint, Task requestTask, ILogger logger)
   at Swashbuckle.AspNetCore.SwaggerUI.SwaggerUIMiddleware.Invoke(HttpContext httpContext)
   at Swashbuckle.AspNetCore.Swagger.SwaggerMiddleware.Invoke(HttpContext httpContext, ISwaggerProvider swaggerProvider)
   at Microsoft.AspNetCore.HttpLogging.HttpLoggingMiddleware.InvokeInternal(HttpContext context, HttpLoggingOptions options, HttpLoggingAttribute loggingAttribute, HttpLoggingFields loggingFields)
   at Microsoft.AspNetCore.HttpLogging.HttpLoggingMiddleware.InvokeInternal(HttpContext context, HttpLoggingOptions options, HttpLoggingAttribute loggingAttribute, HttpLoggingFields loggingFields)
   at Microsoft.AspNetCore.Diagnostics.DeveloperExceptionPageMiddlewareImpl.Invoke(HttpContext context)
