2024-11-14 13:46:55.6967|INFO|Executing endpoint 'HTTP: POST /isProtected' 
2024-11-14 13:47:17.3322|INFO|Executed endpoint 'HTTP: POST /isProtected' 
2024-11-14 13:48:25.0659|INFO|Executing endpoint 'HTTP: POST /isProtected' 
2024-11-14 13:48:33.3363|INFO|Executed endpoint 'HTTP: POST /isProtected' 
2024-11-14 16:06:44.2463|INFO|Executing endpoint 'HTTP: POST /encryptPDF' 
2024-11-14 16:06:54.2427|INFO|Executed endpoint 'HTTP: POST /encryptPDF' 
2024-11-14 16:06:56.3076|INFO|Executing endpoint 'HTTP: POST /isProtected' 
2024-11-14 16:06:56.3246|INFO|Executed endpoint 'HTTP: POST /isProtected' 
2024-11-14 16:16:25.8218|INFO|Executing endpoint 'HTTP: POST /encryptPDF' 
2024-11-14 16:16:25.8630|INFO|Executed endpoint 'HTTP: POST /encryptPDF' 
2024-11-14 16:16:26.0142|INFO|Executing endpoint 'HTTP: POST /encryptPDF' 
2024-11-14 16:16:26.0485|INFO|Executed endpoint 'HTTP: POST /encryptPDF' 
2024-11-14 16:16:58.8676|INFO|Executing endpoint 'HTTP: POST /encryptPDF' 
2024-11-14 16:16:58.9018|INFO|Executed endpoint 'HTTP: POST /encryptPDF' 
2024-11-14 16:16:59.0242|INFO|Executing endpoint 'HTTP: POST /encryptPDF' 
2024-11-14 16:16:59.0577|INFO|Executed endpoint 'HTTP: POST /encryptPDF' 
2024-11-14 16:18:42.4173|INFO|Executing endpoint 'HTTP: POST /encryptPDF' 
2024-11-14 16:18:42.4813|INFO|Executed endpoint 'HTTP: POST /encryptPDF' 
2024-11-14 16:18:42.6689|INFO|Executing endpoint 'HTTP: POST /encryptPDF' 
2024-11-14 16:18:42.7115|INFO|Executed endpoint 'HTTP: POST /encryptPDF' 
2024-11-14 16:19:42.9486|INFO|Executing endpoint 'HTTP: POST /addStamper' 
2024-11-14 16:19:58.3105|INFO|Executed endpoint 'HTTP: POST /addStamper' 
2024-11-14 16:20:05.3828|INFO|Executing endpoint 'HTTP: POST /encryptPDF' 
2024-11-14 16:20:13.3637|INFO|Executed endpoint 'HTTP: POST /encryptPDF' 
2024-11-14 16:31:38.8891|INFO|Executing endpoint 'HTTP: POST /addFiles' 
2024-11-14 16:31:38.9284|INFO|Executed endpoint 'HTTP: POST /addFiles' 
2024-11-14 16:35:22.9886|INFO|Executing endpoint 'HTTP: POST /addFiles' 
2024-11-14 16:35:23.0463|INFO|Executed endpoint 'HTTP: POST /addFiles' 
2024-11-14 16:37:31.0567|INFO|Executing endpoint 'HTTP: POST /addFiles' 
2024-11-14 16:37:31.1058|INFO|Executed endpoint 'HTTP: POST /addFiles' 
2024-11-14 16:38:25.9478|INFO|Executing endpoint 'HTTP: POST /addFiles' 
2024-11-14 16:38:26.0001|INFO|Executed endpoint 'HTTP: POST /addFiles' 
2024-11-14 16:46:46.7886|INFO|Executing endpoint 'HTTP: POST /removeFiles' 
2024-11-14 16:46:46.8151|INFO|Executed endpoint 'HTTP: POST /removeFiles' 
2024-11-14 16:51:49.0997|INFO|Executing endpoint 'HTTP: POST /getPages' 
2024-11-14 16:51:49.1155|INFO|Executed endpoint 'HTTP: POST /getPages' 
2024-11-14 17:03:14.0236|INFO|Executing endpoint 'HTTP: POST /searchText' 
2024-11-14 17:03:14.0654|INFO|Executed endpoint 'HTTP: POST /searchText' 
2024-11-14 17:03:53.2527|INFO|Executing endpoint 'HTTP: POST /searchText' 
2024-11-14 17:04:31.4840|INFO|Executed endpoint 'HTTP: POST /searchText' 
2024-11-14 17:07:40.0744|INFO|Executing endpoint 'HTTP: POST /searchText' 
2024-11-14 17:07:52.0128|INFO|Executed endpoint 'HTTP: POST /searchText' 
2024-11-14 17:08:15.8701|INFO|Executing endpoint 'HTTP: POST /searchText' 
2024-11-14 17:08:35.5884|INFO|Executed endpoint 'HTTP: POST /searchText' 
2024-11-14 17:10:12.6954|INFO|Executing endpoint 'HTTP: POST /searchText' 
2024-11-14 17:10:19.7931|INFO|Executed endpoint 'HTTP: POST /searchText' 
2024-11-14 17:11:37.3202|INFO|Executing endpoint 'HTTP: POST /searchText' 
2024-11-14 17:34:11.9615|INFO|Executing endpoint 'HTTP: POST /searchText' 
2024-11-14 17:37:15.3678|INFO|Executing endpoint 'HTTP: POST /searchText' 
2024-11-14 18:04:18.0797|INFO|Executing endpoint 'HTTP: POST /searchText' 
2024-11-14 18:04:30.2997|INFO|Executed endpoint 'HTTP: POST /searchText' 
2024-11-14 18:05:40.8151|INFO|Executing endpoint 'HTTP: POST /searchText' 
2024-11-14 18:05:46.7583|INFO|Executed endpoint 'HTTP: POST /searchText' 
2024-11-14 18:07:17.2029|INFO|Executing endpoint 'HTTP: POST /searchText' 
2024-11-14 18:09:33.8682|INFO|Executed endpoint 'HTTP: POST /searchText' 
2024-11-14 18:09:33.8918|INFO|Executing endpoint 'HTTP: POST /searchText' 
2024-11-14 18:09:38.7740|INFO|Executed endpoint 'HTTP: POST /searchText' 
2024-11-14 18:11:38.3759|INFO|Executing endpoint 'HTTP: POST /searchText' 
2024-11-14 18:11:49.7737|INFO|Executed endpoint 'HTTP: POST /searchText' 
2024-11-14 18:15:58.6070|INFO|Executing endpoint 'HTTP: POST /searchText' 
2024-11-14 18:15:58.8723|INFO|Executed endpoint 'HTTP: POST /searchText' 
2024-11-14 18:16:27.5763|INFO|Executing endpoint 'HTTP: POST /searchText' 
2024-11-14 18:16:27.6121|INFO|Executed endpoint 'HTTP: POST /searchText' 
2024-11-14 18:20:20.1399|INFO|Executing endpoint 'HTTP: POST /searchText' 
2024-11-14 18:20:20.3662|INFO|Executed endpoint 'HTTP: POST /searchText' 
2024-11-14 18:22:42.9969|INFO|Executing endpoint 'HTTP: POST /searchText' 
2024-11-14 18:22:43.1561|INFO|Executed endpoint 'HTTP: POST /searchText' 
2024-11-14 18:23:27.4988|INFO|Executing endpoint 'HTTP: POST /searchText' 
2024-11-14 18:23:27.6676|INFO|Executed endpoint 'HTTP: POST /searchText' 
2024-11-14 18:27:09.1528|INFO|Executing endpoint 'HTTP: POST /searchText' 
2024-11-14 18:27:09.3727|INFO|Executed endpoint 'HTTP: POST /searchText' 
2024-11-14 18:29:47.4703|INFO|Executing endpoint 'HTTP: POST /searchText' 
2024-11-14 18:29:47.6352|INFO|Executed endpoint 'HTTP: POST /searchText' 
2024-11-14 18:34:38.3665|INFO|Executing endpoint 'HTTP: POST /searchText' 
2024-11-14 18:34:38.5291|INFO|Executed endpoint 'HTTP: POST /searchText' 
