2024-11-14 13:46:55.6604|INFO|Request:
Protocol: HTTP/1.1
Method: POST
Scheme: https
PathBase: 
Path: /isProtected
Host: localhost:5566
Content-Type: multipart/form-data; boundary="ac600fb0-6a7f-41af-8b70-4b1cce2074c7"
Content-Length: 141433
Jepun_TraceIdentifier: [Redacted] 
2024-11-14 13:46:55.6790|DEBUG|Unrecognized Content-Type for request body. 
2024-11-14 13:48:25.0659|INFO|Request:
Protocol: HTTP/1.1
Method: POST
Scheme: https
PathBase: 
Path: /isProtected
Host: localhost:5566
Content-Type: multipart/form-data; boundary="e29455bb-a45a-4ef0-abb9-aa7c3bbd21c1"
Content-Length: 141433
Jepun_TraceIdentifier: [Redacted] 
2024-11-14 13:48:25.0659|DEBUG|Unrecognized Content-Type for request body. 
2024-11-14 16:06:44.2149|INFO|Request:
Protocol: HTTP/1.1
Method: POST
Scheme: https
PathBase: 
Path: /encryptPDF
Host: localhost:5566
Content-Type: multipart/form-data; boundary="10380ca6-5248-4c6c-9083-da94311d6dd4"
Content-Length: 141971
Jepun_TraceIdentifier: [Redacted] 
2024-11-14 16:06:44.2149|DEBUG|Unrecognized Content-Type for request body. 
2024-11-14 16:06:56.3076|INFO|Request:
Protocol: HTTP/1.1
Method: POST
Scheme: https
PathBase: 
Path: /isProtected
Host: localhost:5566
Content-Type: multipart/form-data; boundary="a230383a-1c9d-4446-b121-49095966e09f"
Content-Length: 141433
Jepun_TraceIdentifier: [Redacted] 
2024-11-14 16:06:56.3076|DEBUG|Unrecognized Content-Type for request body. 
2024-11-14 16:16:25.8137|INFO|Request:
Protocol: HTTP/1.1
Method: POST
Scheme: https
PathBase: 
Path: /encryptPDF
Host: localhost:5566
Content-Type: multipart/form-data; boundary="2aa644f4-5ac8-4139-9bba-0a788a96c1d2"
Content-Length: 265592
Jepun_TraceIdentifier: [Redacted] 
2024-11-14 16:16:25.8218|DEBUG|Unrecognized Content-Type for request body. 
2024-11-14 16:16:26.0142|INFO|Request:
Protocol: HTTP/1.1
Method: POST
Scheme: https
PathBase: 
Path: /encryptPDF
Host: localhost:5566
Content-Type: multipart/form-data; boundary="2aa644f4-5ac8-4139-9bba-0a788a96c1d2"
Content-Length: 265592
Jepun_TraceIdentifier: [Redacted] 
2024-11-14 16:16:26.0142|DEBUG|Unrecognized Content-Type for request body. 
2024-11-14 16:16:58.8676|INFO|Request:
Protocol: HTTP/1.1
Method: POST
Scheme: https
PathBase: 
Path: /encryptPDF
Host: localhost:5566
Content-Type: multipart/form-data; boundary="7373d58a-d307-4039-b8a8-b097daa099c8"
Content-Length: 265592
Jepun_TraceIdentifier: [Redacted] 
2024-11-14 16:16:58.8676|DEBUG|Unrecognized Content-Type for request body. 
2024-11-14 16:16:59.0242|INFO|Request:
Protocol: HTTP/1.1
Method: POST
Scheme: https
PathBase: 
Path: /encryptPDF
Host: localhost:5566
Content-Type: multipart/form-data; boundary="7373d58a-d307-4039-b8a8-b097daa099c8"
Content-Length: 265592
Jepun_TraceIdentifier: [Redacted] 
2024-11-14 16:16:59.0242|DEBUG|Unrecognized Content-Type for request body. 
2024-11-14 16:18:42.3833|INFO|Request:
Protocol: HTTP/1.1
Method: POST
Scheme: https
PathBase: 
Path: /encryptPDF
Host: localhost:5566
Content-Type: multipart/form-data; boundary="fd0e8fe5-a9b1-42e3-8e18-9a83595d71e5"
Content-Length: 265592
Jepun_TraceIdentifier: [Redacted] 
2024-11-14 16:18:42.3995|DEBUG|Unrecognized Content-Type for request body. 
2024-11-14 16:18:42.6572|INFO|Request:
Protocol: HTTP/1.1
Method: POST
Scheme: https
PathBase: 
Path: /encryptPDF
Host: localhost:5566
Content-Type: multipart/form-data; boundary="fd0e8fe5-a9b1-42e3-8e18-9a83595d71e5"
Content-Length: 265592
Jepun_TraceIdentifier: [Redacted] 
2024-11-14 16:18:42.6689|DEBUG|Unrecognized Content-Type for request body. 
2024-11-14 16:19:42.9340|INFO|Request:
Protocol: HTTP/1.1
Method: POST
Scheme: https
PathBase: 
Path: /addStamper
Host: localhost:5566
Content-Type: multipart/form-data; boundary="696062e9-9580-44f3-aa76-5e225480e3d2"
Content-Length: 265592
Jepun_TraceIdentifier: [Redacted] 
2024-11-14 16:19:42.9486|DEBUG|Unrecognized Content-Type for request body. 
2024-11-14 16:20:05.3828|INFO|Request:
Protocol: HTTP/1.1
Method: POST
Scheme: https
PathBase: 
Path: /encryptPDF
Host: localhost:5566
Content-Type: multipart/form-data; boundary="159416ad-d258-48ec-b8e8-a46433ca9c60"
Content-Length: 141971
Jepun_TraceIdentifier: [Redacted] 
2024-11-14 16:20:05.3828|DEBUG|Unrecognized Content-Type for request body. 
2024-11-14 16:31:38.8891|INFO|Request:
Protocol: HTTP/1.1
Method: POST
Scheme: https
PathBase: 
Path: /addFiles
Host: localhost:5566
Content-Type: multipart/form-data; boundary="3b4323ca-7b11-4f23-ae72-65e749b72d42"
Content-Length: 614095
Jepun_TraceIdentifier: [Redacted] 
2024-11-14 16:31:38.8891|DEBUG|Unrecognized Content-Type for request body. 
2024-11-14 16:35:22.9886|INFO|Request:
Protocol: HTTP/1.1
Method: POST
Scheme: https
PathBase: 
Path: /addFiles
Host: localhost:5566
Content-Type: multipart/form-data; boundary="2800aac5-7535-4ccb-9bc5-f8f7faf43760"
Content-Length: 1223983
Jepun_TraceIdentifier: [Redacted] 
2024-11-14 16:35:22.9886|DEBUG|Unrecognized Content-Type for request body. 
2024-11-14 16:37:31.0567|INFO|Request:
Protocol: HTTP/1.1
Method: POST
Scheme: https
PathBase: 
Path: /addFiles
Host: localhost:5566
Content-Type: multipart/form-data; boundary="62d7ae5e-6a05-4179-b694-61035c1064de"
Content-Length: 1223983
Jepun_TraceIdentifier: [Redacted] 
2024-11-14 16:37:31.0567|DEBUG|Unrecognized Content-Type for request body. 
2024-11-14 16:38:25.9349|INFO|Request:
Protocol: HTTP/1.1
Method: POST
Scheme: https
PathBase: 
Path: /addFiles
Host: localhost:5566
Content-Type: multipart/form-data; boundary="46e0ba24-684c-4d29-9ba9-66ca9a8bcd1f"
Content-Length: 1223975
Jepun_TraceIdentifier: [Redacted] 
2024-11-14 16:38:25.9478|DEBUG|Unrecognized Content-Type for request body. 
2024-11-14 16:46:46.7886|INFO|Request:
Protocol: HTTP/1.1
Method: POST
Scheme: https
PathBase: 
Path: /removeFiles
Host: localhost:5566
Content-Type: multipart/form-data; boundary="40d58000-04e8-4633-9f87-205c0bc89b39"
Content-Length: 891921
Jepun_TraceIdentifier: [Redacted] 
2024-11-14 16:46:46.7886|DEBUG|Unrecognized Content-Type for request body. 
2024-11-14 16:51:49.0997|INFO|Request:
Protocol: HTTP/1.1
Method: POST
Scheme: https
PathBase: 
Path: /getPages
Host: localhost:5566
Content-Type: multipart/form-data; boundary="c0ddf52f-73e6-4fb3-808c-8d34dbde12f0"
Content-Length: 891921
Jepun_TraceIdentifier: [Redacted] 
2024-11-14 16:51:49.0997|DEBUG|Unrecognized Content-Type for request body. 
2024-11-14 17:03:14.0236|INFO|Request:
Protocol: HTTP/1.1
Method: POST
Scheme: https
PathBase: 
Path: /searchText
Host: localhost:5566
Content-Type: multipart/form-data; boundary="a59d36ec-2390-4e65-92f7-e02721717c43"
Content-Length: 141585
Jepun_TraceIdentifier: [Redacted] 
2024-11-14 17:03:14.0236|DEBUG|Unrecognized Content-Type for request body. 
2024-11-14 17:03:53.2430|INFO|Request:
Protocol: HTTP/1.1
Method: POST
Scheme: https
PathBase: 
Path: /searchText
Host: localhost:5566
Content-Type: multipart/form-data; boundary="98fbd452-99cb-434a-8c77-24d72bd39708"
Content-Length: 141585
Jepun_TraceIdentifier: [Redacted] 
2024-11-14 17:03:53.2527|DEBUG|Unrecognized Content-Type for request body. 
2024-11-14 17:07:40.0424|INFO|Request:
Protocol: HTTP/1.1
Method: POST
Scheme: https
PathBase: 
Path: /searchText
Host: localhost:5566
Content-Type: multipart/form-data; boundary="9c46374f-51bb-455c-b78b-1d28fb38bc97"
Content-Length: 141585
Jepun_TraceIdentifier: [Redacted] 
2024-11-14 17:07:40.0424|DEBUG|Unrecognized Content-Type for request body. 
2024-11-14 17:08:15.8701|INFO|Request:
Protocol: HTTP/1.1
Method: POST
Scheme: https
PathBase: 
Path: /searchText
Host: localhost:5566
Content-Type: multipart/form-data; boundary="6a4c27ef-6067-474d-a9aa-a287c130d01c"
Content-Length: 141585
Jepun_TraceIdentifier: [Redacted] 
2024-11-14 17:08:15.8701|DEBUG|Unrecognized Content-Type for request body. 
2024-11-14 17:10:12.6954|INFO|Request:
Protocol: HTTP/1.1
Method: POST
Scheme: https
PathBase: 
Path: /searchText
Host: localhost:5566
Content-Type: multipart/form-data; boundary="53da6709-f779-4c87-99e2-1877c830b826"
Content-Length: 141585
Jepun_TraceIdentifier: [Redacted] 
2024-11-14 17:10:12.6954|DEBUG|Unrecognized Content-Type for request body. 
2024-11-14 17:11:37.2893|INFO|Request:
Protocol: HTTP/1.1
Method: POST
Scheme: https
PathBase: 
Path: /searchText
Host: localhost:5566
Content-Type: multipart/form-data; boundary="c5a967d9-8832-4fc9-a619-258c411b44e8"
Content-Length: 141585
Jepun_TraceIdentifier: [Redacted] 
2024-11-14 17:11:37.2893|DEBUG|Unrecognized Content-Type for request body. 
2024-11-14 17:34:11.9252|INFO|Request:
Protocol: HTTP/1.1
Method: POST
Scheme: https
PathBase: 
Path: /searchText
Host: localhost:5566
Content-Type: multipart/form-data; boundary="c2a3b15f-aa4d-44e3-8fc4-d23a9df291dd"
Content-Length: 141585
Jepun_TraceIdentifier: [Redacted] 
2024-11-14 17:34:11.9252|DEBUG|Unrecognized Content-Type for request body. 
2024-11-14 17:37:15.3433|INFO|Request:
Protocol: HTTP/1.1
Method: POST
Scheme: https
PathBase: 
Path: /searchText
Host: localhost:5566
Content-Type: multipart/form-data; boundary="038dcda4-9018-42b4-a49e-03bf826275c8"
Content-Length: 141585
Jepun_TraceIdentifier: [Redacted] 
2024-11-14 17:37:15.3433|DEBUG|Unrecognized Content-Type for request body. 
2024-11-14 18:04:18.0320|INFO|Request:
Protocol: HTTP/1.1
Method: POST
Scheme: https
PathBase: 
Path: /searchText
Host: localhost:5566
Content-Type: multipart/form-data; boundary="554aa3b6-4d32-40e0-9017-ece54e17d83e"
Content-Length: 141585
Jepun_TraceIdentifier: [Redacted] 
2024-11-14 18:04:18.0551|DEBUG|Unrecognized Content-Type for request body. 
2024-11-14 18:05:40.8151|INFO|Request:
Protocol: HTTP/1.1
Method: POST
Scheme: https
PathBase: 
Path: /searchText
Host: localhost:5566
Content-Type: multipart/form-data; boundary="9791a95a-3e29-465f-91b0-992ffb404218"
Content-Length: 141585
Jepun_TraceIdentifier: [Redacted] 
2024-11-14 18:05:40.8151|DEBUG|Unrecognized Content-Type for request body. 
2024-11-14 18:07:17.2029|INFO|Request:
Protocol: HTTP/1.1
Method: POST
Scheme: https
PathBase: 
Path: /searchText
Host: localhost:5566
Content-Type: multipart/form-data; boundary="30325ab6-04ed-48cd-a226-7e723a369fa3"
Content-Length: 141585
Jepun_TraceIdentifier: [Redacted] 
2024-11-14 18:07:17.2029|DEBUG|Unrecognized Content-Type for request body. 
2024-11-14 18:09:33.8918|INFO|Request:
Protocol: HTTP/1.1
Method: POST
Scheme: https
PathBase: 
Path: /searchText
Host: localhost:5566
Content-Type: multipart/form-data; boundary="30325ab6-04ed-48cd-a226-7e723a369fa3"
Content-Length: 141585
Jepun_TraceIdentifier: [Redacted] 
2024-11-14 18:09:33.8918|DEBUG|Unrecognized Content-Type for request body. 
2024-11-14 18:11:38.3759|INFO|Request:
Protocol: HTTP/1.1
Method: POST
Scheme: https
PathBase: 
Path: /searchText
Host: localhost:5566
Content-Type: multipart/form-data; boundary="732f6a6d-9e1c-466f-9de1-90f6c7dbc722"
Content-Length: 141585
Jepun_TraceIdentifier: [Redacted] 
2024-11-14 18:11:38.3759|DEBUG|Unrecognized Content-Type for request body. 
2024-11-14 18:15:58.5622|INFO|Request:
Protocol: HTTP/1.1
Method: POST
Scheme: https
PathBase: 
Path: /searchText
Host: localhost:5566
Content-Type: multipart/form-data; boundary="9911d937-2383-4741-8574-1be69777a107"
Content-Length: 141585
Jepun_TraceIdentifier: [Redacted] 
2024-11-14 18:15:58.5813|DEBUG|Unrecognized Content-Type for request body. 
2024-11-14 18:16:27.5763|INFO|Request:
Protocol: HTTP/1.1
Method: POST
Scheme: https
PathBase: 
Path: /searchText
Host: localhost:5566
Content-Type: multipart/form-data; boundary="2a50be98-23f3-4c8a-adce-be22bf4e99b3"
Content-Length: 141585
Jepun_TraceIdentifier: [Redacted] 
2024-11-14 18:16:27.5763|DEBUG|Unrecognized Content-Type for request body. 
2024-11-14 18:20:20.1063|INFO|Request:
Protocol: HTTP/1.1
Method: POST
Scheme: https
PathBase: 
Path: /searchText
Host: localhost:5566
Content-Type: multipart/form-data; boundary="e9077aea-f452-4d85-8452-6892c89f65e6"
Content-Length: 141585
Jepun_TraceIdentifier: [Redacted] 
2024-11-14 18:20:20.1204|DEBUG|Unrecognized Content-Type for request body. 
2024-11-14 18:22:42.9661|INFO|Request:
Protocol: HTTP/1.1
Method: POST
Scheme: https
PathBase: 
Path: /searchText
Host: localhost:5566
Content-Type: multipart/form-data; boundary="8636cd75-a272-465d-968d-ae7293326b8c"
Content-Length: 141585
Jepun_TraceIdentifier: [Redacted] 
2024-11-14 18:22:42.9661|DEBUG|Unrecognized Content-Type for request body. 
2024-11-14 18:23:27.4664|INFO|Request:
Protocol: HTTP/1.1
Method: POST
Scheme: https
PathBase: 
Path: /searchText
Host: localhost:5566
Content-Type: multipart/form-data; boundary="01078427-9561-4068-a835-d1fdf6c3b30c"
Content-Length: 141585
Jepun_TraceIdentifier: [Redacted] 
2024-11-14 18:23:27.4813|DEBUG|Unrecognized Content-Type for request body. 
2024-11-14 18:27:09.1066|INFO|Request:
Protocol: HTTP/1.1
Method: POST
Scheme: https
PathBase: 
Path: /searchText
Host: localhost:5566
Content-Type: multipart/form-data; boundary="ea907778-ce36-4a71-b2ca-4ab3cd13e515"
Content-Length: 141585
Jepun_TraceIdentifier: [Redacted] 
2024-11-14 18:27:09.1254|DEBUG|Unrecognized Content-Type for request body. 
2024-11-14 18:29:47.4484|INFO|Request:
Protocol: HTTP/1.1
Method: POST
Scheme: https
PathBase: 
Path: /searchText
Host: localhost:5566
Content-Type: multipart/form-data; boundary="20340187-f2d1-4c10-a077-488ccd3a1e9b"
Content-Length: 141585
Jepun_TraceIdentifier: [Redacted] 
2024-11-14 18:29:47.4484|DEBUG|Unrecognized Content-Type for request body. 
2024-11-14 18:34:38.3343|INFO|Request:
Protocol: HTTP/1.1
Method: POST
Scheme: https
PathBase: 
Path: /searchText
Host: localhost:5566
Content-Type: multipart/form-data; boundary="9e91d59e-d94c-40ef-a9de-4c0d34e3b51a"
Content-Length: 141585
Jepun_TraceIdentifier: [Redacted] 
2024-11-14 18:34:38.3343|DEBUG|Unrecognized Content-Type for request body. 
