2024-11-14 13:46:55.5568|DEBUG|Connection 0HN84DUVM0R08 established using the following protocol: Tls12 
2024-11-14 13:48:24.9965|DEBUG|Connection 0HN84DUVM0R09 established using the following protocol: Tls12 
2024-11-14 16:06:44.1207|DEBUG|Connection 0HN84GD3LK75Q established using the following protocol: Tls12 
2024-11-14 16:06:56.3076|DEBUG|Connection 0HN84GD3LK75R established using the following protocol: Tls12 
2024-11-14 16:16:25.7757|DEBUG|Connection 0HN84GD3LK75S established using the following protocol: Tls12 
2024-11-14 16:16:58.8285|DEBUG|Connection 0HN84GD3LK75T established using the following protocol: Tls12 
2024-11-14 16:18:42.2870|DEBUG|Connection 0HN84GJPMGHON established using the following protocol: Tls12 
2024-11-14 16:19:42.8851|DEBUG|Connection 0HN84GJPMGHOO established using the following protocol: Tls12 
2024-11-14 16:20:05.3730|DEBUG|Connection 0HN84GJPMGHOP established using the following protocol: Tls12 
2024-11-14 16:31:38.8503|DEBUG|Connection 0HN84GJPMGHOQ established using the following protocol: Tls12 
2024-11-14 16:35:22.9474|DEBUG|Connection 0HN84GJPMGHOR established using the following protocol: Tls12 
2024-11-14 16:37:31.0141|DEBUG|Connection 0HN84GJPMGHOS established using the following protocol: Tls12 
2024-11-14 16:38:25.8969|DEBUG|Connection 0HN84GJPMGHOT established using the following protocol: Tls12 
2024-11-14 16:46:46.7493|DEBUG|Connection 0HN84GJPMGHOU established using the following protocol: Tls12 
2024-11-14 16:51:49.0563|DEBUG|Connection 0HN84GJPMGHOV established using the following protocol: Tls12 
2024-11-14 17:03:13.9846|DEBUG|Connection 0HN84GJPMGHP0 established using the following protocol: Tls12 
2024-11-14 17:03:53.2030|DEBUG|Connection 0HN84GJPMGHP1 established using the following protocol: Tls12 
2024-11-14 17:07:39.9481|DEBUG|Connection 0HN84HF56A92N established using the following protocol: Tls12 
2024-11-14 17:08:15.8288|DEBUG|Connection 0HN84HF56A92O established using the following protocol: Tls12 
2024-11-14 17:10:12.6527|DEBUG|Connection 0HN84HF56A92P established using the following protocol: Tls12 
2024-11-14 17:11:37.1247|DEBUG|Connection 0HN84HHBRU38B established using the following protocol: Tls12 
2024-11-14 17:34:11.8271|DEBUG|Connection 0HN84HTVJKHCN established using the following protocol: Tls12 
2024-11-14 17:37:15.2502|DEBUG|Connection 0HN84HVM8TJCQ established using the following protocol: Tls12 
2024-11-14 18:04:17.9255|DEBUG|Connection 0HN84IEPRSP7H established using the following protocol: Tls12 
2024-11-14 18:05:40.7708|DEBUG|Connection 0HN84IEPRSP7I established using the following protocol: Tls12 
2024-11-14 18:07:17.1549|DEBUG|Connection 0HN84IEPRSP7J established using the following protocol: Tls12 
2024-11-14 18:09:33.8749|DEBUG|Connection 0HN84IEPRSP7K established using the following protocol: Tls12 
2024-11-14 18:11:38.3354|DEBUG|Connection 0HN84IEPRSP7L established using the following protocol: Tls12 
2024-11-14 18:15:58.4629|DEBUG|Connection 0HN84ILAKN958 established using the following protocol: Tls12 
2024-11-14 18:16:27.5354|DEBUG|Connection 0HN84ILAKN959 established using the following protocol: Tls12 
2024-11-14 18:20:19.9874|DEBUG|Connection 0HN84INOIN4E0 established using the following protocol: Tls12 
2024-11-14 18:22:42.8651|DEBUG|Connection 0HN84IP35EPB6 established using the following protocol: Tls12 
2024-11-14 18:23:27.3629|DEBUG|Connection 0HN84IPGDQHQS established using the following protocol: Tls12 
2024-11-14 18:27:08.9732|DEBUG|Connection 0HN84IRIF8COT established using the following protocol: Tls12 
2024-11-14 18:29:47.3509|DEBUG|Connection 0HN84IT1LMB75 established using the following protocol: Tls12 
2024-11-14 18:34:38.2387|DEBUG|Connection 0HN84IVOBPMFC established using the following protocol: Tls12 
