2024-11-14 13:46:55.5133|DEBUG|Connection id "0HN84DUVM0R08" accepted. 
2024-11-14 13:46:55.5133|DEBUG|Connection id "0HN84DUVM0R08" started. 
2024-11-14 13:47:17.3322|DEBUG|Connection id "0HN84DUVM0R08" completed keep alive response. 
2024-11-14 13:47:53.3972|DEBUG|Connection id "0HN84DUVM0R08" disconnecting. 
2024-11-14 13:47:53.4644|DEBUG|Connection id "0HN84DUVM0R08" stopped. 
2024-11-14 13:48:24.9748|DEBUG|Connection id "0HN84DUVM0R09" accepted. 
2024-11-14 13:48:24.9748|DEBUG|Connection id "0HN84DUVM0R09" started. 
2024-11-14 13:48:33.3363|DEBUG|Connection id "0HN84DUVM0R09" completed keep alive response. 
2024-11-14 13:48:57.2244|DEBUG|Connection id "0HN84DUVM0R09" disconnecting. 
2024-11-14 13:48:57.2929|DEBUG|Connection id "0HN84DUVM0R09" stopped. 
2024-11-14 16:06:44.0796|DEBUG|Connection id "0HN84GD3LK75Q" accepted. 
2024-11-14 16:06:44.0796|DEBUG|Connection id "0HN84GD3LK75Q" started. 
2024-11-14 16:06:54.2467|DEBUG|Connection id "0HN84GD3LK75Q" completed keep alive response. 
2024-11-14 16:06:56.2998|DEBUG|Connection id "0HN84GD3LK75R" accepted. 
2024-11-14 16:06:56.2998|DEBUG|Connection id "0HN84GD3LK75R" started. 
2024-11-14 16:06:56.3246|DEBUG|Connection id "0HN84GD3LK75R" completed keep alive response. 
2024-11-14 16:08:08.6263|DEBUG|Connection id "0HN84GD3LK75Q" disconnecting. 
2024-11-14 16:08:08.6357|DEBUG|Connection id "0HN84GD3LK75Q" stopped. 
2024-11-14 16:08:09.3007|DEBUG|Connection id "0HN84GD3LK75R" disconnecting. 
2024-11-14 16:08:09.3162|DEBUG|Connection id "0HN84GD3LK75R" stopped. 
2024-11-14 16:16:25.7565|DEBUG|Connection id "0HN84GD3LK75S" accepted. 
2024-11-14 16:16:25.7565|DEBUG|Connection id "0HN84GD3LK75S" started. 
2024-11-14 16:16:25.9681|DEBUG|Connection id "0HN84GD3LK75S" completed keep alive response. 
2024-11-14 16:16:26.1365|DEBUG|Connection id "0HN84GD3LK75S" completed keep alive response. 
2024-11-14 16:16:35.9000|DEBUG|Connection id "0HN84GD3LK75S" disconnecting. 
2024-11-14 16:16:35.9960|DEBUG|Connection id "0HN84GD3LK75S" stopped. 
2024-11-14 16:16:58.8047|DEBUG|Connection id "0HN84GD3LK75T" accepted. 
2024-11-14 16:16:58.8047|DEBUG|Connection id "0HN84GD3LK75T" started. 
2024-11-14 16:16:58.9804|DEBUG|Connection id "0HN84GD3LK75T" completed keep alive response. 
2024-11-14 16:16:59.1367|DEBUG|Connection id "0HN84GD3LK75T" completed keep alive response. 
2024-11-14 16:18:42.2373|DEBUG|Connection id "0HN84GJPMGHON" accepted. 
2024-11-14 16:18:42.2373|DEBUG|Connection id "0HN84GJPMGHON" started. 
2024-11-14 16:18:42.6155|DEBUG|Connection id "0HN84GJPMGHON" completed keep alive response. 
2024-11-14 16:18:42.8103|DEBUG|Connection id "0HN84GJPMGHON" completed keep alive response. 
2024-11-14 16:18:48.9735|DEBUG|Connection id "0HN84GJPMGHON" disconnecting. 
2024-11-14 16:18:49.0446|DEBUG|Connection id "0HN84GJPMGHON" stopped. 
2024-11-14 16:19:42.8619|DEBUG|Connection id "0HN84GJPMGHOO" accepted. 
2024-11-14 16:19:42.8619|DEBUG|Connection id "0HN84GJPMGHOO" started. 
2024-11-14 16:19:58.3105|DEBUG|Connection id "0HN84GJPMGHOO" completed keep alive response. 
2024-11-14 16:20:05.3730|DEBUG|Connection id "0HN84GJPMGHOP" accepted. 
2024-11-14 16:20:05.3730|DEBUG|Connection id "0HN84GJPMGHOP" started. 
2024-11-14 16:20:13.3637|DEBUG|Connection id "0HN84GJPMGHOP" completed keep alive response. 
2024-11-14 16:20:19.9602|DEBUG|Connection id "0HN84GJPMGHOO" disconnecting. 
2024-11-14 16:20:19.9602|DEBUG|Connection id "0HN84GJPMGHOP" disconnecting. 
2024-11-14 16:20:20.0996|DEBUG|Connection id "0HN84GJPMGHOO" stopped. 
2024-11-14 16:20:20.0996|DEBUG|Connection id "0HN84GJPMGHOP" stopped. 
2024-11-14 16:31:38.8342|DEBUG|Connection id "0HN84GJPMGHOQ" accepted. 
2024-11-14 16:31:38.8342|DEBUG|Connection id "0HN84GJPMGHOQ" started. 
2024-11-14 16:31:38.9284|DEBUG|Connection id "0HN84GJPMGHOQ" completed keep alive response. 
2024-11-14 16:31:49.6750|DEBUG|Connection id "0HN84GJPMGHOQ" disconnecting. 
2024-11-14 16:31:49.7505|DEBUG|Connection id "0HN84GJPMGHOQ" stopped. 
2024-11-14 16:35:22.9291|DEBUG|Connection id "0HN84GJPMGHOR" accepted. 
2024-11-14 16:35:22.9291|DEBUG|Connection id "0HN84GJPMGHOR" started. 
2024-11-14 16:35:23.0463|DEBUG|Connection id "0HN84GJPMGHOR" completed keep alive response. 
2024-11-14 16:35:39.9710|DEBUG|Connection id "0HN84GJPMGHOR" disconnecting. 
2024-11-14 16:35:40.0450|DEBUG|Connection id "0HN84GJPMGHOR" stopped. 
2024-11-14 16:37:30.9950|DEBUG|Connection id "0HN84GJPMGHOS" accepted. 
2024-11-14 16:37:30.9950|DEBUG|Connection id "0HN84GJPMGHOS" started. 
2024-11-14 16:37:31.1058|DEBUG|Connection id "0HN84GJPMGHOS" completed keep alive response. 
2024-11-14 16:37:41.0306|DEBUG|Connection id "0HN84GJPMGHOS" disconnecting. 
2024-11-14 16:37:41.1055|DEBUG|Connection id "0HN84GJPMGHOS" stopped. 
2024-11-14 16:38:25.8796|DEBUG|Connection id "0HN84GJPMGHOT" accepted. 
2024-11-14 16:38:25.8796|DEBUG|Connection id "0HN84GJPMGHOT" started. 
2024-11-14 16:38:26.0001|DEBUG|Connection id "0HN84GJPMGHOT" completed keep alive response. 
2024-11-14 16:38:32.5413|DEBUG|Connection id "0HN84GJPMGHOT" disconnecting. 
2024-11-14 16:38:32.6205|DEBUG|Connection id "0HN84GJPMGHOT" stopped. 
2024-11-14 16:46:46.7321|DEBUG|Connection id "0HN84GJPMGHOU" accepted. 
2024-11-14 16:46:46.7321|DEBUG|Connection id "0HN84GJPMGHOU" started. 
2024-11-14 16:46:46.8151|DEBUG|Connection id "0HN84GJPMGHOU" completed keep alive response. 
2024-11-14 16:46:50.5536|DEBUG|Connection id "0HN84GJPMGHOU" disconnecting. 
2024-11-14 16:46:50.6286|DEBUG|Connection id "0HN84GJPMGHOU" stopped. 
2024-11-14 16:51:49.0383|DEBUG|Connection id "0HN84GJPMGHOV" accepted. 
2024-11-14 16:51:49.0383|DEBUG|Connection id "0HN84GJPMGHOV" started. 
2024-11-14 16:51:49.1155|DEBUG|Connection id "0HN84GJPMGHOV" completed keep alive response. 
2024-11-14 16:52:01.1952|DEBUG|Connection id "0HN84GJPMGHOV" disconnecting. 
2024-11-14 16:52:01.2706|DEBUG|Connection id "0HN84GJPMGHOV" stopped. 
2024-11-14 17:03:13.9677|DEBUG|Connection id "0HN84GJPMGHP0" accepted. 
2024-11-14 17:03:13.9677|DEBUG|Connection id "0HN84GJPMGHP0" started. 
2024-11-14 17:03:14.0654|DEBUG|Connection id "0HN84GJPMGHP0" completed keep alive response. 
2024-11-14 17:03:37.1172|DEBUG|Connection id "0HN84GJPMGHP0" disconnecting. 
2024-11-14 17:03:37.2054|DEBUG|Connection id "0HN84GJPMGHP0" stopped. 
2024-11-14 17:03:53.1787|DEBUG|Connection id "0HN84GJPMGHP1" accepted. 
2024-11-14 17:03:53.1787|DEBUG|Connection id "0HN84GJPMGHP1" started. 
2024-11-14 17:04:31.4840|DEBUG|Connection id "0HN84GJPMGHP1" completed keep alive response. 
2024-11-14 17:07:39.9073|DEBUG|Connection id "0HN84HF56A92N" accepted. 
2024-11-14 17:07:39.9073|DEBUG|Connection id "0HN84HF56A92N" started. 
2024-11-14 17:07:52.0128|DEBUG|Connection id "0HN84HF56A92N" completed keep alive response. 
2024-11-14 17:08:10.8917|DEBUG|Connection id "0HN84HF56A92N" disconnecting. 
2024-11-14 17:08:10.9646|DEBUG|Connection id "0HN84HF56A92N" stopped. 
2024-11-14 17:08:15.8007|DEBUG|Connection id "0HN84HF56A92O" accepted. 
2024-11-14 17:08:15.8007|DEBUG|Connection id "0HN84HF56A92O" started. 
2024-11-14 17:08:35.5884|DEBUG|Connection id "0HN84HF56A92O" completed keep alive response. 
2024-11-14 17:09:29.1156|DEBUG|Connection id "0HN84HF56A92O" disconnecting. 
2024-11-14 17:09:29.1833|DEBUG|Connection id "0HN84HF56A92O" stopped. 
2024-11-14 17:10:12.6343|DEBUG|Connection id "0HN84HF56A92P" accepted. 
2024-11-14 17:10:12.6343|DEBUG|Connection id "0HN84HF56A92P" started. 
2024-11-14 17:10:19.7931|DEBUG|Connection id "0HN84HF56A92P" completed keep alive response. 
2024-11-14 17:10:36.0275|DEBUG|Connection id "0HN84HF56A92P" disconnecting. 
2024-11-14 17:10:36.1046|DEBUG|Connection id "0HN84HF56A92P" stopped. 
2024-11-14 17:11:37.0553|DEBUG|Connection id "0HN84HHBRU38B" accepted. 
2024-11-14 17:11:37.0553|DEBUG|Connection id "0HN84HHBRU38B" started. 
2024-11-14 17:34:11.7841|DEBUG|Connection id "0HN84HTVJKHCN" accepted. 
2024-11-14 17:34:11.7841|DEBUG|Connection id "0HN84HTVJKHCN" started. 
2024-11-14 17:37:15.2097|DEBUG|Connection id "0HN84HVM8TJCQ" accepted. 
2024-11-14 17:37:15.2097|DEBUG|Connection id "0HN84HVM8TJCQ" started. 
2024-11-14 18:04:17.8784|DEBUG|Connection id "0HN84IEPRSP7H" accepted. 
2024-11-14 18:04:17.8784|DEBUG|Connection id "0HN84IEPRSP7H" started. 
2024-11-14 18:04:30.2997|DEBUG|Connection id "0HN84IEPRSP7H" completed keep alive response. 
2024-11-14 18:04:51.8133|DEBUG|Connection id "0HN84IEPRSP7H" disconnecting. 
2024-11-14 18:04:51.8937|DEBUG|Connection id "0HN84IEPRSP7H" stopped. 
2024-11-14 18:05:40.7533|DEBUG|Connection id "0HN84IEPRSP7I" accepted. 
2024-11-14 18:05:40.7533|DEBUG|Connection id "0HN84IEPRSP7I" started. 
2024-11-14 18:05:46.7583|DEBUG|Connection id "0HN84IEPRSP7I" completed keep alive response. 
2024-11-14 18:06:22.6100|DEBUG|Connection id "0HN84IEPRSP7I" disconnecting. 
2024-11-14 18:06:22.6785|DEBUG|Connection id "0HN84IEPRSP7I" stopped. 
2024-11-14 18:07:17.1347|DEBUG|Connection id "0HN84IEPRSP7J" accepted. 
2024-11-14 18:07:17.1347|DEBUG|Connection id "0HN84IEPRSP7J" started. 
2024-11-14 18:09:33.8749|DEBUG|Connection id "0HN84IEPRSP7J" disconnecting. 
2024-11-14 18:09:33.8749|DEBUG|Connection id "0HN84IEPRSP7J" completed keep alive response. 
2024-11-14 18:09:33.8749|DEBUG|Connection id "0HN84IEPRSP7K" accepted. 
2024-11-14 18:09:33.8749|DEBUG|Connection id "0HN84IEPRSP7K" started. 
2024-11-14 18:09:33.8749|DEBUG|Connection id "0HN84IEPRSP7J" stopped. 
2024-11-14 18:09:38.7740|DEBUG|Connection id "0HN84IEPRSP7K" completed keep alive response. 
2024-11-14 18:10:20.3802|DEBUG|Connection id "0HN84IEPRSP7K" disconnecting. 
2024-11-14 18:10:20.4535|DEBUG|Connection id "0HN84IEPRSP7K" stopped. 
2024-11-14 18:11:38.3158|DEBUG|Connection id "0HN84IEPRSP7L" accepted. 
2024-11-14 18:11:38.3158|DEBUG|Connection id "0HN84IEPRSP7L" started. 
2024-11-14 18:11:49.7737|DEBUG|Connection id "0HN84IEPRSP7L" completed keep alive response. 
2024-11-14 18:15:15.2965|DEBUG|Connection id "0HN84IEPRSP7L" disconnecting. 
2024-11-14 18:15:15.3609|DEBUG|Connection id "0HN84IEPRSP7L" stopped. 
2024-11-14 18:15:58.4141|DEBUG|Connection id "0HN84ILAKN958" accepted. 
2024-11-14 18:15:58.4141|DEBUG|Connection id "0HN84ILAKN958" started. 
2024-11-14 18:15:58.8723|DEBUG|Connection id "0HN84ILAKN958" completed keep alive response. 
2024-11-14 18:16:11.1720|DEBUG|Connection id "0HN84ILAKN958" disconnecting. 
2024-11-14 18:16:11.2395|DEBUG|Connection id "0HN84ILAKN958" stopped. 
2024-11-14 18:16:27.4949|DEBUG|Connection id "0HN84ILAKN959" accepted. 
2024-11-14 18:16:27.4986|DEBUG|Connection id "0HN84ILAKN959" started. 
2024-11-14 18:16:27.6121|DEBUG|Connection id "0HN84ILAKN959" completed keep alive response. 
2024-11-14 18:17:18.9966|DEBUG|Connection id "0HN84ILAKN959" disconnecting. 
2024-11-14 18:17:19.0714|DEBUG|Connection id "0HN84ILAKN959" stopped. 
2024-11-14 18:20:19.9285|DEBUG|Connection id "0HN84INOIN4E0" accepted. 
2024-11-14 18:20:19.9285|DEBUG|Connection id "0HN84INOIN4E0" started. 
2024-11-14 18:20:20.3662|DEBUG|Connection id "0HN84INOIN4E0" completed keep alive response. 
2024-11-14 18:20:49.0082|DEBUG|Connection id "0HN84INOIN4E0" disconnecting. 
2024-11-14 18:20:49.0552|DEBUG|Connection id "0HN84INOIN4E0" stopped. 
2024-11-14 18:22:42.8219|DEBUG|Connection id "0HN84IP35EPB6" accepted. 
2024-11-14 18:22:42.8237|DEBUG|Connection id "0HN84IP35EPB6" started. 
2024-11-14 18:22:43.1561|DEBUG|Connection id "0HN84IP35EPB6" completed keep alive response. 
2024-11-14 18:22:58.9887|DEBUG|Connection id "0HN84IP35EPB6" disconnecting. 
2024-11-14 18:22:59.0449|DEBUG|Connection id "0HN84IP35EPB6" stopped. 
2024-11-14 18:23:27.3201|DEBUG|Connection id "0HN84IPGDQHQS" accepted. 
2024-11-14 18:23:27.3201|DEBUG|Connection id "0HN84IPGDQHQS" started. 
2024-11-14 18:23:27.6676|DEBUG|Connection id "0HN84IPGDQHQS" completed keep alive response. 
2024-11-14 18:23:42.6205|DEBUG|Connection id "0HN84IPGDQHQS" disconnecting. 
2024-11-14 18:23:42.6780|DEBUG|Connection id "0HN84IPGDQHQS" stopped. 
2024-11-14 18:27:08.9296|DEBUG|Connection id "0HN84IRIF8COT" accepted. 
2024-11-14 18:27:08.9317|DEBUG|Connection id "0HN84IRIF8COT" started. 
2024-11-14 18:27:09.3727|DEBUG|Connection id "0HN84IRIF8COT" completed keep alive response. 
2024-11-14 18:29:47.3103|DEBUG|Connection id "0HN84IT1LMB75" accepted. 
2024-11-14 18:29:47.3103|DEBUG|Connection id "0HN84IT1LMB75" started. 
2024-11-14 18:29:47.6352|DEBUG|Connection id "0HN84IT1LMB75" completed keep alive response. 
2024-11-14 18:29:53.4960|DEBUG|Connection id "0HN84IT1LMB75" disconnecting. 
2024-11-14 18:29:53.5671|DEBUG|Connection id "0HN84IT1LMB75" stopped. 
2024-11-14 18:34:38.1962|DEBUG|Connection id "0HN84IVOBPMFC" accepted. 
2024-11-14 18:34:38.1962|DEBUG|Connection id "0HN84IVOBPMFC" started. 
2024-11-14 18:34:38.5291|DEBUG|Connection id "0HN84IVOBPMFC" completed keep alive response. 
2024-11-14 18:35:01.7834|DEBUG|Connection id "0HN84IVOBPMFC" disconnecting. 
2024-11-14 18:35:01.8440|DEBUG|Connection id "0HN84IVOBPMFC" stopped. 
