2025-07-14 15:39:40.2767|INFO|Request:
Protocol: HTTP/2
Method: GET
Scheme: https
PathBase: 
Path: /
Accept: text/html,application/xhtml+xml,application/xml;q=0.9,image/avif,image/webp,image/apng,*/*;q=0.8,application/signed-exchange;v=b3;q=0.7
Host: 127.0.0.1:5566
User-Agent: Mozilla/5.0 (Windows NT 10.0; Win64; x64) AppleWebKit/537.36 (KHTML, like Gecko) Chrome/138.0.0.0 Safari/537.36
Accept-Encoding: gzip, deflate, br, zstd
Accept-Language: zh-TW,zh;q=0.9,en-US;q=0.8,en;q=0.7,ja;q=0.6
Cache-Control: max-age=0
Upgrade-Insecure-Requests: [Redacted]
sec-ch-ua: [Redacted]
sec-ch-ua-mobile: [Redacted]
sec-ch-ua-platform: [Redacted]
sec-fetch-site: [Redacted]
sec-fetch-mode: [Redacted]
sec-fetch-user: [Redacted]
sec-fetch-dest: [Redacted]
priority: [Redacted] 
2025-07-14 15:39:40.2970|DEBUG|No Content-Type header for request body. 
2025-07-14 15:39:40.4771|INFO|Request:
Protocol: HTTP/2
Method: GET
Scheme: https
PathBase: 
Path: /favicon.ico
Accept: image/avif,image/webp,image/apng,image/svg+xml,image/*,*/*;q=0.8
Host: 127.0.0.1:5566
User-Agent: Mozilla/5.0 (Windows NT 10.0; Win64; x64) AppleWebKit/537.36 (KHTML, like Gecko) Chrome/138.0.0.0 Safari/537.36
Accept-Encoding: gzip, deflate, br, zstd
Accept-Language: zh-TW,zh;q=0.9,en-US;q=0.8,en;q=0.7,ja;q=0.6
Referer: [Redacted]
sec-ch-ua-platform: [Redacted]
sec-ch-ua: [Redacted]
sec-ch-ua-mobile: [Redacted]
sec-fetch-site: [Redacted]
sec-fetch-mode: [Redacted]
sec-fetch-dest: [Redacted]
priority: [Redacted] 
2025-07-14 15:39:40.4771|DEBUG|No Content-Type header for request body. 
2025-07-14 15:39:57.1233|INFO|Request:
Protocol: HTTP/2
Method: GET
Scheme: https
PathBase: 
Path: /swagger
Accept: text/html,application/xhtml+xml,application/xml;q=0.9,image/avif,image/webp,image/apng,*/*;q=0.8,application/signed-exchange;v=b3;q=0.7
Host: 127.0.0.1:5566
User-Agent: Mozilla/5.0 (Windows NT 10.0; Win64; x64) AppleWebKit/537.36 (KHTML, like Gecko) Chrome/138.0.0.0 Safari/537.36
Accept-Encoding: gzip, deflate, br, zstd
Accept-Language: zh-TW,zh;q=0.9,en-US;q=0.8,en;q=0.7,ja;q=0.6
Upgrade-Insecure-Requests: [Redacted]
sec-ch-ua: [Redacted]
sec-ch-ua-mobile: [Redacted]
sec-ch-ua-platform: [Redacted]
sec-fetch-site: [Redacted]
sec-fetch-mode: [Redacted]
sec-fetch-user: [Redacted]
sec-fetch-dest: [Redacted]
priority: [Redacted] 
2025-07-14 15:39:57.1233|DEBUG|No Content-Type header for request body. 
2025-07-14 15:39:57.1354|INFO|Request:
Protocol: HTTP/2
Method: GET
Scheme: https
PathBase: 
Path: /swagger/index.html
Accept: text/html,application/xhtml+xml,application/xml;q=0.9,image/avif,image/webp,image/apng,*/*;q=0.8,application/signed-exchange;v=b3;q=0.7
Host: 127.0.0.1:5566
User-Agent: Mozilla/5.0 (Windows NT 10.0; Win64; x64) AppleWebKit/537.36 (KHTML, like Gecko) Chrome/138.0.0.0 Safari/537.36
Accept-Encoding: gzip, deflate, br, zstd
Accept-Language: zh-TW,zh;q=0.9,en-US;q=0.8,en;q=0.7,ja;q=0.6
Upgrade-Insecure-Requests: [Redacted]
sec-fetch-site: [Redacted]
sec-fetch-mode: [Redacted]
sec-fetch-user: [Redacted]
sec-fetch-dest: [Redacted]
sec-ch-ua: [Redacted]
sec-ch-ua-mobile: [Redacted]
sec-ch-ua-platform: [Redacted]
priority: [Redacted] 
2025-07-14 15:39:57.1490|DEBUG|No Content-Type header for request body. 
2025-07-14 15:39:57.2093|INFO|Request:
Protocol: HTTP/2
Method: GET
Scheme: https
PathBase: 
Path: /swagger/swagger-ui.css
Accept: text/css,*/*;q=0.1
Host: 127.0.0.1:5566
User-Agent: Mozilla/5.0 (Windows NT 10.0; Win64; x64) AppleWebKit/537.36 (KHTML, like Gecko) Chrome/138.0.0.0 Safari/537.36
Accept-Encoding: gzip, deflate, br, zstd
Accept-Language: zh-TW,zh;q=0.9,en-US;q=0.8,en;q=0.7,ja;q=0.6
Referer: [Redacted]
sec-ch-ua-platform: [Redacted]
sec-ch-ua: [Redacted]
sec-ch-ua-mobile: [Redacted]
sec-fetch-site: [Redacted]
sec-fetch-mode: [Redacted]
sec-fetch-dest: [Redacted]
priority: [Redacted] 
2025-07-14 15:39:57.2093|DEBUG|No Content-Type header for request body. 
2025-07-14 15:39:57.2260|INFO|Request:
Protocol: HTTP/2
Method: GET
Scheme: https
PathBase: 
Path: /swagger/index.css
Accept: text/css,*/*;q=0.1
Host: 127.0.0.1:5566
User-Agent: Mozilla/5.0 (Windows NT 10.0; Win64; x64) AppleWebKit/537.36 (KHTML, like Gecko) Chrome/138.0.0.0 Safari/537.36
Accept-Encoding: gzip, deflate, br, zstd
Accept-Language: zh-TW,zh;q=0.9,en-US;q=0.8,en;q=0.7,ja;q=0.6
Referer: [Redacted]
sec-ch-ua-platform: [Redacted]
sec-ch-ua: [Redacted]
sec-ch-ua-mobile: [Redacted]
sec-fetch-site: [Redacted]
sec-fetch-mode: [Redacted]
sec-fetch-dest: [Redacted]
priority: [Redacted] 
2025-07-14 15:39:57.2260|DEBUG|No Content-Type header for request body. 
2025-07-14 15:39:57.2260|INFO|Request:
Protocol: HTTP/2
Method: GET
Scheme: https
PathBase: 
Path: /swagger/index.js
Accept: */*
Host: 127.0.0.1:5566
User-Agent: Mozilla/5.0 (Windows NT 10.0; Win64; x64) AppleWebKit/537.36 (KHTML, like Gecko) Chrome/138.0.0.0 Safari/537.36
Accept-Encoding: gzip, deflate, br, zstd
Accept-Language: zh-TW,zh;q=0.9,en-US;q=0.8,en;q=0.7,ja;q=0.6
Referer: [Redacted]
sec-ch-ua-platform: [Redacted]
sec-ch-ua: [Redacted]
sec-ch-ua-mobile: [Redacted]
sec-fetch-site: [Redacted]
sec-fetch-mode: [Redacted]
sec-fetch-dest: [Redacted]
priority: [Redacted] 
2025-07-14 15:39:57.2260|INFO|Request:
Protocol: HTTP/2
Method: GET
Scheme: https
PathBase: 
Path: /swagger/swagger-ui-standalone-preset.js
Accept: */*
Host: 127.0.0.1:5566
User-Agent: Mozilla/5.0 (Windows NT 10.0; Win64; x64) AppleWebKit/537.36 (KHTML, like Gecko) Chrome/138.0.0.0 Safari/537.36
Accept-Encoding: gzip, deflate, br, zstd
Accept-Language: zh-TW,zh;q=0.9,en-US;q=0.8,en;q=0.7,ja;q=0.6
Referer: [Redacted]
sec-ch-ua-platform: [Redacted]
sec-ch-ua: [Redacted]
sec-ch-ua-mobile: [Redacted]
sec-fetch-site: [Redacted]
sec-fetch-mode: [Redacted]
sec-fetch-dest: [Redacted]
priority: [Redacted] 
2025-07-14 15:39:57.2432|DEBUG|No Content-Type header for request body. 
2025-07-14 15:39:57.2432|INFO|Request:
Protocol: HTTP/2
Method: GET
Scheme: https
PathBase: 
Path: /swagger/swagger-ui-bundle.js
Accept: */*
Host: 127.0.0.1:5566
User-Agent: Mozilla/5.0 (Windows NT 10.0; Win64; x64) AppleWebKit/537.36 (KHTML, like Gecko) Chrome/138.0.0.0 Safari/537.36
Accept-Encoding: gzip, deflate, br, zstd
Accept-Language: zh-TW,zh;q=0.9,en-US;q=0.8,en;q=0.7,ja;q=0.6
Referer: [Redacted]
sec-ch-ua-platform: [Redacted]
sec-ch-ua: [Redacted]
sec-ch-ua-mobile: [Redacted]
sec-fetch-site: [Redacted]
sec-fetch-mode: [Redacted]
sec-fetch-dest: [Redacted]
priority: [Redacted] 
2025-07-14 15:39:57.2432|DEBUG|No Content-Type header for request body. 
2025-07-14 15:39:57.2573|DEBUG|No Content-Type header for request body. 
2025-07-14 15:39:57.4601|INFO|Request:
Protocol: HTTP/2
Method: GET
Scheme: https
PathBase: 
Path: /swagger/v1/swagger.json
Accept: application/json,*/*
Host: 127.0.0.1:5566
User-Agent: Mozilla/5.0 (Windows NT 10.0; Win64; x64) AppleWebKit/537.36 (KHTML, like Gecko) Chrome/138.0.0.0 Safari/537.36
Accept-Encoding: gzip, deflate, br, zstd
Accept-Language: zh-TW,zh;q=0.9,en-US;q=0.8,en;q=0.7,ja;q=0.6
Referer: [Redacted]
sec-ch-ua-platform: [Redacted]
sec-ch-ua: [Redacted]
sec-ch-ua-mobile: [Redacted]
sec-fetch-site: [Redacted]
sec-fetch-mode: [Redacted]
sec-fetch-dest: [Redacted]
priority: [Redacted] 
2025-07-14 15:39:57.4601|DEBUG|No Content-Type header for request body. 
2025-07-14 15:39:57.4912|INFO|Request:
Protocol: HTTP/2
Method: GET
Scheme: https
PathBase: 
Path: /swagger/favicon-32x32.png
Accept: image/avif,image/webp,image/apng,image/svg+xml,image/*,*/*;q=0.8
Host: 127.0.0.1:5566
User-Agent: Mozilla/5.0 (Windows NT 10.0; Win64; x64) AppleWebKit/537.36 (KHTML, like Gecko) Chrome/138.0.0.0 Safari/537.36
Accept-Encoding: gzip, deflate, br, zstd
Accept-Language: zh-TW,zh;q=0.9,en-US;q=0.8,en;q=0.7,ja;q=0.6
Referer: [Redacted]
sec-ch-ua-platform: [Redacted]
sec-ch-ua: [Redacted]
sec-ch-ua-mobile: [Redacted]
sec-fetch-site: [Redacted]
sec-fetch-mode: [Redacted]
sec-fetch-dest: [Redacted]
priority: [Redacted] 
2025-07-14 15:39:57.4912|DEBUG|No Content-Type header for request body. 
2025-07-14 15:40:38.1399|INFO|Request:
Protocol: HTTP/2
Method: GET
Scheme: https
PathBase: 
Path: /
Accept: text/plain
Host: 127.0.0.1:5566
User-Agent: Mozilla/5.0 (Windows NT 10.0; Win64; x64) AppleWebKit/537.36 (KHTML, like Gecko) Chrome/138.0.0.0 Safari/537.36
Accept-Encoding: gzip, deflate, br, zstd
Accept-Language: zh-TW,zh;q=0.9,en-US;q=0.8,en;q=0.7,ja;q=0.6
Referer: [Redacted]
sec-ch-ua-platform: [Redacted]
sec-ch-ua: [Redacted]
sec-ch-ua-mobile: [Redacted]
sec-fetch-site: [Redacted]
sec-fetch-mode: [Redacted]
sec-fetch-dest: [Redacted]
priority: [Redacted] 
2025-07-14 15:40:38.1399|DEBUG|No Content-Type header for request body. 
