2025-07-14 15:39:40.0379|TRACE|Connection id "0HNE2L6A9V8D9" sending SETTINGS frame for stream ID 0 with length 24 and flags NONE. 
2025-07-14 15:39:40.0416|TRACE|Connection id "0HNE2L6A9V8D9" sending WINDOW_UPDATE frame for stream ID 0 with length 4 and flags 0x0. 
2025-07-14 15:39:40.0416|TRACE|Connection id "0HNE2L6A9V8D9" received SETTINGS frame for stream ID 0 with length 24 and flags NONE. 
2025-07-14 15:39:40.0416|TRACE|Connection id "0HNE2L6A9V8D9" sending SETTINGS frame for stream ID 0 with length 0 and flags ACK. 
2025-07-14 15:39:40.0416|TRACE|Connection id "0HNE2L6A9V8D9" received WINDOW_UPDATE frame for stream ID 0 with length 4 and flags 0x0. 
2025-07-14 15:39:40.0416|TRACE|Connection id "0HNE2L6A9V8D9" received HEADERS frame for stream ID 1 with length 488 and flags END_STREAM, END_HEADERS, PRIORITY. 
2025-07-14 15:39:40.0634|TRACE|Connection id "0HNE2L6A9V8D9" received SETTINGS frame for stream ID 0 with length 0 and flags ACK. 
2025-07-14 15:39:40.3201|TRACE|Connection id "0HNE2L6A9V8D9" sending HEADERS frame for stream ID 1 with length 68 and flags END_HEADERS. 
2025-07-14 15:39:40.3201|TRACE|Connection id "0HNE2L6A9V8D9" sending DATA frame for stream ID 1 with length 12 and flags NONE. 
2025-07-14 15:39:40.3201|TRACE|Connection id "0HNE2L6A9V8D9" sending DATA frame for stream ID 1 with length 0 and flags END_STREAM. 
2025-07-14 15:39:40.4771|TRACE|Connection id "0HNE2L6A9V8D9" received HEADERS frame for stream ID 3 with length 129 and flags END_STREAM, END_HEADERS, PRIORITY. 
2025-07-14 15:39:40.4771|TRACE|Connection id "0HNE2L6A9V8D9" sending HEADERS frame for stream ID 3 with length 37 and flags END_STREAM, END_HEADERS. 
2025-07-14 15:39:57.1116|TRACE|Connection id "0HNE2L6A9V8D9" received HEADERS frame for stream ID 5 with length 29 and flags END_STREAM, END_HEADERS, PRIORITY. 
2025-07-14 15:39:57.1116|TRACE|Connection id "0HNE2L6A9V8D9" received PING frame for stream ID 0 with length 8 and flags NONE. 
2025-07-14 15:39:57.1116|TRACE|Connection id "0HNE2L6A9V8D9" sending PING frame for stream ID 0 with length 8 and flags ACK. 
2025-07-14 15:39:57.1233|TRACE|Connection id "0HNE2L6A9V8D9" sending HEADERS frame for stream ID 5 with length 61 and flags END_STREAM, END_HEADERS. 
2025-07-14 15:39:57.1354|TRACE|Connection id "0HNE2L6A9V8D9" received HEADERS frame for stream ID 7 with length 37 and flags END_STREAM, END_HEADERS, PRIORITY. 
2025-07-14 15:39:57.1821|TRACE|Connection id "0HNE2L6A9V8D9" sending HEADERS frame for stream ID 7 with length 28 and flags END_HEADERS. 
2025-07-14 15:39:57.1821|TRACE|Connection id "0HNE2L6A9V8D9" sending DATA frame for stream ID 7 with length 698 and flags NONE. 
2025-07-14 15:39:57.1821|TRACE|Connection id "0HNE2L6A9V8D9" sending DATA frame for stream ID 7 with length 438 and flags NONE. 
2025-07-14 15:39:57.1821|TRACE|Connection id "0HNE2L6A9V8D9" sending DATA frame for stream ID 7 with length 0 and flags END_STREAM. 
2025-07-14 15:39:57.1821|TRACE|Connection id "0HNE2L6A9V8D9" received WINDOW_UPDATE frame for stream ID 0 with length 4 and flags 0x0. 
2025-07-14 15:39:57.2093|TRACE|Connection id "0HNE2L6A9V8D9" received HEADERS frame for stream ID 9 with length 96 and flags END_STREAM, END_HEADERS, PRIORITY. 
2025-07-14 15:39:57.2093|TRACE|Connection id "0HNE2L6A9V8D9" received HEADERS frame for stream ID 11 with length 35 and flags END_STREAM, END_HEADERS, PRIORITY. 
2025-07-14 15:39:57.2093|TRACE|Connection id "0HNE2L6A9V8D9" received HEADERS frame for stream ID 13 with length 58 and flags END_STREAM, END_HEADERS, PRIORITY. 
2025-07-14 15:39:57.2093|TRACE|Connection id "0HNE2L6A9V8D9" received HEADERS frame for stream ID 15 with length 51 and flags END_STREAM, END_HEADERS, PRIORITY. 
2025-07-14 15:39:57.2093|TRACE|Connection id "0HNE2L6A9V8D9" received HEADERS frame for stream ID 17 with length 35 and flags END_STREAM, END_HEADERS, PRIORITY. 
2025-07-14 15:39:57.2093|TRACE|Connection id "0HNE2L6A9V8D9" received HEADERS frame for stream ID 19 with length 52 and flags END_STREAM, END_HEADERS, PRIORITY. 
2025-07-14 15:39:57.2260|TRACE|Connection id "0HNE2L6A9V8D9" received HEADERS frame for stream ID 21 with length 33 and flags END_STREAM, END_HEADERS, PRIORITY. 
2025-07-14 15:39:57.2432|TRACE|Connection id "0HNE2L6A9V8D9" sending HEADERS frame for stream ID 11 with length 76 and flags END_HEADERS. 
2025-07-14 15:39:57.2573|TRACE|Connection id "0HNE2L6A9V8D9" sending DATA frame for stream ID 11 with length 202 and flags NONE. 
2025-07-14 15:39:57.2573|TRACE|Connection id "0HNE2L6A9V8D9" sending HEADERS frame for stream ID 19 with length 60 and flags END_HEADERS. 
2025-07-14 15:39:57.2573|TRACE|Connection id "0HNE2L6A9V8D9" sending DATA frame for stream ID 19 with length 16384 and flags NONE. 
2025-07-14 15:39:57.2573|TRACE|Connection id "0HNE2L6A9V8D9" sending DATA frame for stream ID 19 with length 133 and flags NONE. 
2025-07-14 15:39:57.2573|TRACE|Connection id "0HNE2L6A9V8D9" sending HEADERS frame for stream ID 9 with length 34 and flags END_HEADERS. 
2025-07-14 15:39:57.2573|TRACE|Connection id "0HNE2L6A9V8D9" sending DATA frame for stream ID 9 with length 16384 and flags NONE. 
2025-07-14 15:39:57.2573|TRACE|Connection id "0HNE2L6A9V8D9" sending DATA frame for stream ID 9 with length 16384 and flags NONE. 
2025-07-14 15:39:57.2573|TRACE|Connection id "0HNE2L6A9V8D9" sending DATA frame for stream ID 9 with length 16384 and flags NONE. 
2025-07-14 15:39:57.2573|TRACE|Connection id "0HNE2L6A9V8D9" sending DATA frame for stream ID 9 with length 16384 and flags NONE. 
2025-07-14 15:39:57.2573|TRACE|Connection id "0HNE2L6A9V8D9" sending HEADERS frame for stream ID 17 with length 41 and flags END_HEADERS. 
2025-07-14 15:39:57.2573|TRACE|Connection id "0HNE2L6A9V8D9" sending DATA frame for stream ID 17 with length 3116 and flags END_STREAM. 
2025-07-14 15:39:57.2573|TRACE|Connection id "0HNE2L6A9V8D9" sending DATA frame for stream ID 11 with length 0 and flags END_STREAM. 
2025-07-14 15:39:57.2573|TRACE|Connection id "0HNE2L6A9V8D9" sending HEADERS frame for stream ID 15 with length 50 and flags END_HEADERS. 
2025-07-14 15:39:57.2573|TRACE|Connection id "0HNE2L6A9V8D9" sending DATA frame for stream ID 15 with length 16384 and flags NONE. 
2025-07-14 15:39:57.2573|TRACE|Connection id "0HNE2L6A9V8D9" sending DATA frame for stream ID 15 with length 16384 and flags NONE. 
2025-07-14 15:39:57.2573|TRACE|Connection id "0HNE2L6A9V8D9" sending DATA frame for stream ID 15 with length 16384 and flags NONE. 
2025-07-14 15:39:57.2573|TRACE|Connection id "0HNE2L6A9V8D9" sending DATA frame for stream ID 15 with length 16384 and flags NONE. 
2025-07-14 15:39:57.2573|TRACE|Connection id "0HNE2L6A9V8D9" sending HEADERS frame for stream ID 13 with length 35 and flags END_HEADERS. 
2025-07-14 15:39:57.2573|TRACE|Connection id "0HNE2L6A9V8D9" sending DATA frame for stream ID 13 with length 16384 and flags NONE. 
2025-07-14 15:39:57.2573|TRACE|Connection id "0HNE2L6A9V8D9" sending DATA frame for stream ID 13 with length 16384 and flags NONE. 
2025-07-14 15:39:57.2573|TRACE|Connection id "0HNE2L6A9V8D9" sending DATA frame for stream ID 13 with length 16384 and flags NONE. 
2025-07-14 15:39:57.2573|TRACE|Connection id "0HNE2L6A9V8D9" sending DATA frame for stream ID 13 with length 16384 and flags NONE. 
2025-07-14 15:39:57.2732|TRACE|Connection id "0HNE2L6A9V8D9" sending DATA frame for stream ID 19 with length 0 and flags END_STREAM. 
2025-07-14 15:39:57.2732|TRACE|Connection id "0HNE2L6A9V8D9" sending DATA frame for stream ID 9 with length 16384 and flags NONE. 
2025-07-14 15:39:57.2732|TRACE|Connection id "0HNE2L6A9V8D9" sending DATA frame for stream ID 9 with length 16384 and flags NONE. 
2025-07-14 15:39:57.2732|TRACE|Connection id "0HNE2L6A9V8D9" sending DATA frame for stream ID 9 with length 16384 and flags NONE. 
2025-07-14 15:39:57.2732|TRACE|Connection id "0HNE2L6A9V8D9" sending DATA frame for stream ID 9 with length 16384 and flags NONE. 
2025-07-14 15:39:57.2732|TRACE|Connection id "0HNE2L6A9V8D9" sending DATA frame for stream ID 15 with length 16384 and flags NONE. 
2025-07-14 15:39:57.2732|TRACE|Connection id "0HNE2L6A9V8D9" sending DATA frame for stream ID 15 with length 16384 and flags NONE. 
2025-07-14 15:39:57.2732|TRACE|Connection id "0HNE2L6A9V8D9" sending DATA frame for stream ID 15 with length 16384 and flags NONE. 
2025-07-14 15:39:57.2732|TRACE|Connection id "0HNE2L6A9V8D9" sending DATA frame for stream ID 15 with length 16384 and flags NONE. 
2025-07-14 15:39:57.2732|TRACE|Connection id "0HNE2L6A9V8D9" sending DATA frame for stream ID 13 with length 16384 and flags NONE. 
2025-07-14 15:39:57.2732|TRACE|Connection id "0HNE2L6A9V8D9" sending DATA frame for stream ID 13 with length 16384 and flags NONE. 
2025-07-14 15:39:57.2732|TRACE|Connection id "0HNE2L6A9V8D9" sending DATA frame for stream ID 13 with length 16384 and flags NONE. 
2025-07-14 15:39:57.2732|TRACE|Connection id "0HNE2L6A9V8D9" sending DATA frame for stream ID 13 with length 16384 and flags NONE. 
2025-07-14 15:39:57.2732|TRACE|Connection id "0HNE2L6A9V8D9" sending DATA frame for stream ID 9 with length 16384 and flags NONE. 
2025-07-14 15:39:57.2732|TRACE|Connection id "0HNE2L6A9V8D9" sending DATA frame for stream ID 9 with length 4579 and flags NONE. 
2025-07-14 15:39:57.2732|TRACE|Connection id "0HNE2L6A9V8D9" sending DATA frame for stream ID 15 with length 16384 and flags NONE. 
2025-07-14 15:39:57.2732|TRACE|Connection id "0HNE2L6A9V8D9" sending DATA frame for stream ID 15 with length 16384 and flags NONE. 
2025-07-14 15:39:57.2732|TRACE|Connection id "0HNE2L6A9V8D9" sending DATA frame for stream ID 15 with length 16384 and flags NONE. 
2025-07-14 15:39:57.2732|TRACE|Connection id "0HNE2L6A9V8D9" sending DATA frame for stream ID 15 with length 16384 and flags NONE. 
2025-07-14 15:39:57.2732|TRACE|Connection id "0HNE2L6A9V8D9" sending DATA frame for stream ID 13 with length 16384 and flags NONE. 
2025-07-14 15:39:57.2732|TRACE|Connection id "0HNE2L6A9V8D9" sending DATA frame for stream ID 13 with length 16384 and flags NONE. 
2025-07-14 15:39:57.2732|TRACE|Connection id "0HNE2L6A9V8D9" sending DATA frame for stream ID 13 with length 16384 and flags NONE. 
2025-07-14 15:39:57.2732|TRACE|Connection id "0HNE2L6A9V8D9" sending DATA frame for stream ID 13 with length 16384 and flags NONE. 
2025-07-14 15:39:57.2732|TRACE|Connection id "0HNE2L6A9V8D9" sending DATA frame for stream ID 15 with length 16384 and flags NONE. 
2025-07-14 15:39:57.2732|TRACE|Connection id "0HNE2L6A9V8D9" sending DATA frame for stream ID 15 with length 16384 and flags NONE. 
2025-07-14 15:39:57.2732|TRACE|Connection id "0HNE2L6A9V8D9" sending DATA frame for stream ID 15 with length 631 and flags NONE. 
2025-07-14 15:39:57.2732|TRACE|Connection id "0HNE2L6A9V8D9" sending DATA frame for stream ID 9 with length 0 and flags END_STREAM. 
2025-07-14 15:39:57.2732|TRACE|Connection id "0HNE2L6A9V8D9" sending DATA frame for stream ID 13 with length 16384 and flags NONE. 
2025-07-14 15:39:57.2732|TRACE|Connection id "0HNE2L6A9V8D9" sending DATA frame for stream ID 13 with length 16384 and flags NONE. 
2025-07-14 15:39:57.2732|TRACE|Connection id "0HNE2L6A9V8D9" sending DATA frame for stream ID 13 with length 16384 and flags NONE. 
2025-07-14 15:39:57.2732|TRACE|Connection id "0HNE2L6A9V8D9" sending DATA frame for stream ID 13 with length 16384 and flags NONE. 
2025-07-14 15:39:57.2732|TRACE|Connection id "0HNE2L6A9V8D9" sending DATA frame for stream ID 15 with length 0 and flags END_STREAM. 
2025-07-14 15:39:57.2878|TRACE|Connection id "0HNE2L6A9V8D9" sending DATA frame for stream ID 13 with length 16384 and flags NONE. 
2025-07-14 15:39:57.2878|TRACE|Connection id "0HNE2L6A9V8D9" sending DATA frame for stream ID 13 with length 16384 and flags NONE. 
2025-07-14 15:39:57.2878|TRACE|Connection id "0HNE2L6A9V8D9" sending DATA frame for stream ID 13 with length 16384 and flags NONE. 
2025-07-14 15:39:57.2878|TRACE|Connection id "0HNE2L6A9V8D9" sending DATA frame for stream ID 13 with length 16384 and flags NONE. 
2025-07-14 15:39:57.2878|TRACE|Connection id "0HNE2L6A9V8D9" sending DATA frame for stream ID 13 with length 16384 and flags NONE. 
2025-07-14 15:39:57.2878|TRACE|Connection id "0HNE2L6A9V8D9" sending DATA frame for stream ID 13 with length 16384 and flags NONE. 
2025-07-14 15:39:57.2878|TRACE|Connection id "0HNE2L6A9V8D9" sending DATA frame for stream ID 13 with length 16384 and flags NONE. 
2025-07-14 15:39:57.2878|TRACE|Connection id "0HNE2L6A9V8D9" sending DATA frame for stream ID 13 with length 16384 and flags NONE. 
2025-07-14 15:39:57.2878|TRACE|Connection id "0HNE2L6A9V8D9" sending DATA frame for stream ID 13 with length 16384 and flags NONE. 
2025-07-14 15:39:57.2878|TRACE|Connection id "0HNE2L6A9V8D9" sending DATA frame for stream ID 13 with length 16384 and flags NONE. 
2025-07-14 15:39:57.2878|TRACE|Connection id "0HNE2L6A9V8D9" sending DATA frame for stream ID 13 with length 16384 and flags NONE. 
2025-07-14 15:39:57.2878|TRACE|Connection id "0HNE2L6A9V8D9" sending DATA frame for stream ID 13 with length 16384 and flags NONE. 
2025-07-14 15:39:57.2878|TRACE|Connection id "0HNE2L6A9V8D9" sending DATA frame for stream ID 13 with length 16384 and flags NONE. 
2025-07-14 15:39:57.2878|TRACE|Connection id "0HNE2L6A9V8D9" sending DATA frame for stream ID 13 with length 16384 and flags NONE. 
2025-07-14 15:39:57.2878|TRACE|Connection id "0HNE2L6A9V8D9" sending DATA frame for stream ID 13 with length 16384 and flags NONE. 
2025-07-14 15:39:57.2878|TRACE|Connection id "0HNE2L6A9V8D9" sending DATA frame for stream ID 13 with length 16384 and flags NONE. 
2025-07-14 15:39:57.2878|TRACE|Connection id "0HNE2L6A9V8D9" sending DATA frame for stream ID 13 with length 16384 and flags NONE. 
2025-07-14 15:39:57.2878|TRACE|Connection id "0HNE2L6A9V8D9" sending DATA frame for stream ID 13 with length 16384 and flags NONE. 
2025-07-14 15:39:57.2878|TRACE|Connection id "0HNE2L6A9V8D9" sending DATA frame for stream ID 13 with length 16384 and flags NONE. 
2025-07-14 15:39:57.2878|TRACE|Connection id "0HNE2L6A9V8D9" sending DATA frame for stream ID 13 with length 16384 and flags NONE. 
2025-07-14 15:39:57.2878|TRACE|Connection id "0HNE2L6A9V8D9" sending DATA frame for stream ID 13 with length 16384 and flags NONE. 
2025-07-14 15:39:57.2878|TRACE|Connection id "0HNE2L6A9V8D9" sending DATA frame for stream ID 13 with length 16384 and flags NONE. 
2025-07-14 15:39:57.2878|TRACE|Connection id "0HNE2L6A9V8D9" sending DATA frame for stream ID 13 with length 16384 and flags NONE. 
2025-07-14 15:39:57.2878|TRACE|Connection id "0HNE2L6A9V8D9" sending DATA frame for stream ID 13 with length 16384 and flags NONE. 
2025-07-14 15:39:57.2878|TRACE|Connection id "0HNE2L6A9V8D9" sending DATA frame for stream ID 13 with length 16384 and flags NONE. 
2025-07-14 15:39:57.2878|TRACE|Connection id "0HNE2L6A9V8D9" sending DATA frame for stream ID 13 with length 16384 and flags NONE. 
2025-07-14 15:39:57.2878|TRACE|Connection id "0HNE2L6A9V8D9" sending DATA frame for stream ID 13 with length 16384 and flags NONE. 
2025-07-14 15:39:57.2878|TRACE|Connection id "0HNE2L6A9V8D9" sending DATA frame for stream ID 13 with length 16384 and flags NONE. 
2025-07-14 15:39:57.2878|TRACE|Connection id "0HNE2L6A9V8D9" sending DATA frame for stream ID 13 with length 16384 and flags NONE. 
2025-07-14 15:39:57.2878|TRACE|Connection id "0HNE2L6A9V8D9" sending DATA frame for stream ID 13 with length 16384 and flags NONE. 
2025-07-14 15:39:57.2878|TRACE|Connection id "0HNE2L6A9V8D9" sending DATA frame for stream ID 13 with length 16384 and flags NONE. 
2025-07-14 15:39:57.2878|TRACE|Connection id "0HNE2L6A9V8D9" sending DATA frame for stream ID 13 with length 16384 and flags NONE. 
2025-07-14 15:39:57.3048|TRACE|Connection id "0HNE2L6A9V8D9" sending DATA frame for stream ID 13 with length 16384 and flags NONE. 
2025-07-14 15:39:57.3048|TRACE|Connection id "0HNE2L6A9V8D9" sending DATA frame for stream ID 13 with length 16384 and flags NONE. 
2025-07-14 15:39:57.3048|TRACE|Connection id "0HNE2L6A9V8D9" sending DATA frame for stream ID 13 with length 16384 and flags NONE. 
2025-07-14 15:39:57.3048|TRACE|Connection id "0HNE2L6A9V8D9" sending DATA frame for stream ID 13 with length 16384 and flags NONE. 
2025-07-14 15:39:57.3048|TRACE|Connection id "0HNE2L6A9V8D9" sending DATA frame for stream ID 13 with length 16384 and flags NONE. 
2025-07-14 15:39:57.3048|TRACE|Connection id "0HNE2L6A9V8D9" sending DATA frame for stream ID 13 with length 16384 and flags NONE. 
2025-07-14 15:39:57.3048|TRACE|Connection id "0HNE2L6A9V8D9" sending DATA frame for stream ID 13 with length 16384 and flags NONE. 
2025-07-14 15:39:57.3048|TRACE|Connection id "0HNE2L6A9V8D9" sending DATA frame for stream ID 13 with length 16384 and flags NONE. 
2025-07-14 15:39:57.3048|TRACE|Connection id "0HNE2L6A9V8D9" sending DATA frame for stream ID 13 with length 16384 and flags NONE. 
2025-07-14 15:39:57.3048|TRACE|Connection id "0HNE2L6A9V8D9" sending DATA frame for stream ID 13 with length 16384 and flags NONE. 
2025-07-14 15:39:57.3048|TRACE|Connection id "0HNE2L6A9V8D9" sending DATA frame for stream ID 13 with length 16384 and flags NONE. 
2025-07-14 15:39:57.3048|TRACE|Connection id "0HNE2L6A9V8D9" sending DATA frame for stream ID 13 with length 16384 and flags NONE. 
2025-07-14 15:39:57.3048|TRACE|Connection id "0HNE2L6A9V8D9" sending DATA frame for stream ID 13 with length 16384 and flags NONE. 
2025-07-14 15:39:57.3048|TRACE|Connection id "0HNE2L6A9V8D9" sending DATA frame for stream ID 13 with length 16384 and flags NONE. 
2025-07-14 15:39:57.3048|TRACE|Connection id "0HNE2L6A9V8D9" sending DATA frame for stream ID 13 with length 16384 and flags NONE. 
2025-07-14 15:39:57.3048|TRACE|Connection id "0HNE2L6A9V8D9" sending DATA frame for stream ID 13 with length 16384 and flags NONE. 
2025-07-14 15:39:57.3048|TRACE|Connection id "0HNE2L6A9V8D9" sending DATA frame for stream ID 13 with length 16384 and flags NONE. 
2025-07-14 15:39:57.3048|TRACE|Connection id "0HNE2L6A9V8D9" sending DATA frame for stream ID 13 with length 16384 and flags NONE. 
2025-07-14 15:39:57.3048|TRACE|Connection id "0HNE2L6A9V8D9" sending DATA frame for stream ID 13 with length 16384 and flags NONE. 
2025-07-14 15:39:57.3048|TRACE|Connection id "0HNE2L6A9V8D9" sending DATA frame for stream ID 13 with length 16384 and flags NONE. 
2025-07-14 15:39:57.3048|TRACE|Connection id "0HNE2L6A9V8D9" sending DATA frame for stream ID 13 with length 16384 and flags NONE. 
2025-07-14 15:39:57.3048|TRACE|Connection id "0HNE2L6A9V8D9" sending DATA frame for stream ID 13 with length 16384 and flags NONE. 
2025-07-14 15:39:57.3048|TRACE|Connection id "0HNE2L6A9V8D9" sending DATA frame for stream ID 13 with length 16384 and flags NONE. 
2025-07-14 15:39:57.3048|TRACE|Connection id "0HNE2L6A9V8D9" sending DATA frame for stream ID 13 with length 16384 and flags NONE. 
2025-07-14 15:39:57.3048|TRACE|Connection id "0HNE2L6A9V8D9" sending DATA frame for stream ID 13 with length 16384 and flags NONE. 
2025-07-14 15:39:57.3048|TRACE|Connection id "0HNE2L6A9V8D9" sending DATA frame for stream ID 13 with length 16384 and flags NONE. 
2025-07-14 15:39:57.3048|TRACE|Connection id "0HNE2L6A9V8D9" sending DATA frame for stream ID 13 with length 16384 and flags NONE. 
2025-07-14 15:39:57.3048|TRACE|Connection id "0HNE2L6A9V8D9" sending DATA frame for stream ID 13 with length 16384 and flags NONE. 
2025-07-14 15:39:57.3195|TRACE|Connection id "0HNE2L6A9V8D9" sending DATA frame for stream ID 13 with length 16384 and flags NONE. 
2025-07-14 15:39:57.3195|TRACE|Connection id "0HNE2L6A9V8D9" sending DATA frame for stream ID 13 with length 16384 and flags NONE. 
2025-07-14 15:39:57.3195|TRACE|Connection id "0HNE2L6A9V8D9" sending DATA frame for stream ID 13 with length 16384 and flags NONE. 
2025-07-14 15:39:57.3195|TRACE|Connection id "0HNE2L6A9V8D9" sending DATA frame for stream ID 13 with length 16384 and flags NONE. 
2025-07-14 15:39:57.3195|TRACE|Connection id "0HNE2L6A9V8D9" sending DATA frame for stream ID 13 with length 16384 and flags NONE. 
2025-07-14 15:39:57.3195|TRACE|Connection id "0HNE2L6A9V8D9" sending DATA frame for stream ID 13 with length 16384 and flags NONE. 
2025-07-14 15:39:57.3195|TRACE|Connection id "0HNE2L6A9V8D9" sending DATA frame for stream ID 13 with length 16384 and flags NONE. 
2025-07-14 15:39:57.3195|TRACE|Connection id "0HNE2L6A9V8D9" sending DATA frame for stream ID 13 with length 16384 and flags NONE. 
2025-07-14 15:39:57.3195|TRACE|Connection id "0HNE2L6A9V8D9" sending DATA frame for stream ID 13 with length 16384 and flags NONE. 
2025-07-14 15:39:57.3195|TRACE|Connection id "0HNE2L6A9V8D9" sending DATA frame for stream ID 13 with length 16384 and flags NONE. 
2025-07-14 15:39:57.3195|TRACE|Connection id "0HNE2L6A9V8D9" sending DATA frame for stream ID 13 with length 16384 and flags NONE. 
2025-07-14 15:39:57.3195|TRACE|Connection id "0HNE2L6A9V8D9" sending DATA frame for stream ID 13 with length 593 and flags NONE. 
2025-07-14 15:39:57.3195|TRACE|Connection id "0HNE2L6A9V8D9" sending DATA frame for stream ID 13 with length 0 and flags END_STREAM. 
2025-07-14 15:39:57.3607|TRACE|Connection id "0HNE2L6A9V8D9" sending HEADERS frame for stream ID 21 with length 149 and flags END_HEADERS. 
2025-07-14 15:39:57.3607|TRACE|Connection id "0HNE2L6A9V8D9" sending DATA frame for stream ID 21 with length 9986 and flags NONE. 
2025-07-14 15:39:57.3607|TRACE|Connection id "0HNE2L6A9V8D9" sending DATA frame for stream ID 21 with length 10240 and flags NONE. 
2025-07-14 15:39:57.3607|TRACE|Connection id "0HNE2L6A9V8D9" sending DATA frame for stream ID 21 with length 10240 and flags NONE. 
2025-07-14 15:39:57.3607|TRACE|Connection id "0HNE2L6A9V8D9" sending DATA frame for stream ID 21 with length 10240 and flags NONE. 
2025-07-14 15:39:57.3607|TRACE|Connection id "0HNE2L6A9V8D9" sending DATA frame for stream ID 21 with length 10240 and flags NONE. 
2025-07-14 15:39:57.3659|TRACE|Connection id "0HNE2L6A9V8D9" sending DATA frame for stream ID 21 with length 10240 and flags NONE. 
2025-07-14 15:39:57.3659|TRACE|Connection id "0HNE2L6A9V8D9" sending DATA frame for stream ID 21 with length 10240 and flags NONE. 
2025-07-14 15:39:57.3659|TRACE|Connection id "0HNE2L6A9V8D9" sending DATA frame for stream ID 21 with length 10240 and flags NONE. 
2025-07-14 15:39:57.3659|TRACE|Connection id "0HNE2L6A9V8D9" sending DATA frame for stream ID 21 with length 10240 and flags NONE. 
2025-07-14 15:39:57.3659|TRACE|Connection id "0HNE2L6A9V8D9" sending DATA frame for stream ID 21 with length 10240 and flags NONE. 
2025-07-14 15:39:57.3659|TRACE|Connection id "0HNE2L6A9V8D9" sending DATA frame for stream ID 21 with length 10240 and flags NONE. 
2025-07-14 15:39:57.3659|TRACE|Connection id "0HNE2L6A9V8D9" sending DATA frame for stream ID 21 with length 10240 and flags NONE. 
2025-07-14 15:39:57.3659|TRACE|Connection id "0HNE2L6A9V8D9" sending DATA frame for stream ID 21 with length 10240 and flags NONE. 
2025-07-14 15:39:57.3659|TRACE|Connection id "0HNE2L6A9V8D9" sending DATA frame for stream ID 21 with length 10240 and flags NONE. 
2025-07-14 15:39:57.3659|TRACE|Connection id "0HNE2L6A9V8D9" sending DATA frame for stream ID 21 with length 10240 and flags NONE. 
2025-07-14 15:39:57.3659|TRACE|Connection id "0HNE2L6A9V8D9" sending DATA frame for stream ID 21 with length 1806 and flags NONE. 
2025-07-14 15:39:57.3659|TRACE|Connection id "0HNE2L6A9V8D9" sending DATA frame for stream ID 21 with length 0 and flags END_STREAM. 
2025-07-14 15:39:57.4601|TRACE|Connection id "0HNE2L6A9V8D9" received HEADERS frame for stream ID 23 with length 67 and flags END_STREAM, END_HEADERS, PRIORITY. 
2025-07-14 15:39:57.4855|TRACE|Connection id "0HNE2L6A9V8D9" received HEADERS frame for stream ID 25 with length 41 and flags END_STREAM, END_HEADERS, PRIORITY. 
2025-07-14 15:39:57.4855|TRACE|Connection id "0HNE2L6A9V8D9" sending HEADERS frame for stream ID 23 with length 35 and flags END_HEADERS. 
2025-07-14 15:39:57.4855|TRACE|Connection id "0HNE2L6A9V8D9" sending DATA frame for stream ID 23 with length 16384 and flags NONE. 
2025-07-14 15:39:57.4855|TRACE|Connection id "0HNE2L6A9V8D9" sending DATA frame for stream ID 23 with length 8056 and flags NONE. 
2025-07-14 15:39:57.4855|TRACE|Connection id "0HNE2L6A9V8D9" sending DATA frame for stream ID 23 with length 0 and flags END_STREAM. 
2025-07-14 15:39:57.4912|TRACE|Connection id "0HNE2L6A9V8D9" sending HEADERS frame for stream ID 25 with length 41 and flags END_HEADERS. 
2025-07-14 15:39:57.4912|TRACE|Connection id "0HNE2L6A9V8D9" sending DATA frame for stream ID 25 with length 628 and flags NONE. 
2025-07-14 15:39:57.4912|TRACE|Connection id "0HNE2L6A9V8D9" sending DATA frame for stream ID 25 with length 0 and flags END_STREAM. 
2025-07-14 15:40:38.1166|TRACE|Connection id "0HNE2L6A9V8D9" received HEADERS frame for stream ID 27 with length 29 and flags END_STREAM, END_HEADERS, PRIORITY. 
2025-07-14 15:40:38.1166|TRACE|Connection id "0HNE2L6A9V8D9" received PING frame for stream ID 0 with length 8 and flags NONE. 
2025-07-14 15:40:38.1166|TRACE|Connection id "0HNE2L6A9V8D9" sending PING frame for stream ID 0 with length 8 and flags ACK. 
2025-07-14 15:40:38.1399|TRACE|Connection id "0HNE2L6A9V8D9" sending HEADERS frame for stream ID 27 with length 34 and flags END_HEADERS. 
2025-07-14 15:40:38.1471|TRACE|Connection id "0HNE2L6A9V8D9" sending DATA frame for stream ID 27 with length 12 and flags NONE. 
2025-07-14 15:40:38.1471|TRACE|Connection id "0HNE2L6A9V8D9" sending DATA frame for stream ID 27 with length 0 and flags END_STREAM. 
2025-07-14 15:40:38.1471|TRACE|Connection id "0HNE2L6A9V8D9" received WINDOW_UPDATE frame for stream ID 0 with length 4 and flags 0x0. 
2025-07-14 15:50:11.5065|DEBUG|Connection id "0HNE2L6A9V8D9" is closed. The last processed stream ID was 27. 
2025-07-14 15:50:11.5065|DEBUG|The connection queue processing loop for 0HNE2L6A9V8D9 completed. 
