2025-07-14 15:34:47.4101|DEBUG|Connection id "0HNE2L3KEA1ED" accepted. 
2025-07-14 15:34:47.4101|DEBUG|Connection id "0HNE2L3KEA1ED" started. 
2025-07-14 15:34:47.4185|DEBUG|Connection id "0HNE2L3KEA1EE" accepted. 
2025-07-14 15:34:47.4185|DEBUG|Connection id "0HNE2L3KEA1EE" started. 
2025-07-14 15:34:47.5476|DEBUG|Connection id "0HNE2L3KEA1ED" stopped. 
2025-07-14 15:34:48.6041|DEBUG|Connection id "0HNE2L3KEA1EF" accepted. 
2025-07-14 15:34:48.6041|DEBUG|Connection id "0HNE2L3KEA1EF" started. 
2025-07-14 15:34:48.7155|DEBUG|Connection id "0HNE2L3KEA1EE" stopped. 
2025-07-14 15:34:48.8088|DEBUG|Connection id "0HNE2L3KEA1EF" stopped. 
2025-07-14 15:34:48.8088|DEBUG|Connection id "0HNE2L3KEA1EG" accepted. 
2025-07-14 15:34:48.8088|DEBUG|Connection id "0HNE2L3KEA1EG" started. 
2025-07-14 15:34:48.8970|DEBUG|Connection id "0HNE2L3KEA1EG" stopped. 
2025-07-14 15:34:53.9271|DEBUG|Connection id "0HNE2L3KEA1EH" accepted. 
2025-07-14 15:34:53.9271|DEBUG|Connection id "0HNE2L3KEA1EH" started. 
2025-07-14 15:34:53.9271|DEBUG|Connection id "0HNE2L3KEA1EI" accepted. 
2025-07-14 15:34:53.9271|DEBUG|Connection id "0HNE2L3KEA1EI" started. 
2025-07-14 15:34:54.0159|DEBUG|Connection id "0HNE2L3KEA1EH" stopped. 
2025-07-14 15:35:04.1139|DEBUG|Connection id "0HNE2L3KEA1EI" stopped. 
2025-07-14 15:35:24.0401|DEBUG|Connection id "0HNE2L3KEA1EJ" accepted. 
2025-07-14 15:35:24.0401|DEBUG|Connection id "0HNE2L3KEA1EJ" started. 
2025-07-14 15:35:24.0547|DEBUG|Connection id "0HNE2L3KEA1EK" accepted. 
2025-07-14 15:35:24.0620|DEBUG|Connection id "0HNE2L3KEA1EK" started. 
2025-07-14 15:35:24.1443|DEBUG|Connection id "0HNE2L3KEA1EJ" stopped. 
2025-07-14 15:35:34.1855|DEBUG|Connection id "0HNE2L3KEA1EK" stopped. 
2025-07-14 15:36:23.8929|DEBUG|Connection id "0HNE2L3KEA1EL" accepted. 
2025-07-14 15:36:23.8929|DEBUG|Connection id "0HNE2L3KEA1EM" accepted. 
2025-07-14 15:36:23.8929|DEBUG|Connection id "0HNE2L3KEA1EL" started. 
2025-07-14 15:36:23.9225|DEBUG|Connection id "0HNE2L3KEA1EM" started. 
2025-07-14 15:36:23.9796|DEBUG|Connection id "0HNE2L3KEA1EL" stopped. 
2025-07-14 15:36:25.0161|DEBUG|Connection id "0HNE2L3KEA1EN" accepted. 
2025-07-14 15:36:25.0161|DEBUG|Connection id "0HNE2L3KEA1EN" started. 
2025-07-14 15:36:25.1237|DEBUG|Connection id "0HNE2L3KEA1EM" stopped. 
2025-07-14 15:36:25.2303|DEBUG|Connection id "0HNE2L3KEA1EN" stopped. 
2025-07-14 15:36:25.2303|DEBUG|Connection id "0HNE2L3KEA1EO" accepted. 
2025-07-14 15:36:25.2303|DEBUG|Connection id "0HNE2L3KEA1EO" started. 
2025-07-14 15:36:25.3164|DEBUG|Connection id "0HNE2L3KEA1EO" stopped. 
2025-07-14 15:36:30.3380|DEBUG|Connection id "0HNE2L3KEA1EP" accepted. 
2025-07-14 15:36:30.3380|DEBUG|Connection id "0HNE2L3KEA1EP" started. 
2025-07-14 15:36:30.3380|DEBUG|Connection id "0HNE2L3KEA1EQ" accepted. 
2025-07-14 15:36:30.3380|DEBUG|Connection id "0HNE2L3KEA1EQ" started. 
2025-07-14 15:36:30.4244|DEBUG|Connection id "0HNE2L3KEA1EP" stopped. 
2025-07-14 15:36:40.4724|DEBUG|Connection id "0HNE2L3KEA1EQ" stopped. 
2025-07-14 15:37:00.4485|DEBUG|Connection id "0HNE2L3KEA1ER" accepted. 
2025-07-14 15:37:00.4485|DEBUG|Connection id "0HNE2L3KEA1ER" started. 
2025-07-14 15:37:00.4635|DEBUG|Connection id "0HNE2L3KEA1ES" accepted. 
2025-07-14 15:37:00.4786|DEBUG|Connection id "0HNE2L3KEA1ES" started. 
2025-07-14 15:37:00.5391|DEBUG|Connection id "0HNE2L3KEA1ER" stopped. 
2025-07-14 15:37:10.5939|DEBUG|Connection id "0HNE2L3KEA1ES" stopped. 
