2024-11-27 14:59:01.8422|DEBUG|Connection id "0HN8EM3SN1675" accepted. 
2024-11-27 14:59:01.8422|DEBUG|Connection id "0HN8EM3SN1675" started. 
2024-11-27 14:59:02.2210|DEBUG|Connection id "0HN8EM3SN1675" completed keep alive response. 
2024-11-27 14:59:09.6041|DEBUG|Connection id "0HN8EM3SN1675" completed keep alive response. 
2024-11-27 14:59:11.9716|DEBUG|Connection id "0HN8EM3SN1676" accepted. 
2024-11-27 14:59:11.9716|DEBUG|Connection id "0HN8EM3SN1676" started. 
2024-11-27 14:59:12.0402|DEBUG|Connection id "0HN8EM3SN1676" completed keep alive response. 
2024-11-27 15:00:14.8060|DEBUG|Connection id "0HN8EM3SN1675" disconnecting. 
2024-11-27 15:00:14.8060|DEBUG|Connection id "0HN8EM3SN1675" stopped. 
2024-11-27 15:00:24.9598|DEBUG|Connection id "0HN8EM3SN1676" disconnecting. 
2024-11-27 15:00:24.9598|DEBUG|Connection id "0HN8EM3SN1676" stopped. 
2024-11-27 15:01:00.1762|DEBUG|Connection id "0HN8EM3SN1677" accepted. 
2024-11-27 15:01:00.1762|DEBUG|Connection id "0HN8EM3SN1677" started. 
2024-11-27 15:02:52.2350|DEBUG|Connection id "0HN8EM61C7IDC" accepted. 
2024-11-27 15:02:52.2370|DEBUG|Connection id "0HN8EM61C7IDC" started. 
2024-11-27 15:03:03.5339|DEBUG|Connection id "0HN8EM61C7IDC" completed keep alive response. 
2024-11-27 15:03:11.6974|DEBUG|Connection id "0HN8EM61C7IDC" completed keep alive response. 
2024-11-27 15:03:13.7395|DEBUG|Connection id "0HN8EM61C7IDD" accepted. 
2024-11-27 15:03:13.7395|DEBUG|Connection id "0HN8EM61C7IDD" started. 
2024-11-27 15:03:13.8041|DEBUG|Connection id "0HN8EM61C7IDD" completed keep alive response. 
2024-11-27 15:04:21.6181|DEBUG|Connection id "0HN8EM61C7IDC" disconnecting. 
2024-11-27 15:04:21.6270|DEBUG|Connection id "0HN8EM61C7IDC" stopped. 
2024-11-27 15:04:26.7598|DEBUG|Connection id "0HN8EM61C7IDD" disconnecting. 
2024-11-27 15:04:26.7742|DEBUG|Connection id "0HN8EM61C7IDD" stopped. 
