2024-12-16 10:41:11.1395|DEBUG|Connection 0HN8TFCD00B5V established using the following protocol: Tls12 
2024-12-16 10:41:11.1395|DEBUG|Connection 0HN8TFCD00B5U established using the following protocol: Tls12 
2024-12-16 10:49:47.7306|DEBUG|Connection 0HN8TFH6UMF8L established using the following protocol: Tls12 
2024-12-16 10:49:49.9338|DEBUG|Connection 0HN8TFH6UMF8M established using the following protocol: Tls12 
2024-12-16 10:49:52.1648|DEBUG|Connection 0HN8TFH6UMF8N established using the following protocol: Tls12 
2024-12-16 11:21:25.7576|DEBUG|Connection 0HN8TG2SJLH42 established using the following protocol: Tls12 
2024-12-16 11:21:27.9572|DEBUG|Connection 0HN8TG2SJLH43 established using the following protocol: Tls12 
2024-12-16 11:24:40.6960|DEBUG|Connection 0HN8TG4MMOR5K established using the following protocol: Tls12 
2024-12-16 11:24:42.8909|DEBUG|Connection 0HN8TG4MMOR5L established using the following protocol: Tls12 
2024-12-16 11:24:45.1585|DEBUG|Connection 0HN8TG4MMOR5M established using the following protocol: Tls12 
2024-12-16 11:24:47.2957|DEBUG|Connection 0HN8TG4MMOR5N established using the following protocol: Tls12 
2024-12-16 11:33:12.9373|DEBUG|Connection 0HN8TG9FBM5DI established using the following protocol: Tls12 
2024-12-16 11:33:15.1993|DEBUG|Connection 0HN8TG9FBM5DJ established using the following protocol: Tls12 
2024-12-16 11:33:17.6002|DEBUG|Connection 0HN8TG9FBM5DK established using the following protocol: Tls12 
2024-12-16 11:33:19.7192|DEBUG|Connection 0HN8TG9FBM5DL established using the following protocol: Tls12 
2024-12-16 11:33:21.8088|DEBUG|Connection 0HN8TG9FBM5DM established using the following protocol: Tls12 
2024-12-16 11:47:43.2216|DEBUG|Connection 0HN8TGHINGMBS established using the following protocol: Tls12 
2024-12-16 11:47:45.4641|DEBUG|Connection 0HN8TGHINGMBT established using the following protocol: Tls12 
2024-12-16 11:50:51.6991|DEBUG|Connection 0HN8TGJAT06PH established using the following protocol: Tls12 
2024-12-16 11:50:53.8883|DEBUG|Connection 0HN8TGJAT06PI established using the following protocol: Tls12 
2024-12-16 11:55:09.9991|DEBUG|Connection 0HN8TGLNSBTO1 established using the following protocol: Tls12 
2024-12-16 11:55:12.2021|DEBUG|Connection 0HN8TGLNSBTO2 established using the following protocol: Tls12 
2024-12-16 11:55:14.4133|DEBUG|Connection 0HN8TGLNSBTO3 established using the following protocol: Tls12 
2024-12-16 11:55:40.1972|DEBUG|Connection 0HN8TGLNSBTO4 established using the following protocol: Tls12 
2024-12-16 11:55:43.1799|DEBUG|Connection 0HN8TGLNSBTO5 established using the following protocol: Tls12 
2024-12-16 11:55:46.2122|DEBUG|Connection 0HN8TGLNSBTO6 established using the following protocol: Tls12 
