2024-12-16 10:41:11.2356|DEBUG|1 candidate(s) found for the request path '/addStamper' 
2024-12-16 10:41:11.2356|DEBUG|1 candidate(s) found for the request path '/' 
2024-12-16 10:49:47.8143|DEBUG|1 candidate(s) found for the request path '/' 
2024-12-16 10:49:49.9455|DEBUG|1 candidate(s) found for the request path '/isProtected' 
2024-12-16 10:49:52.1648|DEBUG|1 candidate(s) found for the request path '/addStamper' 
2024-12-16 11:21:25.8443|DEBUG|1 candidate(s) found for the request path '/' 
2024-12-16 11:21:27.9572|DEBUG|1 candidate(s) found for the request path '/encryptPDF' 
2024-12-16 11:24:40.7811|DEBUG|1 candidate(s) found for the request path '/' 
2024-12-16 11:24:42.8909|DEBUG|1 candidate(s) found for the request path '/encryptPDF' 
2024-12-16 11:24:45.1585|DEBUG|1 candidate(s) found for the request path '/isProtected' 
2024-12-16 11:24:47.2957|DEBUG|1 candidate(s) found for the request path '/addStamper' 
2024-12-16 11:33:13.0449|DEBUG|1 candidate(s) found for the request path '/' 
2024-12-16 11:33:15.2148|DEBUG|1 candidate(s) found for the request path '/addFiles' 
2024-12-16 11:33:17.6094|DEBUG|1 candidate(s) found for the request path '/encryptPDF' 
2024-12-16 11:33:19.7192|DEBUG|1 candidate(s) found for the request path '/isProtected' 
2024-12-16 11:33:21.8088|DEBUG|1 candidate(s) found for the request path '/addStamper' 
2024-12-16 11:47:43.3458|DEBUG|1 candidate(s) found for the request path '/' 
2024-12-16 11:47:45.4771|DEBUG|1 candidate(s) found for the request path '/searchText' 
2024-12-16 11:50:51.7906|DEBUG|1 candidate(s) found for the request path '/' 
2024-12-16 11:50:53.9015|DEBUG|1 candidate(s) found for the request path '/searchTextChunk' 
2024-12-16 11:55:10.0833|DEBUG|1 candidate(s) found for the request path '/' 
2024-12-16 11:55:12.2021|DEBUG|1 candidate(s) found for the request path '/getTextFullList' 
2024-12-16 11:55:14.4133|DEBUG|1 candidate(s) found for the request path '/getTextChunkList' 
2024-12-16 11:55:40.2446|DEBUG|1 candidate(s) found for the request path '/searchTextChunk' 
2024-12-16 11:55:43.1799|DEBUG|1 candidate(s) found for the request path '/searchText' 
2024-12-16 11:55:46.2122|DEBUG|1 candidate(s) found for the request path '/addFiles' 
