2024-12-16 10:41:11.2906|DEBUG|Connection id "0HN8TFCD00B5V", Request id "0HN8TFCD00B5V:00000001": started reading request body. 
2024-12-16 10:41:11.2906|DEBUG|Connection id "0HN8TFCD00B5V", Request id "0HN8TFCD00B5V:00000001": done reading request body. 
2024-12-16 10:49:49.9625|DEBUG|Connection id "0HN8TFH6UMF8M", Request id "0HN8TFH6UMF8M:00000001": started reading request body. 
2024-12-16 10:49:49.9625|DEBUG|Connection id "0HN8TFH6UMF8M", Request id "0HN8TFH6UMF8M:00000001": done reading request body. 
2024-12-16 10:49:52.1648|DEBUG|Connection id "0HN8TFH6UMF8N", Request id "0HN8TFH6UMF8N:00000001": started reading request body. 
2024-12-16 10:49:52.1790|DEBUG|Connection id "0HN8TFH6UMF8N", Request id "0HN8TFH6UMF8N:00000001": done reading request body. 
2024-12-16 11:21:27.9679|DEBUG|Connection id "0HN8TG2SJLH43", Request id "0HN8TG2SJLH43:00000001": started reading request body. 
2024-12-16 11:21:27.9873|DEBUG|Connection id "0HN8TG2SJLH43", Request id "0HN8TG2SJLH43:00000001": done reading request body. 
2024-12-16 11:24:42.9045|DEBUG|Connection id "0HN8TG4MMOR5L", Request id "0HN8TG4MMOR5L:00000001": started reading request body. 
2024-12-16 11:24:42.9250|DEBUG|Connection id "0HN8TG4MMOR5L", Request id "0HN8TG4MMOR5L:00000001": done reading request body. 
2024-12-16 11:24:45.1696|DEBUG|Connection id "0HN8TG4MMOR5M", Request id "0HN8TG4MMOR5M:00000001": started reading request body. 
2024-12-16 11:24:45.1696|DEBUG|Connection id "0HN8TG4MMOR5M", Request id "0HN8TG4MMOR5M:00000001": done reading request body. 
2024-12-16 11:24:47.2957|DEBUG|Connection id "0HN8TG4MMOR5N", Request id "0HN8TG4MMOR5N:00000001": started reading request body. 
2024-12-16 11:24:47.2957|DEBUG|Connection id "0HN8TG4MMOR5N", Request id "0HN8TG4MMOR5N:00000001": done reading request body. 
2024-12-16 11:33:15.2323|DEBUG|Connection id "0HN8TG9FBM5DJ", Request id "0HN8TG9FBM5DJ:00000001": started reading request body. 
2024-12-16 11:33:15.2451|DEBUG|Connection id "0HN8TG9FBM5DJ", Request id "0HN8TG9FBM5DJ:00000001": done reading request body. 
2024-12-16 11:33:17.6094|DEBUG|Connection id "0HN8TG9FBM5DK", Request id "0HN8TG9FBM5DK:00000001": started reading request body. 
2024-12-16 11:33:17.6222|DEBUG|Connection id "0HN8TG9FBM5DK", Request id "0HN8TG9FBM5DK:00000001": done reading request body. 
2024-12-16 11:33:19.7192|DEBUG|Connection id "0HN8TG9FBM5DL", Request id "0HN8TG9FBM5DL:00000001": started reading request body. 
2024-12-16 11:33:19.7309|DEBUG|Connection id "0HN8TG9FBM5DL", Request id "0HN8TG9FBM5DL:00000001": done reading request body. 
2024-12-16 11:33:21.8088|DEBUG|Connection id "0HN8TG9FBM5DM", Request id "0HN8TG9FBM5DM:00000001": started reading request body. 
2024-12-16 11:33:21.8088|DEBUG|Connection id "0HN8TG9FBM5DM", Request id "0HN8TG9FBM5DM:00000001": done reading request body. 
2024-12-16 11:47:45.5010|DEBUG|Connection id "0HN8TGHINGMBT", Request id "0HN8TGHINGMBT:00000001": started reading request body. 
2024-12-16 11:47:45.5121|DEBUG|Connection id "0HN8TGHINGMBT", Request id "0HN8TGHINGMBT:00000001": done reading request body. 
2024-12-16 11:50:53.9175|DEBUG|Connection id "0HN8TGJAT06PI", Request id "0HN8TGJAT06PI:00000001": started reading request body. 
2024-12-16 11:50:53.9175|DEBUG|Connection id "0HN8TGJAT06PI", Request id "0HN8TGJAT06PI:00000001": done reading request body. 
2024-12-16 11:55:12.2289|DEBUG|Connection id "0HN8TGLNSBTO2", Request id "0HN8TGLNSBTO2:00000001": started reading request body. 
2024-12-16 11:55:12.2289|DEBUG|Connection id "0HN8TGLNSBTO2", Request id "0HN8TGLNSBTO2:00000001": done reading request body. 
2024-12-16 11:55:14.4133|DEBUG|Connection id "0HN8TGLNSBTO3", Request id "0HN8TGLNSBTO3:00000001": started reading request body. 
2024-12-16 11:55:14.4133|DEBUG|Connection id "0HN8TGLNSBTO3", Request id "0HN8TGLNSBTO3:00000001": done reading request body. 
2024-12-16 11:55:40.2446|DEBUG|Connection id "0HN8TGLNSBTO4", Request id "0HN8TGLNSBTO4:00000001": started reading request body. 
2024-12-16 11:55:40.2564|DEBUG|Connection id "0HN8TGLNSBTO4", Request id "0HN8TGLNSBTO4:00000001": done reading request body. 
2024-12-16 11:55:43.1799|DEBUG|Connection id "0HN8TGLNSBTO5", Request id "0HN8TGLNSBTO5:00000001": started reading request body. 
2024-12-16 11:55:43.1962|DEBUG|Connection id "0HN8TGLNSBTO5", Request id "0HN8TGLNSBTO5:00000001": done reading request body. 
2024-12-16 11:55:46.2122|DEBUG|Connection id "0HN8TGLNSBTO6", Request id "0HN8TGLNSBTO6:00000001": started reading request body. 
2024-12-16 11:55:46.2122|DEBUG|Connection id "0HN8TGLNSBTO6", Request id "0HN8TGLNSBTO6:00000001": done reading request body. 
