2024-12-16 10:41:11.2784|INFO|Executing endpoint 'HTTP: POST /addStamper' 
2024-12-16 10:41:11.2784|INFO|Executing endpoint 'HTTP: GET /' 
2024-12-16 10:41:11.2784|INFO|Executed endpoint 'HTTP: GET /' 
2024-12-16 10:41:39.0086|INFO|Executed endpoint 'HTTP: POST /addStamper' 
2024-12-16 10:49:47.8432|INFO|Executing endpoint 'HTTP: GET /' 
2024-12-16 10:49:47.8559|INFO|Executed endpoint 'HTTP: GET /' 
2024-12-16 10:49:49.9455|INFO|Executing endpoint 'HTTP: POST /isProtected' 
2024-12-16 10:49:50.0463|INFO|Executed endpoint 'HTTP: POST /isProtected' 
2024-12-16 10:49:52.1648|INFO|Executing endpoint 'HTTP: POST /addStamper' 
2024-12-16 10:50:06.7241|INFO|Executed endpoint 'HTTP: POST /addStamper' 
2024-12-16 11:21:25.8730|INFO|Executing endpoint 'HTTP: GET /' 
2024-12-16 11:21:25.8730|INFO|Executed endpoint 'HTTP: GET /' 
2024-12-16 11:21:27.9679|INFO|Executing endpoint 'HTTP: POST /encryptPDF' 
2024-12-16 11:21:28.0235|INFO|Executed endpoint 'HTTP: POST /encryptPDF' 
2024-12-16 11:24:40.8103|INFO|Executing endpoint 'HTTP: GET /' 
2024-12-16 11:24:40.8103|INFO|Executed endpoint 'HTTP: GET /' 
2024-12-16 11:24:42.9045|INFO|Executing endpoint 'HTTP: POST /encryptPDF' 
2024-12-16 11:24:43.1076|INFO|Executed endpoint 'HTTP: POST /encryptPDF' 
2024-12-16 11:24:45.1585|INFO|Executing endpoint 'HTTP: POST /isProtected' 
2024-12-16 11:24:45.1696|INFO|Executed endpoint 'HTTP: POST /isProtected' 
2024-12-16 11:24:47.2957|INFO|Executing endpoint 'HTTP: POST /addStamper' 
2024-12-16 11:24:58.0204|INFO|Executed endpoint 'HTTP: POST /addStamper' 
2024-12-16 11:33:13.0748|INFO|Executing endpoint 'HTTP: GET /' 
2024-12-16 11:33:13.0893|INFO|Executed endpoint 'HTTP: GET /' 
2024-12-16 11:33:15.2148|INFO|Executing endpoint 'HTTP: POST /addFiles' 
2024-12-16 11:33:15.5512|INFO|Executed endpoint 'HTTP: POST /addFiles' 
2024-12-16 11:33:17.6094|INFO|Executing endpoint 'HTTP: POST /encryptPDF' 
2024-12-16 11:33:17.6516|INFO|Executed endpoint 'HTTP: POST /encryptPDF' 
2024-12-16 11:33:19.7192|INFO|Executing endpoint 'HTTP: POST /isProtected' 
2024-12-16 11:33:19.7309|INFO|Executed endpoint 'HTTP: POST /isProtected' 
2024-12-16 11:33:21.8088|INFO|Executing endpoint 'HTTP: POST /addStamper' 
2024-12-16 11:33:34.7010|INFO|Executed endpoint 'HTTP: POST /addStamper' 
2024-12-16 11:47:43.3847|INFO|Executing endpoint 'HTTP: GET /' 
2024-12-16 11:47:43.3847|INFO|Executed endpoint 'HTTP: GET /' 
2024-12-16 11:47:45.4771|INFO|Executing endpoint 'HTTP: POST /searchText' 
2024-12-16 11:47:45.6828|INFO|Executed endpoint 'HTTP: POST /searchText' 
2024-12-16 11:50:51.8248|INFO|Executing endpoint 'HTTP: GET /' 
2024-12-16 11:50:51.8248|INFO|Executed endpoint 'HTTP: GET /' 
2024-12-16 11:50:53.9015|INFO|Executing endpoint 'HTTP: POST /searchTextChunk' 
2024-12-16 11:50:54.0564|INFO|Executed endpoint 'HTTP: POST /searchTextChunk' 
2024-12-16 11:55:10.1169|INFO|Executing endpoint 'HTTP: GET /' 
2024-12-16 11:55:10.1169|INFO|Executed endpoint 'HTTP: GET /' 
2024-12-16 11:55:12.2098|INFO|Executing endpoint 'HTTP: POST /getTextFullList' 
2024-12-16 11:55:12.3694|INFO|Executed endpoint 'HTTP: POST /getTextFullList' 
2024-12-16 11:55:14.4133|INFO|Executing endpoint 'HTTP: POST /getTextChunkList' 
2024-12-16 11:55:14.4461|INFO|Executed endpoint 'HTTP: POST /getTextChunkList' 
2024-12-16 11:55:40.2446|INFO|Executing endpoint 'HTTP: POST /searchTextChunk' 
2024-12-16 11:55:40.2752|INFO|Executed endpoint 'HTTP: POST /searchTextChunk' 
2024-12-16 11:55:43.1799|INFO|Executing endpoint 'HTTP: POST /searchText' 
2024-12-16 11:55:43.1962|INFO|Executed endpoint 'HTTP: POST /searchText' 
2024-12-16 11:55:46.2122|INFO|Executing endpoint 'HTTP: POST /addFiles' 
2024-12-16 11:55:46.3178|INFO|Executed endpoint 'HTTP: POST /addFiles' 
