2024-12-16 10:41:11.2457|INFO|Request:
Protocol: HTTP/1.1
Method: GET
Scheme: https
PathBase: 
Path: /
Host: localhost:5566 
2024-12-16 10:41:11.2457|INFO|Request:
Protocol: HTTP/1.1
Method: POST
Scheme: https
PathBase: 
Path: /addStamper
Host: localhost:5566
Content-Type: multipart/form-data; boundary="31bdaac4-3cf0-4ffc-ab63-50fbdcfb920e"
Content-Length: 265594 
2024-12-16 10:41:11.2457|DEBUG|No Content-Type header for request body. 
2024-12-16 10:41:11.2457|DEBUG|Unrecognized Content-Type for request body. 
2024-12-16 10:49:47.8201|INFO|Request:
Protocol: HTTP/1.1
Method: GET
Scheme: https
PathBase: 
Path: /
Host: localhost:5566 
2024-12-16 10:49:47.8201|DEBUG|No Content-Type header for request body. 
2024-12-16 10:49:49.9455|INFO|Request:
Protocol: HTTP/1.1
Method: POST
Scheme: https
PathBase: 
Path: /isProtected
Host: localhost:5566
Content-Type: multipart/form-data; boundary="30664b4a-8f36-47c3-8c27-d42f60933548"
Content-Length: 141435 
2024-12-16 10:49:49.9455|DEBUG|Unrecognized Content-Type for request body. 
2024-12-16 10:49:52.1648|INFO|Request:
Protocol: HTTP/1.1
Method: POST
Scheme: https
PathBase: 
Path: /addStamper
Host: localhost:5566
Content-Type: multipart/form-data; boundary="fc7e5540-59ec-4549-8b3b-851a38b004df"
Content-Length: 265594 
2024-12-16 10:49:52.1648|DEBUG|Unrecognized Content-Type for request body. 
2024-12-16 11:21:25.8443|INFO|Request:
Protocol: HTTP/1.1
Method: GET
Scheme: https
PathBase: 
Path: /
Host: localhost:5566 
2024-12-16 11:21:25.8443|DEBUG|No Content-Type header for request body. 
2024-12-16 11:21:27.9679|INFO|Request:
Protocol: HTTP/1.1
Method: POST
Scheme: https
PathBase: 
Path: /encryptPDF
Host: localhost:5566
Content-Type: multipart/form-data; boundary="686521d3-34ee-44b1-951c-13105c4c380a"
Content-Length: 141572 
2024-12-16 11:21:27.9679|DEBUG|Unrecognized Content-Type for request body. 
2024-12-16 11:24:40.7811|INFO|Request:
Protocol: HTTP/1.1
Method: GET
Scheme: https
PathBase: 
Path: /
Host: localhost:5566 
2024-12-16 11:24:40.7811|DEBUG|No Content-Type header for request body. 
2024-12-16 11:24:42.8909|INFO|Request:
Protocol: HTTP/1.1
Method: POST
Scheme: https
PathBase: 
Path: /encryptPDF
Host: localhost:5566
Content-Type: multipart/form-data; boundary="9e125d63-aed3-4eea-8ac7-6030768fefdc"
Content-Length: 141975 
2024-12-16 11:24:42.9045|DEBUG|Unrecognized Content-Type for request body. 
2024-12-16 11:24:45.1585|INFO|Request:
Protocol: HTTP/1.1
Method: POST
Scheme: https
PathBase: 
Path: /isProtected
Host: localhost:5566
Content-Type: multipart/form-data; boundary="bfd46628-4e52-4ee8-9b0e-875f4da4299e"
Content-Length: 141435 
2024-12-16 11:24:45.1585|DEBUG|Unrecognized Content-Type for request body. 
2024-12-16 11:24:47.2957|INFO|Request:
Protocol: HTTP/1.1
Method: POST
Scheme: https
PathBase: 
Path: /addStamper
Host: localhost:5566
Content-Type: multipart/form-data; boundary="d8eb86f6-81b0-4084-b581-4b7c9fcdfdc7"
Content-Length: 265594 
2024-12-16 11:24:47.2957|DEBUG|Unrecognized Content-Type for request body. 
2024-12-16 11:33:13.0449|INFO|Request:
Protocol: HTTP/1.1
Method: GET
Scheme: https
PathBase: 
Path: /
Host: localhost:5566 
2024-12-16 11:33:13.0449|DEBUG|No Content-Type header for request body. 
2024-12-16 11:33:15.2148|INFO|Request:
Protocol: HTTP/1.1
Method: POST
Scheme: https
PathBase: 
Path: /addFiles
Host: localhost:5566
Content-Type: multipart/form-data; boundary="8e0663b7-8e04-4fee-bbe4-897ca560e505"
Content-Length: 264499 
2024-12-16 11:33:15.2148|DEBUG|Unrecognized Content-Type for request body. 
2024-12-16 11:33:17.6094|INFO|Request:
Protocol: HTTP/1.1
Method: POST
Scheme: https
PathBase: 
Path: /encryptPDF
Host: localhost:5566
Content-Type: multipart/form-data; boundary="9b378f72-9302-487e-804e-97307f40075b"
Content-Length: 141975 
2024-12-16 11:33:17.6094|DEBUG|Unrecognized Content-Type for request body. 
2024-12-16 11:33:19.7192|INFO|Request:
Protocol: HTTP/1.1
Method: POST
Scheme: https
PathBase: 
Path: /isProtected
Host: localhost:5566
Content-Type: multipart/form-data; boundary="c27cca20-7059-4777-8643-88c9fad4c56d"
Content-Length: 141435 
2024-12-16 11:33:19.7192|DEBUG|Unrecognized Content-Type for request body. 
2024-12-16 11:33:21.8088|INFO|Request:
Protocol: HTTP/1.1
Method: POST
Scheme: https
PathBase: 
Path: /addStamper
Host: localhost:5566
Content-Type: multipart/form-data; boundary="9da09aea-dd33-499f-97e6-63d374e79aa4"
Content-Length: 265594 
2024-12-16 11:33:21.8088|DEBUG|Unrecognized Content-Type for request body. 
2024-12-16 11:47:43.3520|INFO|Request:
Protocol: HTTP/1.1
Method: GET
Scheme: https
PathBase: 
Path: /
Host: localhost:5566 
2024-12-16 11:47:43.3520|DEBUG|No Content-Type header for request body. 
2024-12-16 11:47:45.4771|INFO|Request:
Protocol: HTTP/1.1
Method: POST
Scheme: https
PathBase: 
Path: /searchText
Host: localhost:5566
Content-Type: multipart/form-data; boundary="81ba57c9-1389-468d-9b99-5a3e074485c3"
Content-Length: 141581 
2024-12-16 11:47:45.4771|DEBUG|Unrecognized Content-Type for request body. 
2024-12-16 11:50:51.7906|INFO|Request:
Protocol: HTTP/1.1
Method: GET
Scheme: https
PathBase: 
Path: /
Host: localhost:5566 
2024-12-16 11:50:51.7906|DEBUG|No Content-Type header for request body. 
2024-12-16 11:50:53.9015|INFO|Request:
Protocol: HTTP/1.1
Method: POST
Scheme: https
PathBase: 
Path: /searchTextChunk
Host: localhost:5566
Content-Type: multipart/form-data; boundary="dc7dc9b9-d917-4ea6-8cda-b2b342126c65"
Content-Length: 141581 
2024-12-16 11:50:53.9015|DEBUG|Unrecognized Content-Type for request body. 
2024-12-16 11:55:10.0842|INFO|Request:
Protocol: HTTP/1.1
Method: GET
Scheme: https
PathBase: 
Path: /
Host: localhost:5566 
2024-12-16 11:55:10.0842|DEBUG|No Content-Type header for request body. 
2024-12-16 11:55:12.2098|INFO|Request:
Protocol: HTTP/1.1
Method: POST
Scheme: https
PathBase: 
Path: /getTextFullList
Host: localhost:5566
Content-Type: multipart/form-data; boundary="1ae222ce-0e3f-49a6-9cb8-71b4c66ab93f"
Content-Length: 141435 
2024-12-16 11:55:12.2098|DEBUG|Unrecognized Content-Type for request body. 
2024-12-16 11:55:14.4133|INFO|Request:
Protocol: HTTP/1.1
Method: POST
Scheme: https
PathBase: 
Path: /getTextChunkList
Host: localhost:5566
Content-Type: multipart/form-data; boundary="69ba920d-8a02-4a96-af28-d0fdffc1548b"
Content-Length: 141435 
2024-12-16 11:55:14.4133|DEBUG|Unrecognized Content-Type for request body. 
2024-12-16 11:55:40.2446|INFO|Request:
Protocol: HTTP/1.1
Method: POST
Scheme: https
PathBase: 
Path: /searchTextChunk
Host: localhost:5566
Content-Type: multipart/form-data; boundary="9b587f42-2378-4689-a8cd-17cae00926c1"
Content-Length: 141581 
2024-12-16 11:55:40.2446|DEBUG|Unrecognized Content-Type for request body. 
2024-12-16 11:55:43.1799|INFO|Request:
Protocol: HTTP/1.1
Method: POST
Scheme: https
PathBase: 
Path: /searchText
Host: localhost:5566
Content-Type: multipart/form-data; boundary="17eaf416-c593-4526-acc8-88bf859532c8"
Content-Length: 141581 
2024-12-16 11:55:43.1799|DEBUG|Unrecognized Content-Type for request body. 
2024-12-16 11:55:46.2122|INFO|Request:
Protocol: HTTP/1.1
Method: POST
Scheme: https
PathBase: 
Path: /addFiles
Host: localhost:5566
Content-Type: multipart/form-data; boundary="a04e39af-d51c-4eaf-a316-abae8e64a019"
Content-Length: 264499 
2024-12-16 11:55:46.2122|DEBUG|Unrecognized Content-Type for request body. 
