2024-12-16 10:41:11.0883|DEBUG|Connection id "0HN8TFCD00B5U" accepted. 
2024-12-16 10:41:11.0883|DEBUG|Connection id "0HN8TFCD00B5U" started. 
2024-12-16 10:41:11.1305|DEBUG|Connection id "0HN8TFCD00B5V" accepted. 
2024-12-16 10:41:11.1305|DEBUG|Connection id "0HN8TFCD00B5V" started. 
2024-12-16 10:41:11.2784|DEBUG|Connection id "0HN8TFCD00B5U" completed keep alive response. 
2024-12-16 10:41:39.0086|DEBUG|Connection id "0HN8TFCD00B5V" completed keep alive response. 
2024-12-16 10:41:40.8027|DEBUG|Connection id "0HN8TFCD00B5U" disconnecting. 
2024-12-16 10:41:40.8027|DEBUG|Connection id "0HN8TFCD00B5V" disconnecting. 
2024-12-16 10:41:40.9267|DEBUG|Connection id "0HN8TFCD00B5U" stopped. 
2024-12-16 10:41:40.9267|DEBUG|Connection id "0HN8TFCD00B5V" stopped. 
2024-12-16 10:49:47.6893|DEBUG|Connection id "0HN8TFH6UMF8L" accepted. 
2024-12-16 10:49:47.6893|DEBUG|Connection id "0HN8TFH6UMF8L" started. 
2024-12-16 10:49:47.8559|DEBUG|Connection id "0HN8TFH6UMF8L" completed keep alive response. 
2024-12-16 10:49:49.9338|DEBUG|Connection id "0HN8TFH6UMF8M" accepted. 
2024-12-16 10:49:49.9338|DEBUG|Connection id "0HN8TFH6UMF8M" started. 
2024-12-16 10:49:50.0463|DEBUG|Connection id "0HN8TFH6UMF8M" completed keep alive response. 
2024-12-16 10:49:52.1567|DEBUG|Connection id "0HN8TFH6UMF8N" accepted. 
2024-12-16 10:49:52.1567|DEBUG|Connection id "0HN8TFH6UMF8N" started. 
2024-12-16 10:50:02.7364|DEBUG|Connection id "0HN8TFH6UMF8M" disconnecting. 
2024-12-16 10:50:02.8077|DEBUG|Connection id "0HN8TFH6UMF8M" stopped. 
2024-12-16 10:50:06.7241|DEBUG|Connection id "0HN8TFH6UMF8N" completed keep alive response. 
2024-12-16 10:50:12.3843|DEBUG|Connection id "0HN8TFH6UMF8L" disconnecting. 
2024-12-16 10:50:12.3975|DEBUG|Connection id "0HN8TFH6UMF8N" disconnecting. 
2024-12-16 10:50:12.5168|DEBUG|Connection id "0HN8TFH6UMF8L" stopped. 
2024-12-16 10:50:12.5228|DEBUG|Connection id "0HN8TFH6UMF8N" stopped. 
2024-12-16 11:21:25.7137|DEBUG|Connection id "0HN8TG2SJLH42" accepted. 
2024-12-16 11:21:25.7137|DEBUG|Connection id "0HN8TG2SJLH42" started. 
2024-12-16 11:21:25.8730|DEBUG|Connection id "0HN8TG2SJLH42" completed keep alive response. 
2024-12-16 11:21:27.9498|DEBUG|Connection id "0HN8TG2SJLH43" accepted. 
2024-12-16 11:21:27.9498|DEBUG|Connection id "0HN8TG2SJLH43" started. 
2024-12-16 11:21:28.1280|DEBUG|Connection id "0HN8TG2SJLH43" completed keep alive response. 
2024-12-16 11:21:41.5075|DEBUG|Connection id "0HN8TG2SJLH42" disconnecting. 
2024-12-16 11:21:41.5075|DEBUG|Connection id "0HN8TG2SJLH43" disconnecting. 
2024-12-16 11:21:41.6128|DEBUG|Connection id "0HN8TG2SJLH43" stopped. 
2024-12-16 11:21:41.6128|DEBUG|Connection id "0HN8TG2SJLH42" stopped. 
2024-12-16 11:24:40.6548|DEBUG|Connection id "0HN8TG4MMOR5K" accepted. 
2024-12-16 11:24:40.6548|DEBUG|Connection id "0HN8TG4MMOR5K" started. 
2024-12-16 11:24:40.8103|DEBUG|Connection id "0HN8TG4MMOR5K" completed keep alive response. 
2024-12-16 11:24:42.8829|DEBUG|Connection id "0HN8TG4MMOR5L" accepted. 
2024-12-16 11:24:42.8829|DEBUG|Connection id "0HN8TG4MMOR5L" started. 
2024-12-16 11:24:43.1076|DEBUG|Connection id "0HN8TG4MMOR5L" completed keep alive response. 
2024-12-16 11:24:45.1503|DEBUG|Connection id "0HN8TG4MMOR5M" accepted. 
2024-12-16 11:24:45.1503|DEBUG|Connection id "0HN8TG4MMOR5M" started. 
2024-12-16 11:24:45.1696|DEBUG|Connection id "0HN8TG4MMOR5M" completed keep alive response. 
2024-12-16 11:24:47.2879|DEBUG|Connection id "0HN8TG4MMOR5N" accepted. 
2024-12-16 11:24:47.2879|DEBUG|Connection id "0HN8TG4MMOR5N" started. 
2024-12-16 11:24:57.9241|DEBUG|Connection id "0HN8TG4MMOR5M" disconnecting. 
2024-12-16 11:24:58.0123|DEBUG|Connection id "0HN8TG4MMOR5M" stopped. 
2024-12-16 11:24:58.0204|DEBUG|Connection id "0HN8TG4MMOR5N" completed keep alive response. 
2024-12-16 11:24:58.0351|DEBUG|Connection id "0HN8TG4MMOR5L" disconnecting. 
2024-12-16 11:24:58.0453|DEBUG|Connection id "0HN8TG4MMOR5K" disconnecting. 
2024-12-16 11:24:58.0453|DEBUG|Connection id "0HN8TG4MMOR5N" disconnecting. 
2024-12-16 11:24:58.2486|DEBUG|Connection id "0HN8TG4MMOR5N" stopped. 
2024-12-16 11:24:58.2486|DEBUG|Connection id "0HN8TG4MMOR5K" stopped. 
2024-12-16 11:24:58.2486|DEBUG|Connection id "0HN8TG4MMOR5L" stopped. 
2024-12-16 11:33:12.8754|DEBUG|Connection id "0HN8TG9FBM5DI" accepted. 
2024-12-16 11:33:12.8754|DEBUG|Connection id "0HN8TG9FBM5DI" started. 
2024-12-16 11:33:13.0893|DEBUG|Connection id "0HN8TG9FBM5DI" completed keep alive response. 
2024-12-16 11:33:15.1993|DEBUG|Connection id "0HN8TG9FBM5DJ" accepted. 
2024-12-16 11:33:15.1993|DEBUG|Connection id "0HN8TG9FBM5DJ" started. 
2024-12-16 11:33:15.5512|DEBUG|Connection id "0HN8TG9FBM5DJ" completed keep alive response. 
2024-12-16 11:33:17.5870|DEBUG|Connection id "0HN8TG9FBM5DK" accepted. 
2024-12-16 11:33:17.5870|DEBUG|Connection id "0HN8TG9FBM5DK" started. 
2024-12-16 11:33:17.6516|DEBUG|Connection id "0HN8TG9FBM5DK" completed keep alive response. 
2024-12-16 11:33:19.7088|DEBUG|Connection id "0HN8TG9FBM5DL" accepted. 
2024-12-16 11:33:19.7088|DEBUG|Connection id "0HN8TG9FBM5DL" started. 
2024-12-16 11:33:19.7309|DEBUG|Connection id "0HN8TG9FBM5DL" completed keep alive response. 
2024-12-16 11:33:21.8006|DEBUG|Connection id "0HN8TG9FBM5DM" accepted. 
2024-12-16 11:33:21.8006|DEBUG|Connection id "0HN8TG9FBM5DM" started. 
2024-12-16 11:33:34.7010|DEBUG|Connection id "0HN8TG9FBM5DM" completed keep alive response. 
2024-12-16 11:33:34.7742|DEBUG|Connection id "0HN8TG9FBM5DJ" disconnecting. 
2024-12-16 11:33:34.7742|DEBUG|Connection id "0HN8TG9FBM5DI" disconnecting. 
2024-12-16 11:33:34.7779|DEBUG|Connection id "0HN8TG9FBM5DM" disconnecting. 
2024-12-16 11:33:34.7779|DEBUG|Connection id "0HN8TG9FBM5DK" disconnecting. 
2024-12-16 11:33:34.7779|DEBUG|Connection id "0HN8TG9FBM5DL" disconnecting. 
2024-12-16 11:33:35.1002|DEBUG|Connection id "0HN8TG9FBM5DK" stopped. 
2024-12-16 11:33:35.1002|DEBUG|Connection id "0HN8TG9FBM5DJ" stopped. 
2024-12-16 11:33:35.1002|DEBUG|Connection id "0HN8TG9FBM5DM" stopped. 
2024-12-16 11:33:35.1002|DEBUG|Connection id "0HN8TG9FBM5DL" stopped. 
2024-12-16 11:33:35.1002|DEBUG|Connection id "0HN8TG9FBM5DI" stopped. 
2024-12-16 11:47:43.1756|DEBUG|Connection id "0HN8TGHINGMBS" accepted. 
2024-12-16 11:47:43.1756|DEBUG|Connection id "0HN8TGHINGMBS" started. 
2024-12-16 11:47:43.3847|DEBUG|Connection id "0HN8TGHINGMBS" completed keep alive response. 
2024-12-16 11:47:45.4641|DEBUG|Connection id "0HN8TGHINGMBT" accepted. 
2024-12-16 11:47:45.4641|DEBUG|Connection id "0HN8TGHINGMBT" started. 
2024-12-16 11:47:45.6976|DEBUG|Connection id "0HN8TGHINGMBT" completed keep alive response. 
2024-12-16 11:50:51.6555|DEBUG|Connection id "0HN8TGJAT06PH" accepted. 
2024-12-16 11:50:51.6555|DEBUG|Connection id "0HN8TGJAT06PH" started. 
2024-12-16 11:50:51.8248|DEBUG|Connection id "0HN8TGJAT06PH" completed keep alive response. 
2024-12-16 11:50:53.8883|DEBUG|Connection id "0HN8TGJAT06PI" accepted. 
2024-12-16 11:50:53.8883|DEBUG|Connection id "0HN8TGJAT06PI" started. 
2024-12-16 11:50:54.0564|DEBUG|Connection id "0HN8TGJAT06PI" completed keep alive response. 
2024-12-16 11:55:09.9582|DEBUG|Connection id "0HN8TGLNSBTO1" accepted. 
2024-12-16 11:55:09.9599|DEBUG|Connection id "0HN8TGLNSBTO1" started. 
2024-12-16 11:55:10.1169|DEBUG|Connection id "0HN8TGLNSBTO1" completed keep alive response. 
2024-12-16 11:55:12.1936|DEBUG|Connection id "0HN8TGLNSBTO2" accepted. 
2024-12-16 11:55:12.1936|DEBUG|Connection id "0HN8TGLNSBTO2" started. 
2024-12-16 11:55:12.3694|DEBUG|Connection id "0HN8TGLNSBTO2" completed keep alive response. 
2024-12-16 11:55:14.4054|DEBUG|Connection id "0HN8TGLNSBTO3" accepted. 
2024-12-16 11:55:14.4054|DEBUG|Connection id "0HN8TGLNSBTO3" started. 
2024-12-16 11:55:14.4461|DEBUG|Connection id "0HN8TGLNSBTO3" completed keep alive response. 
2024-12-16 11:55:40.1972|DEBUG|Connection id "0HN8TGLNSBTO4" accepted. 
2024-12-16 11:55:40.1972|DEBUG|Connection id "0HN8TGLNSBTO4" started. 
2024-12-16 11:55:40.2752|DEBUG|Connection id "0HN8TGLNSBTO4" completed keep alive response. 
2024-12-16 11:55:43.1799|DEBUG|Connection id "0HN8TGLNSBTO5" accepted. 
2024-12-16 11:55:43.1799|DEBUG|Connection id "0HN8TGLNSBTO5" started. 
2024-12-16 11:55:43.1962|DEBUG|Connection id "0HN8TGLNSBTO5" completed keep alive response. 
2024-12-16 11:55:46.2023|DEBUG|Connection id "0HN8TGLNSBTO6" accepted. 
2024-12-16 11:55:46.2023|DEBUG|Connection id "0HN8TGLNSBTO6" started. 
2024-12-16 11:55:46.3178|DEBUG|Connection id "0HN8TGLNSBTO6" completed keep alive response. 
