2024-12-16 10:41:11.2356|DEBUG|Request matched endpoint 'HTTP: POST /addStamper' 
2024-12-16 10:41:11.2356|DEBUG|Request matched endpoint 'HTTP: GET /' 
2024-12-16 10:41:11.2356|TRACE|The endpoint does not specify the IRequestSizeLimitMetadata. 
2024-12-16 10:41:11.2356|TRACE|The endpoint does not specify the IRequestSizeLimitMetadata. 
2024-12-16 10:49:47.8143|DEBUG|Request matched endpoint 'HTTP: GET /' 
2024-12-16 10:49:47.8143|TRACE|The endpoint does not specify the IRequestSizeLimitMetadata. 
2024-12-16 10:49:49.9455|DEBUG|Request matched endpoint 'HTTP: POST /isProtected' 
2024-12-16 10:49:49.9455|TRACE|The endpoint does not specify the IRequestSizeLimitMetadata. 
2024-12-16 10:49:52.1648|DEBUG|Request matched endpoint 'HTTP: POST /addStamper' 
2024-12-16 10:49:52.1648|TRACE|The endpoint does not specify the IRequestSizeLimitMetadata. 
2024-12-16 11:21:25.8443|DEBUG|Request matched endpoint 'HTTP: GET /' 
2024-12-16 11:21:25.8443|TRACE|The endpoint does not specify the IRequestSizeLimitMetadata. 
2024-12-16 11:21:27.9572|DEBUG|Request matched endpoint 'HTTP: POST /encryptPDF' 
2024-12-16 11:21:27.9572|TRACE|The endpoint does not specify the IRequestSizeLimitMetadata. 
2024-12-16 11:24:40.7811|DEBUG|Request matched endpoint 'HTTP: GET /' 
2024-12-16 11:24:40.7811|TRACE|The endpoint does not specify the IRequestSizeLimitMetadata. 
2024-12-16 11:24:42.8909|DEBUG|Request matched endpoint 'HTTP: POST /encryptPDF' 
2024-12-16 11:24:42.8909|TRACE|The endpoint does not specify the IRequestSizeLimitMetadata. 
2024-12-16 11:24:45.1585|DEBUG|Request matched endpoint 'HTTP: POST /isProtected' 
2024-12-16 11:24:45.1585|TRACE|The endpoint does not specify the IRequestSizeLimitMetadata. 
2024-12-16 11:24:47.2957|DEBUG|Request matched endpoint 'HTTP: POST /addStamper' 
2024-12-16 11:24:47.2957|TRACE|The endpoint does not specify the IRequestSizeLimitMetadata. 
2024-12-16 11:33:13.0449|DEBUG|Request matched endpoint 'HTTP: GET /' 
2024-12-16 11:33:13.0449|TRACE|The endpoint does not specify the IRequestSizeLimitMetadata. 
2024-12-16 11:33:15.2148|DEBUG|Request matched endpoint 'HTTP: POST /addFiles' 
2024-12-16 11:33:15.2148|TRACE|The endpoint does not specify the IRequestSizeLimitMetadata. 
2024-12-16 11:33:17.6094|DEBUG|Request matched endpoint 'HTTP: POST /encryptPDF' 
2024-12-16 11:33:17.6094|TRACE|The endpoint does not specify the IRequestSizeLimitMetadata. 
2024-12-16 11:33:19.7192|DEBUG|Request matched endpoint 'HTTP: POST /isProtected' 
2024-12-16 11:33:19.7192|TRACE|The endpoint does not specify the IRequestSizeLimitMetadata. 
2024-12-16 11:33:21.8088|DEBUG|Request matched endpoint 'HTTP: POST /addStamper' 
2024-12-16 11:33:21.8088|TRACE|The endpoint does not specify the IRequestSizeLimitMetadata. 
2024-12-16 11:47:43.3458|DEBUG|Request matched endpoint 'HTTP: GET /' 
2024-12-16 11:47:43.3458|TRACE|The endpoint does not specify the IRequestSizeLimitMetadata. 
2024-12-16 11:47:45.4771|DEBUG|Request matched endpoint 'HTTP: POST /searchText' 
2024-12-16 11:47:45.4771|TRACE|The endpoint does not specify the IRequestSizeLimitMetadata. 
2024-12-16 11:50:51.7906|DEBUG|Request matched endpoint 'HTTP: GET /' 
2024-12-16 11:50:51.7906|TRACE|The endpoint does not specify the IRequestSizeLimitMetadata. 
2024-12-16 11:50:53.9015|DEBUG|Request matched endpoint 'HTTP: POST /searchTextChunk' 
2024-12-16 11:50:53.9015|TRACE|The endpoint does not specify the IRequestSizeLimitMetadata. 
2024-12-16 11:55:10.0842|DEBUG|Request matched endpoint 'HTTP: GET /' 
2024-12-16 11:55:10.0842|TRACE|The endpoint does not specify the IRequestSizeLimitMetadata. 
2024-12-16 11:55:12.2021|DEBUG|Request matched endpoint 'HTTP: POST /getTextFullList' 
2024-12-16 11:55:12.2021|TRACE|The endpoint does not specify the IRequestSizeLimitMetadata. 
2024-12-16 11:55:14.4133|DEBUG|Request matched endpoint 'HTTP: POST /getTextChunkList' 
2024-12-16 11:55:14.4133|TRACE|The endpoint does not specify the IRequestSizeLimitMetadata. 
2024-12-16 11:55:40.2446|DEBUG|Request matched endpoint 'HTTP: POST /searchTextChunk' 
2024-12-16 11:55:40.2446|TRACE|The endpoint does not specify the IRequestSizeLimitMetadata. 
2024-12-16 11:55:43.1799|DEBUG|Request matched endpoint 'HTTP: POST /searchText' 
2024-12-16 11:55:43.1799|TRACE|The endpoint does not specify the IRequestSizeLimitMetadata. 
2024-12-16 11:55:46.2122|DEBUG|Request matched endpoint 'HTTP: POST /addFiles' 
2024-12-16 11:55:46.2122|TRACE|The endpoint does not specify the IRequestSizeLimitMetadata. 
